#
# There is insufficient memory for the Java Runtime Environment to continue.
# Native memory allocation (mmap) failed to map 63963136 bytes for Failed to commit area from 0x0000000089a00000 to 0x000000008d700000 of length 63963136.
# Possible reasons:
#   The system is out of physical RAM or swap space
#   The process is running with CompressedOops enabled, and the Java Heap may be blocking the growth of the native heap
# Possible solutions:
#   Reduce memory load on the system
#   Increase physical memory or swap space
#   Check if swap backing store is full
#   Decrease Java heap size (-Xmx/-Xms)
#   Decrease number of Java threads
#   Decrease Java thread stack sizes (-Xss)
#   Set larger code cache with -XX:ReservedCodeCacheSize=
#   JVM is running with Unscaled Compressed Oops mode in which the Java heap is
#     placed in the first 4GB address space. The Java Heap base address is the
#     maximum limit for the native heap growth. Please use -XX:HeapBaseMinAddress
#     to set the Java Heap base and to place the Java Heap above 4GB virtual address.
# This output file may be truncated or incomplete.
#
#  Out of Memory Error (./open/src/hotspot/os/windows/os_windows.cpp:3287), pid=22136, tid=28944
#
# JRE version: Java(TM) SE Runtime Environment 18.9 (11.0.16+11) (build 11.0.16+11-LTS-199)
# Java VM: Java HotSpot(TM) 64-Bit Server VM 18.9 (11.0.16+11-LTS-199, mixed mode, tiered, compressed oops, g1 gc, windows-amd64)
# No core dump will be written. Minidumps are not enabled by default on client versions of Windows
#

---------------  S U M M A R Y ------------

Command Line: -Dclassworlds.conf=C:\Users\sfjbs\Downloads\micro service-20221125T023524Z-001\micro service\apache-maven-3.8.5-bin\apache-maven-3.8.5\bin\m2.conf -Dmaven.home=C:\Users\sfjbs\Downloads\micro service-20221125T023524Z-001\micro service\apache-maven-3.8.5-bin\apache-maven-3.8.5 -Dlibrary.jansi.path=C:\Users\sfjbs\Downloads\micro service-20221125T023524Z-001\micro service\apache-maven-3.8.5-bin\apache-maven-3.8.5\lib\jansi-native -Dmaven.multiModuleProjectDirectory=C:\Users\sfjbs\Downloads\rama\rama\Day6\student-microservice-security org.codehaus.plexus.classworlds.launcher.Launcher clean install

Host: Intel(R) Xeon(R) Platinum 8272CL CPU @ 2.60GHz, 2 cores, 7G,  Windows 10 , 64 bit Build 19041 (10.0.19041.2251)
Time: Tue Dec  6 06:22:36 2022 Coordinated Universal Time elapsed time: 12.118570 seconds (0d 0h 0m 12s)

---------------  T H R E A D  ---------------

Current thread (0x000001bf71bab800):  VMThread "VM Thread" [stack: 0x0000003e87800000,0x0000003e87900000] [id=28944]

Stack: [0x0000003e87800000,0x0000003e87900000]
[error occurred during error reporting (printing stack bounds), id 0xc0000005, EXCEPTION_ACCESS_VIOLATION (0xc0000005) at pc=0x000001bf5b7a10e7]

Native frames: (J=compiled Java code, j=interpreted, Vv=VM code, C=native code)
V  [jvm.dll+0x62a3ea]
V  [jvm.dll+0x76418f]
V  [jvm.dll+0x765839]
V  [jvm.dll+0x765e25]
V  [jvm.dll+0x765ddb]
V  [jvm.dll+0x6298d3]
V  [jvm.dll+0x629fe8]
C  [ntdll.dll+0xa241f]
C  [ntdll.dll+0x514a4]
C  [ntdll.dll+0xa0f4e]
C  0x000001bf5b7a10e7

VM_Operation (0x0000003e884fec70): G1CollectForAllocation, mode: safepoint, requested by thread 0x000001bf72645800


---------------  P R O C E S S  ---------------

Threads class SMR info:
_java_thread_list=0x000001bf73bdaae0, length=15, elements={
0x000001bf52907000, 0x000001bf71bac800, 0x000001bf71bad800, 0x000001bf71bc9000,
0x000001bf71bcd000, 0x000001bf71bce800, 0x000001bf71bd0800, 0x000001bf71bdc800,
0x000001bf71be1800, 0x000001bf726b6800, 0x000001bf72645800, 0x000001bf725f8000,
0x000001bf725f9000, 0x000001bf7532c800, 0x000001bf74dac000
}

Java Threads: ( => current thread )
  0x000001bf52907000 JavaThread "main" [_thread_blocked, id=14152, stack(0x0000003e87200000,0x0000003e87300000)]
  0x000001bf71bac800 JavaThread "Reference Handler" daemon [_thread_blocked, id=34056, stack(0x0000003e87900000,0x0000003e87a00000)]
  0x000001bf71bad800 JavaThread "Finalizer" daemon [_thread_blocked, id=16216, stack(0x0000003e87a00000,0x0000003e87b00000)]
  0x000001bf71bc9000 JavaThread "Signal Dispatcher" daemon [_thread_blocked, id=6060, stack(0x0000003e87b00000,0x0000003e87c00000)]
  0x000001bf71bcd000 JavaThread "Attach Listener" daemon [_thread_blocked, id=34216, stack(0x0000003e87c00000,0x0000003e87d00000)]
  0x000001bf71bce800 JavaThread "Service Thread" daemon [_thread_blocked, id=21480, stack(0x0000003e87d00000,0x0000003e87e00000)]
  0x000001bf71bd0800 JavaThread "C2 CompilerThread0" daemon [_thread_blocked, id=24756, stack(0x0000003e87e00000,0x0000003e87f00000)]
  0x000001bf71bdc800 JavaThread "C1 CompilerThread0" daemon [_thread_blocked, id=11196, stack(0x0000003e87f00000,0x0000003e88000000)]
  0x000001bf71be1800 JavaThread "Sweeper thread" daemon [_thread_blocked, id=16004, stack(0x0000003e88000000,0x0000003e88100000)]
  0x000001bf726b6800 JavaThread "Common-Cleaner" daemon [_thread_blocked, id=7148, stack(0x0000003e88200000,0x0000003e88300000)]
  0x000001bf72645800 JavaThread "resolver-1" daemon [_thread_blocked, id=21412, stack(0x0000003e88400000,0x0000003e88500000)]
  0x000001bf725f8000 JavaThread "resolver-2" daemon [_thread_blocked, id=18648, stack(0x0000003e88500000,0x0000003e88600000)]
  0x000001bf725f9000 JavaThread "resolver-3" daemon [_thread_blocked, id=17476, stack(0x0000003e88600000,0x0000003e88700000)]
  0x000001bf7532c800 JavaThread "resolver-4" daemon [_thread_blocked, id=10304, stack(0x0000003e88700000,0x0000003e88800000)]
  0x000001bf74dac000 JavaThread "resolver-5" daemon [_thread_blocked, id=25916, stack(0x0000003e88800000,0x0000003e88900000)]

Other Threads:
=>0x000001bf71bab800 VMThread "VM Thread" [stack: 0x0000003e87800000,0x0000003e87900000] [id=28944]
  0x000001bf726af800 WatcherThread [stack: 0x0000003e88100000,0x0000003e88200000] [id=9088]
  0x000001bf5291b000 GCTaskThread "GC Thread#0" [stack: 0x0000003e87300000,0x0000003e87400000] [id=7788]
  0x000001bf72ef7000 GCTaskThread "GC Thread#1" [stack: 0x0000003e88300000,0x0000003e88400000] [id=20848]
  0x000001bf5294b800 ConcurrentGCThread "G1 Main Marker" [stack: 0x0000003e87400000,0x0000003e87500000] [id=32832]
  0x000001bf5294e000 ConcurrentGCThread "G1 Conc#0" [stack: 0x0000003e87500000,0x0000003e87600000] [id=18972]
  0x000001bf529d8800 ConcurrentGCThread "G1 Refine#0" [stack: 0x0000003e87600000,0x0000003e87700000] [id=28108]
  0x000001bf529da800 ConcurrentGCThread "G1 Young RemSet Sampling" [stack: 0x0000003e87700000,0x0000003e87800000] [id=15516]

Threads with active compile tasks:
C2 CompilerThread0    12136 6017       4       java.util.concurrent.ConcurrentHashMap::putAll (63 bytes)

VM state:at safepoint (normal execution)

VM Mutex/Monitor currently owned by a thread:  ([mutex/lock_event])
[0x000001bf529017c0] Threads_lock - owner thread: 0x000001bf71bab800
[0x000001bf52901f10] Heap_lock - owner thread: 0x000001bf72645800

Heap address: 0x0000000080000000, size: 2048 MB, Compressed Oops mode: 32-bit
Narrow klass base: 0x0000000000000000, Narrow klass shift: 3
Compressed class space size: 1073741824 Address: 0x0000000100000000

Heap:
 garbage-first heap   total 220160K, used 31232K [0x0000000080000000, 0x0000000100000000)
  region size 1024K, 4 young (4096K), 4 survivors (4096K)
 Metaspace       used 34223K, capacity 34974K, committed 35072K, reserved 1081344K
  class space    used 3547K, capacity 3807K, committed 3840K, reserved 1048576K
Heap Regions: E=young(eden), S=young(survivor), O=old, HS=humongous(starts), HC=humongous(continues), CS=collection set, F=free, A=archive, TAMS=top-at-mark-start (previous, next)
|   0|0x0000000080000000, 0x0000000080100000, 0x0000000080100000|100%| O|  |TAMS 0x0000000080100000, 0x0000000080000000| Untracked 
|   1|0x0000000080100000, 0x0000000080200000, 0x0000000080200000|100%| O|  |TAMS 0x0000000080200000, 0x0000000080100000| Untracked 
|   2|0x0000000080200000, 0x0000000080300000, 0x0000000080300000|100%| O|  |TAMS 0x0000000080200000, 0x0000000080200000| Untracked 
|   3|0x0000000080300000, 0x0000000080400000, 0x0000000080400000|100%| O|  |TAMS 0x0000000080300000, 0x0000000080300000| Untracked 
|   4|0x0000000080400000, 0x0000000080500000, 0x0000000080500000|100%| O|  |TAMS 0x0000000080400000, 0x0000000080400000| Untracked 
|   5|0x0000000080500000, 0x0000000080600000, 0x0000000080600000|100%| O|  |TAMS 0x0000000080500000, 0x0000000080500000| Untracked 
|   6|0x0000000080600000, 0x0000000080700000, 0x0000000080700000|100%| O|  |TAMS 0x0000000080600000, 0x0000000080600000| Untracked 
|   7|0x0000000080700000, 0x0000000080800000, 0x0000000080800000|100%| O|  |TAMS 0x0000000080700000, 0x0000000080700000| Untracked 
|   8|0x0000000080800000, 0x0000000080900000, 0x0000000080900000|100%| O|  |TAMS 0x0000000080800000, 0x0000000080800000| Untracked 
|   9|0x0000000080900000, 0x0000000080a00000, 0x0000000080a00000|100%| O|  |TAMS 0x0000000080900000, 0x0000000080900000| Untracked 
|  10|0x0000000080a00000, 0x0000000080b00000, 0x0000000080b00000|100%| O|  |TAMS 0x0000000080a00000, 0x0000000080a00000| Untracked 
|  11|0x0000000080b00000, 0x0000000080c00000, 0x0000000080c00000|100%| O|  |TAMS 0x0000000080b00000, 0x0000000080b00000| Untracked 
|  12|0x0000000080c00000, 0x0000000080d00000, 0x0000000080d00000|100%| O|  |TAMS 0x0000000080c00000, 0x0000000080c00000| Untracked 
|  13|0x0000000080d00000, 0x0000000080e00000, 0x0000000080e00000|100%| O|  |TAMS 0x0000000080d00000, 0x0000000080d00000| Untracked 
|  14|0x0000000080e00000, 0x0000000080f00000, 0x0000000080f00000|100%| O|  |TAMS 0x0000000080e00000, 0x0000000080e00000| Untracked 
|  15|0x0000000080f00000, 0x0000000081000000, 0x0000000081000000|100%| O|  |TAMS 0x0000000080f00000, 0x0000000080f00000| Untracked 
|  16|0x0000000081000000, 0x0000000081100000, 0x0000000081100000|100%| O|  |TAMS 0x0000000081000000, 0x0000000081000000| Untracked 
|  17|0x0000000081100000, 0x0000000081200000, 0x0000000081200000|100%| O|  |TAMS 0x0000000081100000, 0x0000000081100000| Untracked 
|  18|0x0000000081200000, 0x0000000081300000, 0x0000000081300000|100%| O|  |TAMS 0x0000000081200000, 0x0000000081200000| Untracked 
|  19|0x0000000081300000, 0x0000000081400000, 0x0000000081400000|100%| O|  |TAMS 0x0000000081300000, 0x0000000081300000| Untracked 
|  20|0x0000000081400000, 0x0000000081500000, 0x0000000081500000|100%| O|  |TAMS 0x0000000081400000, 0x0000000081400000| Untracked 
|  21|0x0000000081500000, 0x0000000081600000, 0x0000000081600000|100%| O|  |TAMS 0x0000000081500000, 0x0000000081500000| Untracked 
|  22|0x0000000081600000, 0x0000000081700000, 0x0000000081700000|100%| O|  |TAMS 0x0000000081600000, 0x0000000081600000| Untracked 
|  23|0x0000000081700000, 0x0000000081800000, 0x0000000081800000|100%|HS|  |TAMS 0x0000000081700000, 0x0000000081700000| Complete 
|  24|0x0000000081800000, 0x0000000081900000, 0x0000000081900000|100%| O|  |TAMS 0x0000000081800000, 0x0000000081800000| Untracked 
|  25|0x0000000081900000, 0x0000000081a00000, 0x0000000081a00000|100%| O|  |TAMS 0x0000000081900000, 0x0000000081900000| Untracked 
|  26|0x0000000081a00000, 0x0000000081b00000, 0x0000000081b00000|100%| O|  |TAMS 0x0000000081a00000, 0x0000000081a00000| Untracked 
|  27|0x0000000081b00000, 0x0000000081b00000, 0x0000000081c00000|  0%| F|  |TAMS 0x0000000081b00000, 0x0000000081b00000| Untracked 
|  28|0x0000000081c00000, 0x0000000081c00000, 0x0000000081d00000|  0%| F|  |TAMS 0x0000000081c00000, 0x0000000081c00000| Untracked 
|  29|0x0000000081d00000, 0x0000000081d00000, 0x0000000081e00000|  0%| F|  |TAMS 0x0000000081d00000, 0x0000000081d00000| Untracked 
|  30|0x0000000081e00000, 0x0000000081e00000, 0x0000000081f00000|  0%| F|  |TAMS 0x0000000081e00000, 0x0000000081e00000| Untracked 
|  31|0x0000000081f00000, 0x0000000081f00000, 0x0000000082000000|  0%| F|  |TAMS 0x0000000081f00000, 0x0000000081f00000| Untracked 
|  32|0x0000000082000000, 0x0000000082000000, 0x0000000082100000|  0%| F|  |TAMS 0x0000000082000000, 0x0000000082000000| Untracked 
|  33|0x0000000082100000, 0x0000000082100000, 0x0000000082200000|  0%| F|  |TAMS 0x0000000082100000, 0x0000000082100000| Untracked 
|  34|0x0000000082200000, 0x0000000082200000, 0x0000000082300000|  0%| F|  |TAMS 0x0000000082200000, 0x0000000082200000| Untracked 
|  35|0x0000000082300000, 0x0000000082300000, 0x0000000082400000|  0%| F|  |TAMS 0x0000000082300000, 0x0000000082300000| Untracked 
|  36|0x0000000082400000, 0x0000000082400000, 0x0000000082500000|  0%| F|  |TAMS 0x0000000082400000, 0x0000000082400000| Untracked 
|  37|0x0000000082500000, 0x0000000082500000, 0x0000000082600000|  0%| F|  |TAMS 0x0000000082500000, 0x0000000082500000| Untracked 
|  38|0x0000000082600000, 0x0000000082600000, 0x0000000082700000|  0%| F|  |TAMS 0x0000000082600000, 0x0000000082600000| Untracked 
|  39|0x0000000082700000, 0x0000000082700000, 0x0000000082800000|  0%| F|  |TAMS 0x0000000082700000, 0x0000000082700000| Untracked 
|  40|0x0000000082800000, 0x0000000082800000, 0x0000000082900000|  0%| F|  |TAMS 0x0000000082800000, 0x0000000082800000| Untracked 
|  41|0x0000000082900000, 0x0000000082900000, 0x0000000082a00000|  0%| F|  |TAMS 0x0000000082900000, 0x0000000082900000| Untracked 
|  42|0x0000000082a00000, 0x0000000082a00000, 0x0000000082b00000|  0%| F|  |TAMS 0x0000000082a00000, 0x0000000082a00000| Untracked 
|  43|0x0000000082b00000, 0x0000000082b00000, 0x0000000082c00000|  0%| F|  |TAMS 0x0000000082b00000, 0x0000000082b00000| Untracked 
|  44|0x0000000082c00000, 0x0000000082c00000, 0x0000000082d00000|  0%| F|  |TAMS 0x0000000082c00000, 0x0000000082c00000| Untracked 
|  45|0x0000000082d00000, 0x0000000082d00000, 0x0000000082e00000|  0%| F|  |TAMS 0x0000000082d00000, 0x0000000082d00000| Untracked 
|  46|0x0000000082e00000, 0x0000000082e00000, 0x0000000082f00000|  0%| F|  |TAMS 0x0000000082e00000, 0x0000000082e00000| Untracked 
|  47|0x0000000082f00000, 0x0000000082f00000, 0x0000000083000000|  0%| F|  |TAMS 0x0000000082f00000, 0x0000000082f00000| Untracked 
|  48|0x0000000083000000, 0x0000000083000000, 0x0000000083100000|  0%| F|  |TAMS 0x0000000083000000, 0x0000000083000000| Untracked 
|  49|0x0000000083100000, 0x0000000083100000, 0x0000000083200000|  0%| F|  |TAMS 0x0000000083100000, 0x0000000083100000| Untracked 
|  50|0x0000000083200000, 0x0000000083200000, 0x0000000083300000|  0%| F|  |TAMS 0x0000000083200000, 0x0000000083200000| Untracked 
|  51|0x0000000083300000, 0x0000000083300000, 0x0000000083400000|  0%| F|  |TAMS 0x0000000083300000, 0x0000000083300000| Untracked 
|  52|0x0000000083400000, 0x0000000083400000, 0x0000000083500000|  0%| F|  |TAMS 0x0000000083400000, 0x0000000083400000| Untracked 
|  53|0x0000000083500000, 0x0000000083500000, 0x0000000083600000|  0%| F|  |TAMS 0x0000000083500000, 0x0000000083500000| Untracked 
|  54|0x0000000083600000, 0x0000000083600000, 0x0000000083700000|  0%| F|  |TAMS 0x0000000083600000, 0x0000000083600000| Untracked 
|  55|0x0000000083700000, 0x0000000083700000, 0x0000000083800000|  0%| F|  |TAMS 0x0000000083700000, 0x0000000083700000| Untracked 
|  56|0x0000000083800000, 0x0000000083800000, 0x0000000083900000|  0%| F|  |TAMS 0x0000000083800000, 0x0000000083800000| Untracked 
|  57|0x0000000083900000, 0x0000000083900000, 0x0000000083a00000|  0%| F|  |TAMS 0x0000000083900000, 0x0000000083900000| Untracked 
|  58|0x0000000083a00000, 0x0000000083a00000, 0x0000000083b00000|  0%| F|  |TAMS 0x0000000083a00000, 0x0000000083a00000| Untracked 
|  59|0x0000000083b00000, 0x0000000083b00000, 0x0000000083c00000|  0%| F|  |TAMS 0x0000000083b00000, 0x0000000083b00000| Untracked 
|  60|0x0000000083c00000, 0x0000000083c00000, 0x0000000083d00000|  0%| F|  |TAMS 0x0000000083c00000, 0x0000000083c00000| Untracked 
|  61|0x0000000083d00000, 0x0000000083d00000, 0x0000000083e00000|  0%| F|  |TAMS 0x0000000083d00000, 0x0000000083d00000| Untracked 
|  62|0x0000000083e00000, 0x0000000083e00000, 0x0000000083f00000|  0%| F|  |TAMS 0x0000000083e00000, 0x0000000083e00000| Untracked 
|  63|0x0000000083f00000, 0x0000000083f00000, 0x0000000084000000|  0%| F|  |TAMS 0x0000000083f00000, 0x0000000083f00000| Untracked 
|  64|0x0000000084000000, 0x0000000084000000, 0x0000000084100000|  0%| F|  |TAMS 0x0000000084000000, 0x0000000084000000| Untracked 
|  65|0x0000000084100000, 0x0000000084100000, 0x0000000084200000|  0%| F|  |TAMS 0x0000000084100000, 0x0000000084100000| Untracked 
|  66|0x0000000084200000, 0x0000000084200000, 0x0000000084300000|  0%| F|  |TAMS 0x0000000084200000, 0x0000000084200000| Untracked 
|  67|0x0000000084300000, 0x0000000084300000, 0x0000000084400000|  0%| F|  |TAMS 0x0000000084300000, 0x0000000084300000| Untracked 
|  68|0x0000000084400000, 0x0000000084400000, 0x0000000084500000|  0%| F|  |TAMS 0x0000000084400000, 0x0000000084400000| Untracked 
|  69|0x0000000084500000, 0x0000000084500000, 0x0000000084600000|  0%| F|  |TAMS 0x0000000084500000, 0x0000000084500000| Untracked 
|  70|0x0000000084600000, 0x0000000084600000, 0x0000000084700000|  0%| F|  |TAMS 0x0000000084600000, 0x0000000084600000| Untracked 
|  71|0x0000000084700000, 0x0000000084700000, 0x0000000084800000|  0%| F|  |TAMS 0x0000000084700000, 0x0000000084700000| Untracked 
|  72|0x0000000084800000, 0x0000000084800000, 0x0000000084900000|  0%| F|  |TAMS 0x0000000084800000, 0x0000000084800000| Untracked 
|  73|0x0000000084900000, 0x0000000084900000, 0x0000000084a00000|  0%| F|  |TAMS 0x0000000084900000, 0x0000000084900000| Untracked 
|  74|0x0000000084a00000, 0x0000000084a00000, 0x0000000084b00000|  0%| F|  |TAMS 0x0000000084a00000, 0x0000000084a00000| Untracked 
|  75|0x0000000084b00000, 0x0000000084b00000, 0x0000000084c00000|  0%| F|  |TAMS 0x0000000084b00000, 0x0000000084b00000| Untracked 
|  76|0x0000000084c00000, 0x0000000084c00000, 0x0000000084d00000|  0%| F|  |TAMS 0x0000000084c00000, 0x0000000084c00000| Untracked 
|  77|0x0000000084d00000, 0x0000000084d00000, 0x0000000084e00000|  0%| F|  |TAMS 0x0000000084d00000, 0x0000000084d00000| Untracked 
|  78|0x0000000084e00000, 0x0000000084e00000, 0x0000000084f00000|  0%| F|  |TAMS 0x0000000084e00000, 0x0000000084e00000| Untracked 
|  79|0x0000000084f00000, 0x0000000084f00000, 0x0000000085000000|  0%| F|  |TAMS 0x0000000084f00000, 0x0000000084f00000| Untracked 
|  80|0x0000000085000000, 0x0000000085000000, 0x0000000085100000|  0%| F|  |TAMS 0x0000000085000000, 0x0000000085000000| Untracked 
|  81|0x0000000085100000, 0x0000000085100000, 0x0000000085200000|  0%| F|  |TAMS 0x0000000085100000, 0x0000000085100000| Untracked 
|  82|0x0000000085200000, 0x0000000085200000, 0x0000000085300000|  0%| F|  |TAMS 0x0000000085200000, 0x0000000085200000| Untracked 
|  83|0x0000000085300000, 0x0000000085300000, 0x0000000085400000|  0%| F|  |TAMS 0x0000000085300000, 0x0000000085300000| Untracked 
|  84|0x0000000085400000, 0x0000000085400000, 0x0000000085500000|  0%| F|  |TAMS 0x0000000085400000, 0x0000000085400000| Untracked 
|  85|0x0000000085500000, 0x0000000085500000, 0x0000000085600000|  0%| F|  |TAMS 0x0000000085500000, 0x0000000085500000| Untracked 
|  86|0x0000000085600000, 0x0000000085600000, 0x0000000085700000|  0%| F|  |TAMS 0x0000000085600000, 0x0000000085600000| Untracked 
|  87|0x0000000085700000, 0x0000000085700000, 0x0000000085800000|  0%| F|  |TAMS 0x0000000085700000, 0x0000000085700000| Untracked 
|  88|0x0000000085800000, 0x0000000085800000, 0x0000000085900000|  0%| F|  |TAMS 0x0000000085800000, 0x0000000085800000| Untracked 
|  89|0x0000000085900000, 0x0000000085900000, 0x0000000085a00000|  0%| F|  |TAMS 0x0000000085900000, 0x0000000085900000| Untracked 
|  90|0x0000000085a00000, 0x0000000085a00000, 0x0000000085b00000|  0%| F|  |TAMS 0x0000000085a00000, 0x0000000085a00000| Untracked 
|  91|0x0000000085b00000, 0x0000000085b00000, 0x0000000085c00000|  0%| F|  |TAMS 0x0000000085b00000, 0x0000000085b00000| Untracked 
|  92|0x0000000085c00000, 0x0000000085c00000, 0x0000000085d00000|  0%| F|  |TAMS 0x0000000085c00000, 0x0000000085c00000| Untracked 
|  93|0x0000000085d00000, 0x0000000085d00000, 0x0000000085e00000|  0%| F|  |TAMS 0x0000000085d00000, 0x0000000085d00000| Untracked 
|  94|0x0000000085e00000, 0x0000000085e00000, 0x0000000085f00000|  0%| F|  |TAMS 0x0000000085e00000, 0x0000000085e00000| Untracked 
|  95|0x0000000085f00000, 0x0000000085f00000, 0x0000000086000000|  0%| F|  |TAMS 0x0000000085f00000, 0x0000000085f00000| Untracked 
|  96|0x0000000086000000, 0x0000000086000000, 0x0000000086100000|  0%| F|  |TAMS 0x0000000086000000, 0x0000000086000000| Untracked 
|  97|0x0000000086100000, 0x0000000086100000, 0x0000000086200000|  0%| F|  |TAMS 0x0000000086100000, 0x0000000086100000| Untracked 
|  98|0x0000000086200000, 0x0000000086280000, 0x0000000086300000| 50%| S|CS|TAMS 0x0000000086200000, 0x0000000086200000| Complete 
|  99|0x0000000086300000, 0x0000000086400000, 0x0000000086400000|100%| S|CS|TAMS 0x0000000086300000, 0x0000000086300000| Complete 
| 100|0x0000000086400000, 0x0000000086500000, 0x0000000086500000|100%| S|CS|TAMS 0x0000000086400000, 0x0000000086400000| Complete 
| 101|0x0000000086500000, 0x0000000086600000, 0x0000000086600000|100%| S|CS|TAMS 0x0000000086500000, 0x0000000086500000| Complete 
| 102|0x0000000086600000, 0x0000000086600000, 0x0000000086700000|  0%| F|  |TAMS 0x0000000086600000, 0x0000000086600000| Untracked 
| 103|0x0000000086700000, 0x0000000086700000, 0x0000000086800000|  0%| F|  |TAMS 0x0000000086700000, 0x0000000086700000| Untracked 
| 104|0x0000000086800000, 0x0000000086800000, 0x0000000086900000|  0%| F|  |TAMS 0x0000000086800000, 0x0000000086800000| Untracked 
| 105|0x0000000086900000, 0x0000000086900000, 0x0000000086a00000|  0%| F|  |TAMS 0x0000000086900000, 0x0000000086900000| Untracked 
| 106|0x0000000086a00000, 0x0000000086a00000, 0x0000000086b00000|  0%| F|  |TAMS 0x0000000086a00000, 0x0000000086a00000| Untracked 
| 107|0x0000000086b00000, 0x0000000086b00000, 0x0000000086c00000|  0%| F|  |TAMS 0x0000000086b00000, 0x0000000086b00000| Untracked 
| 108|0x0000000086c00000, 0x0000000086c00000, 0x0000000086d00000|  0%| F|  |TAMS 0x0000000086c00000, 0x0000000086c00000| Untracked 
| 109|0x0000000086d00000, 0x0000000086d00000, 0x0000000086e00000|  0%| F|  |TAMS 0x0000000086d00000, 0x0000000086d00000| Untracked 
| 110|0x0000000086e00000, 0x0000000086e00000, 0x0000000086f00000|  0%| F|  |TAMS 0x0000000086e00000, 0x0000000086e00000| Untracked 
| 111|0x0000000086f00000, 0x0000000086f00000, 0x0000000087000000|  0%| F|  |TAMS 0x0000000086f00000, 0x0000000086f00000| Untracked 
| 112|0x0000000087000000, 0x0000000087000000, 0x0000000087100000|  0%| F|  |TAMS 0x0000000087000000, 0x0000000087000000| Untracked 
| 113|0x0000000087100000, 0x0000000087100000, 0x0000000087200000|  0%| F|  |TAMS 0x0000000087100000, 0x0000000087100000| Untracked 
| 114|0x0000000087200000, 0x0000000087200000, 0x0000000087300000|  0%| F|  |TAMS 0x0000000087200000, 0x0000000087200000| Untracked 
| 115|0x0000000087300000, 0x0000000087300000, 0x0000000087400000|  0%| F|  |TAMS 0x0000000087300000, 0x0000000087300000| Untracked 
| 116|0x0000000087400000, 0x0000000087400000, 0x0000000087500000|  0%| F|  |TAMS 0x0000000087400000, 0x0000000087400000| Untracked 
| 117|0x0000000087500000, 0x0000000087500000, 0x0000000087600000|  0%| F|  |TAMS 0x0000000087500000, 0x0000000087500000| Untracked 
| 118|0x0000000087600000, 0x0000000087600000, 0x0000000087700000|  0%| F|  |TAMS 0x0000000087600000, 0x0000000087600000| Untracked 
| 119|0x0000000087700000, 0x0000000087700000, 0x0000000087800000|  0%| F|  |TAMS 0x0000000087700000, 0x0000000087700000| Untracked 
| 120|0x0000000087800000, 0x0000000087800000, 0x0000000087900000|  0%| F|  |TAMS 0x0000000087800000, 0x0000000087800000| Untracked 
| 121|0x0000000087900000, 0x0000000087900000, 0x0000000087a00000|  0%| F|  |TAMS 0x0000000087900000, 0x0000000087900000| Untracked 
| 122|0x0000000087a00000, 0x0000000087a00000, 0x0000000087b00000|  0%| F|  |TAMS 0x0000000087a00000, 0x0000000087a00000| Untracked 
| 123|0x0000000087b00000, 0x0000000087b00000, 0x0000000087c00000|  0%| F|  |TAMS 0x0000000087b00000, 0x0000000087b00000| Untracked 
| 124|0x0000000087c00000, 0x0000000087c00000, 0x0000000087d00000|  0%| F|  |TAMS 0x0000000087c00000, 0x0000000087c00000| Untracked 
| 125|0x0000000087d00000, 0x0000000087d00000, 0x0000000087e00000|  0%| F|  |TAMS 0x0000000087d00000, 0x0000000087d00000| Untracked 
| 126|0x0000000087e00000, 0x0000000087e00000, 0x0000000087f00000|  0%| F|  |TAMS 0x0000000087e00000, 0x0000000087e00000| Untracked 
| 127|0x0000000087f00000, 0x0000000087f00000, 0x0000000088000000|  0%| F|  |TAMS 0x0000000087f00000, 0x0000000087f00000| Untracked 
| 128|0x0000000088000000, 0x0000000088000000, 0x0000000088100000|  0%| F|  |TAMS 0x0000000088000000, 0x0000000088000000| Untracked 
| 129|0x0000000088100000, 0x0000000088100000, 0x0000000088200000|  0%| F|  |TAMS 0x0000000088100000, 0x0000000088100000| Untracked 
| 130|0x0000000088200000, 0x0000000088200000, 0x0000000088300000|  0%| F|  |TAMS 0x0000000088200000, 0x0000000088200000| Untracked 
| 131|0x0000000088300000, 0x0000000088300000, 0x0000000088400000|  0%| F|  |TAMS 0x0000000088300000, 0x0000000088300000| Untracked 
| 132|0x0000000088400000, 0x0000000088400000, 0x0000000088500000|  0%| F|  |TAMS 0x0000000088400000, 0x0000000088400000| Untracked 
| 133|0x0000000088500000, 0x0000000088500000, 0x0000000088600000|  0%| F|  |TAMS 0x0000000088500000, 0x0000000088500000| Untracked 
| 134|0x0000000088600000, 0x0000000088600000, 0x0000000088700000|  0%| F|  |TAMS 0x0000000088600000, 0x0000000088600000| Untracked 
| 135|0x0000000088700000, 0x0000000088700000, 0x0000000088800000|  0%| F|  |TAMS 0x0000000088700000, 0x0000000088700000| Untracked 
| 136|0x0000000088800000, 0x0000000088800000, 0x0000000088900000|  0%| F|  |TAMS 0x0000000088800000, 0x0000000088800000| Untracked 
| 137|0x0000000088900000, 0x0000000088900000, 0x0000000088a00000|  0%| F|  |TAMS 0x0000000088900000, 0x0000000088900000| Untracked 
| 138|0x0000000088a00000, 0x0000000088a00000, 0x0000000088b00000|  0%| F|  |TAMS 0x0000000088a00000, 0x0000000088a00000| Untracked 
| 139|0x0000000088b00000, 0x0000000088b00000, 0x0000000088c00000|  0%| F|  |TAMS 0x0000000088b00000, 0x0000000088b00000| Untracked 
| 140|0x0000000088c00000, 0x0000000088c00000, 0x0000000088d00000|  0%| F|  |TAMS 0x0000000088c00000, 0x0000000088c00000| Untracked 
| 141|0x0000000088d00000, 0x0000000088d00000, 0x0000000088e00000|  0%| F|  |TAMS 0x0000000088d00000, 0x0000000088d00000| Untracked 
| 142|0x0000000088e00000, 0x0000000088e00000, 0x0000000088f00000|  0%| F|  |TAMS 0x0000000088e00000, 0x0000000088e00000| Untracked 
| 143|0x0000000088f00000, 0x0000000088f00000, 0x0000000089000000|  0%| F|  |TAMS 0x0000000088f00000, 0x0000000088f00000| Untracked 
| 144|0x0000000089000000, 0x0000000089000000, 0x0000000089100000|  0%| F|  |TAMS 0x0000000089000000, 0x0000000089000000| Untracked 
| 145|0x0000000089100000, 0x0000000089100000, 0x0000000089200000|  0%| F|  |TAMS 0x0000000089100000, 0x0000000089100000| Untracked 
| 146|0x0000000089200000, 0x0000000089200000, 0x0000000089300000|  0%| F|  |TAMS 0x0000000089200000, 0x0000000089200000| Untracked 
| 147|0x0000000089300000, 0x0000000089300000, 0x0000000089400000|  0%| F|  |TAMS 0x0000000089300000, 0x0000000089300000| Untracked 
| 148|0x0000000089400000, 0x0000000089400000, 0x0000000089500000|  0%| F|  |TAMS 0x0000000089400000, 0x0000000089400000| Untracked 
| 149|0x0000000089500000, 0x0000000089500000, 0x0000000089600000|  0%| F|  |TAMS 0x0000000089500000, 0x0000000089500000| Untracked 
| 150|0x0000000089600000, 0x0000000089600000, 0x0000000089700000|  0%| F|  |TAMS 0x0000000089600000, 0x0000000089600000| Untracked 
| 151|0x0000000089700000, 0x0000000089700000, 0x0000000089800000|  0%| F|  |TAMS 0x0000000089700000, 0x0000000089700000| Untracked 
| 152|0x0000000089800000, 0x0000000089800000, 0x0000000089900000|  0%| F|  |TAMS 0x0000000089800000, 0x0000000089800000| Untracked 
| 153|0x0000000089900000, 0x0000000089900000, 0x0000000089a00000|  0%| F|  |TAMS 0x0000000089900000, 0x0000000089900000| Untracked 

Card table byte_map: [0x000001bf6afa0000,0x000001bf6b3a0000] _byte_map_base: 0x000001bf6aba0000

Marking Bits (Prev, Next): (CMBitMap*) 0x000001bf52942b90, (CMBitMap*) 0x000001bf52942b58
 Prev Bits: [0x000001bf6d7a0000, 0x000001bf6f7a0000)
 Next Bits: [0x000001bf6b7a0000, 0x000001bf6d7a0000)

Polling page: 0x000001bf529f0000

Metaspace:

Usage:
  Non-class:     30.44 MB capacity,    29.96 MB ( 98%) used,   430.09 KB (  1%) free+waste,    61.31 KB ( <1%) overhead. 
      Class:      3.72 MB capacity,     3.46 MB ( 93%) used,   233.15 KB (  6%) free+waste,    26.00 KB ( <1%) overhead. 
       Both:     34.15 MB capacity,    33.42 MB ( 98%) used,   663.24 KB (  2%) free+waste,    87.31 KB ( <1%) overhead. 

Virtual space:
  Non-class space:       32.00 MB reserved,      30.50 MB ( 95%) committed 
      Class space:        1.00 GB reserved,       3.75 MB ( <1%) committed 
             Both:        1.03 GB reserved,      34.25 MB (  3%) committed 

Chunk freelists:
   Non-Class:  128 bytes
       Class:  128 bytes
        Both:  256 bytes

CodeHeap 'non-profiled nmethods': size=120064Kb used=2862Kb max_used=2862Kb free=117201Kb
 bounds [0x000001bf63260000, 0x000001bf63530000, 0x000001bf6a7a0000]
CodeHeap 'profiled nmethods': size=120000Kb used=14388Kb max_used=14388Kb free=105611Kb
 bounds [0x000001bf5bd30000, 0x000001bf5cb40000, 0x000001bf63260000]
CodeHeap 'non-nmethods': size=5696Kb used=1165Kb max_used=1193Kb free=4530Kb
 bounds [0x000001bf5b7a0000, 0x000001bf5ba10000, 0x000001bf5bd30000]
 total_blobs=6542 nmethods=6047 adapters=406
 compilation: enabled
              stopped_count=0, restarted_count=0
 full_count=0

Compilation events (10 events):
Event: 12.000 Thread 0x000001bf71bdc800 6070       3       org.apache.maven.model.io.xpp3.MavenXpp3ReaderEx::parsePluginExecution (581 bytes)
Event: 12.005 Thread 0x000001bf71bd0800 nmethod 5982 0x000001bf63522c90 code [0x000001bf635231a0, 0x000001bf63527c48]
Event: 12.005 Thread 0x000001bf71bdc800 nmethod 6070 0x000001bf5cb36e90 code [0x000001bf5cb375a0, 0x000001bf5cb3b558]
Event: 12.005 Thread 0x000001bf71bd0800 6017       4       java.util.concurrent.ConcurrentHashMap::putAll (63 bytes)
Event: 12.010 Thread 0x000001bf71bdc800 6071       1       org.apache.maven.artifact.DefaultArtifact::getDependencyFilter (5 bytes)
Event: 12.010 Thread 0x000001bf71bdc800 nmethod 6071 0x000001bf6352b790 code [0x000001bf6352b920, 0x000001bf6352b9d8]
Event: 12.028 Thread 0x000001bf71bdc800 6073       3       org.apache.maven.model.DistributionManagement::<init> (5 bytes)
Event: 12.029 Thread 0x000001bf71bdc800 nmethod 6073 0x000001bf5cb3cb10 code [0x000001bf5cb3cca0, 0x000001bf5cb3cdf8]
Event: 12.030 Thread 0x000001bf71bdc800 6074       3       org.apache.maven.bridge.MavenRepositorySystem::createArtifactX (17 bytes)
Event: 12.030 Thread 0x000001bf71bdc800 nmethod 6074 0x000001bf5cb3ce90 code [0x000001bf5cb3d040, 0x000001bf5cb3d188]

GC Heap History (10 events):
Event: 1.766 GC heap after
{Heap after GC invocations=4 (full 0):
 garbage-first heap   total 131072K, used 4337K [0x0000000080000000, 0x0000000100000000)
  region size 1024K, 3 young (3072K), 3 survivors (3072K)
 Metaspace       used 14450K, capacity 14585K, committed 14720K, reserved 1062912K
  class space    used 1511K, capacity 1583K, committed 1664K, reserved 1048576K
}
Event: 3.150 GC heap before
{Heap before GC invocations=4 (full 0):
 garbage-first heap   total 131072K, used 37105K [0x0000000080000000, 0x0000000100000000)
  region size 1024K, 35 young (35840K), 3 survivors (3072K)
 Metaspace       used 19789K, capacity 20132K, committed 20224K, reserved 1067008K
  class space    used 2118K, capacity 2246K, committed 2304K, reserved 1048576K
}
Event: 3.168 GC heap after
{Heap after GC invocations=5 (full 0):
 garbage-first heap   total 157696K, used 7198K [0x0000000080000000, 0x0000000100000000)
  region size 1024K, 5 young (5120K), 5 survivors (5120K)
 Metaspace       used 19789K, capacity 20132K, committed 20224K, reserved 1067008K
  class space    used 2118K, capacity 2246K, committed 2304K, reserved 1048576K
}
Event: 4.538 GC heap before
{Heap before GC invocations=5 (full 0):
 garbage-first heap   total 157696K, used 67614K [0x0000000080000000, 0x0000000100000000)
  region size 1024K, 65 young (66560K), 5 survivors (5120K)
 Metaspace       used 20882K, capacity 21203K, committed 21248K, reserved 1069056K
  class space    used 2161K, capacity 2282K, committed 2304K, reserved 1048576K
}
Event: 4.572 GC heap after
{Heap after GC invocations=6 (full 0):
 garbage-first heap   total 157696K, used 13342K [0x0000000080000000, 0x0000000100000000)
  region size 1024K, 11 young (11264K), 11 survivors (11264K)
 Metaspace       used 20882K, capacity 21203K, committed 21248K, reserved 1069056K
  class space    used 2161K, capacity 2282K, committed 2304K, reserved 1048576K
}
Event: 7.609 GC heap before
{Heap before GC invocations=7 (full 0):
 garbage-first heap   total 157696K, used 77824K [0x0000000080000000, 0x0000000100000000)
  region size 1024K, 74 young (75776K), 11 survivors (11264K)
 Metaspace       used 30508K, capacity 31087K, committed 31232K, reserved 1077248K
  class space    used 3231K, capacity 3461K, committed 3584K, reserved 1048576K
}
Event: 7.655 GC heap after
{Heap after GC invocations=8 (full 0):
 garbage-first heap   total 157696K, used 21877K [0x0000000080000000, 0x0000000100000000)
  region size 1024K, 9 young (9216K), 9 survivors (9216K)
 Metaspace       used 30508K, capacity 31087K, committed 31232K, reserved 1077248K
  class space    used 3231K, capacity 3461K, committed 3584K, reserved 1048576K
}
Event: 10.365 GC heap before
{Heap before GC invocations=8 (full 0):
 garbage-first heap   total 157696K, used 89461K [0x0000000080000000, 0x0000000100000000)
  region size 1024K, 75 young (76800K), 9 survivors (9216K)
 Metaspace       used 32354K, capacity 32970K, committed 33152K, reserved 1079296K
  class space    used 3386K, capacity 3614K, committed 3712K, reserved 1048576K
}
Event: 10.400 GC heap after
{Heap after GC invocations=9 (full 0):
 garbage-first heap   total 157696K, used 32959K [0x0000000080000000, 0x0000000100000000)
  region size 1024K, 10 young (10240K), 10 survivors (10240K)
 Metaspace       used 32354K, capacity 32970K, committed 33152K, reserved 1079296K
  class space    used 3386K, capacity 3614K, committed 3712K, reserved 1048576K
}
Event: 12.047 GC heap before
{Heap before GC invocations=9 (full 0):
 garbage-first heap   total 157696K, used 87231K [0x0000000080000000, 0x0000000100000000)
  region size 1024K, 62 young (63488K), 10 survivors (10240K)
 Metaspace       used 34223K, capacity 34974K, committed 35072K, reserved 1081344K
  class space    used 3547K, capacity 3807K, committed 3840K, reserved 1048576K
}

Deoptimization events (10 events):
Event: 11.507 Thread 0x000001bf52907000 Uncommon trap: reason=unstable_if action=reinterpret pc=0x000001bf632e586c method=java.util.concurrent.ConcurrentHashMap.transfer([Ljava/util/concurrent/ConcurrentHashMap$Node;[Ljava/util/concurrent/ConcurrentHashMap$Node;)V @ 34 c2
Event: 11.508 Thread 0x000001bf52907000 Uncommon trap: reason=unstable_if action=reinterpret pc=0x000001bf6329e4e4 method=java.util.concurrent.ConcurrentHashMap.addCount(JI)V @ 168 c2
Event: 11.513 Thread 0x000001bf52907000 Uncommon trap: reason=unstable_if action=reinterpret pc=0x000001bf634194ac method=org.codehaus.plexus.classworlds.realm.Entry.matches(Ljava/lang/String;)Z @ 20 c2
Event: 11.561 Thread 0x000001bf75162000 Uncommon trap: reason=unstable_if action=reinterpret pc=0x000001bf63475e5c method=jdk.internal.org.objectweb.asm.Type.getArgumentsAndReturnSizes(Ljava/lang/String;)I @ 136 c2
Event: 11.753 Thread 0x000001bf52907000 Uncommon trap: reason=null_check action=make_not_entrant pc=0x000001bf6350a38c method=org.codehaus.plexus.interpolation.reflection.ClassMap.findMethod(Ljava/lang/String;[Ljava/lang/Object;)Ljava/lang/reflect/Method; @ 103 c2
Event: 11.907 Thread 0x000001bf725f9000 Uncommon trap: reason=bimorphic_or_optimized_type_check action=maybe_recompile pc=0x000001bf634d15a4 method=java.util.concurrent.locks.AbstractQueuedSynchronizer.release(I)Z @ 2 c2
Event: 11.909 Thread 0x000001bf725f9000 Uncommon trap: reason=bimorphic_or_optimized_type_check action=maybe_recompile pc=0x000001bf634d15a4 method=java.util.concurrent.locks.AbstractQueuedSynchronizer.release(I)Z @ 2 c2
Event: 11.909 Thread 0x000001bf725f8000 Uncommon trap: reason=bimorphic_or_optimized_type_check action=maybe_recompile pc=0x000001bf634d15a4 method=java.util.concurrent.locks.AbstractQueuedSynchronizer.release(I)Z @ 2 c2
Event: 11.910 Thread 0x000001bf725f8000 Uncommon trap: reason=bimorphic_or_optimized_type_check action=maybe_recompile pc=0x000001bf634d15a4 method=java.util.concurrent.locks.AbstractQueuedSynchronizer.release(I)Z @ 2 c2
Event: 11.910 Thread 0x000001bf72645800 Uncommon trap: reason=unstable_if action=reinterpret pc=0x000001bf63461a70 method=java.util.concurrent.locks.AbstractQueuedSynchronizer.doReleaseShared()V @ 6 c2

Classes redefined (0 events):
No events

Internal exceptions (10 events):
Event: 10.694 Thread 0x000001bf52907000 Exception <a 'sun/nio/fs/WindowsException'{0x000000008912bfc0}> (0x000000008912bfc0) thrown at [./open/src/hotspot/share/prims/jni.cpp, line 611]
Event: 10.694 Thread 0x000001bf52907000 Exception <a 'sun/nio/fs/WindowsException'{0x000000008912c738}> (0x000000008912c738) thrown at [./open/src/hotspot/share/prims/jni.cpp, line 611]
Event: 10.694 Thread 0x000001bf52907000 Exception <a 'sun/nio/fs/WindowsException'{0x000000008912cac8}> (0x000000008912cac8) thrown at [./open/src/hotspot/share/prims/jni.cpp, line 611]
Event: 10.694 Thread 0x000001bf52907000 Exception <a 'sun/nio/fs/WindowsException'{0x000000008912d7a8}> (0x000000008912d7a8) thrown at [./open/src/hotspot/share/prims/jni.cpp, line 611]
Event: 10.694 Thread 0x000001bf52907000 Exception <a 'sun/nio/fs/WindowsException'{0x000000008912db08}> (0x000000008912db08) thrown at [./open/src/hotspot/share/prims/jni.cpp, line 611]
Event: 10.694 Thread 0x000001bf52907000 Exception <a 'sun/nio/fs/WindowsException'{0x000000008912e7e0}> (0x000000008912e7e0) thrown at [./open/src/hotspot/share/prims/jni.cpp, line 611]
Event: 11.446 Thread 0x000001bf52907000 Exception <a 'java/lang/NoSuchMethodError'{0x00000000879640d8}: org.apache.maven.execution.MavenExecutionRequest.getFailureBehavior()Ljava/lang/String;> (0x00000000879640d8) thrown at [./open/src/hotspot/share/interpreter/linkResolver.cpp, line 864]
Event: 11.562 Thread 0x000001bf75162000 Exception <a 'java/lang/NoSuchMethodError'{0x0000000087848900}: java.lang.invoke.DirectMethodHandle$Holder.invokeStaticInit(Ljava/lang/Object;Ljava/lang/Object;JLjava/lang/Object;)Ljava/lang/Object;> (0x0000000087848900) thrown at [./open/src/hotspot/shar
Event: 11.565 Thread 0x000001bf75162000 Exception <a 'java/lang/NoSuchMethodError'{0x0000000087854a20}: java.lang.invoke.Invokers$Holder.linkToTargetMethod(Ljava/lang/Object;JLjava/lang/Object;)Ljava/lang/Object;> (0x0000000087854a20) thrown at [./open/src/hotspot/share/interpreter/linkResolver
Event: 11.695 Thread 0x000001bf52907000 Exception <a 'java/lang/NoSuchMethodError'{0x00000000878e7dd0}: java.lang.invoke.DirectMethodHandle$Holder.invokeStaticInit(Ljava/lang/Object;Ljava/lang/Object;IIII)Ljava/lang/Object;> (0x00000000878e7dd0) thrown at [./open/src/hotspot/share/interpreter/l

Events (10 events):
Event: 11.977 Thread 0x000001bf52907000 DEOPT UNPACKING pc=0x000001bf5b7c7c0e sp=0x0000003e872fc330 mode 0
Event: 11.986 Thread 0x000001bf52907000 DEOPT PACKING pc=0x000001bf5cacce56 sp=0x0000003e872fcf20
Event: 11.986 Thread 0x000001bf52907000 DEOPT UNPACKING pc=0x000001bf5b7c7c0e sp=0x0000003e872fc440 mode 0
Event: 12.007 Thread 0x000001bf52907000 DEOPT PACKING pc=0x000001bf5cacce56 sp=0x0000003e872fc240
Event: 12.007 Thread 0x000001bf52907000 DEOPT UNPACKING pc=0x000001bf5b7c7c0e sp=0x0000003e872fb760 mode 0
Event: 12.024 Thread 0x000001bf52907000 DEOPT PACKING pc=0x000001bf5cacce56 sp=0x0000003e872fc4c0
Event: 12.024 Thread 0x000001bf52907000 DEOPT UNPACKING pc=0x000001bf5b7c7c0e sp=0x0000003e872fb9e0 mode 0
Event: 12.031 Thread 0x000001bf7532c800 Thread added: 0x000001bf7532c800
Event: 12.031 Thread 0x000001bf74dac000 Thread added: 0x000001bf74dac000
Event: 12.033 Executing VM operation: G1CollectForAllocation


Dynamic libraries:
0x00007ff671af0000 - 0x00007ff671aff000 	C:\Program Files\Java\jdk-11.0.16\bin\java.exe
0x00007ff96c9f0000 - 0x00007ff96cbe8000 	C:\Windows\SYSTEM32\ntdll.dll
0x00007ff96aab0000 - 0x00007ff96ab6f000 	C:\Windows\System32\KERNEL32.DLL
0x00007ff96a0f0000 - 0x00007ff96a3c2000 	C:\Windows\System32\KERNELBASE.dll
0x00007ff96a750000 - 0x00007ff96a850000 	C:\Windows\System32\ucrtbase.dll
0x00007ff94a570000 - 0x00007ff94a588000 	C:\Program Files\Java\jdk-11.0.16\bin\jli.dll
0x00007ff96abd0000 - 0x00007ff96ac7e000 	C:\Windows\System32\ADVAPI32.dll
0x00007ff96c4e0000 - 0x00007ff96c57e000 	C:\Windows\System32\msvcrt.dll
0x00007ff96bab0000 - 0x00007ff96bb4c000 	C:\Windows\System32\sechost.dll
0x00007ff96c5d0000 - 0x00007ff96c6f5000 	C:\Windows\System32\RPCRT4.dll
0x00007ff96c7f0000 - 0x00007ff96c98d000 	C:\Windows\System32\USER32.dll
0x00007ff96a4d0000 - 0x00007ff96a4f2000 	C:\Windows\System32\win32u.dll
0x00007ff96c7c0000 - 0x00007ff96c7eb000 	C:\Windows\System32\GDI32.dll
0x00007ff96a500000 - 0x00007ff96a60f000 	C:\Windows\System32\gdi32full.dll
0x00007ff96a610000 - 0x00007ff96a6ad000 	C:\Windows\System32\msvcp_win.dll
0x00007ff94a0f0000 - 0x00007ff94a105000 	C:\Program Files\Java\jdk-11.0.16\bin\VCRUNTIME140.dll
0x00007ff9501c0000 - 0x00007ff95045a000 	C:\Windows\WinSxS\amd64_microsoft.windows.common-controls_6595b64144ccf1df_6.0.19041.1110_none_60b5254171f9507e\COMCTL32.dll
0x00007ff961f60000 - 0x00007ff961f6a000 	C:\Windows\SYSTEM32\VERSION.dll
0x00007ff96c590000 - 0x00007ff96c5c2000 	C:\Windows\System32\IMM32.DLL
0x00007ff93e7b0000 - 0x00007ff93e84b000 	C:\Program Files\Java\jdk-11.0.16\bin\msvcp140.dll
0x00007ff91f270000 - 0x00007ff91fd88000 	C:\Program Files\Java\jdk-11.0.16\bin\server\jvm.dll
0x00007ff96aa40000 - 0x00007ff96aa48000 	C:\Windows\System32\PSAPI.DLL
0x00007ff9654b0000 - 0x00007ff9654b9000 	C:\Windows\SYSTEM32\WSOCK32.dll
0x00007ff96bb50000 - 0x00007ff96bbbb000 	C:\Windows\System32\WS2_32.dll
0x00007ff947580000 - 0x00007ff9475a7000 	C:\Windows\SYSTEM32\WINMM.dll
0x00007ff967930000 - 0x00007ff967942000 	C:\Windows\SYSTEM32\kernel.appcore.dll
0x00007ff94f7e0000 - 0x00007ff94f7f0000 	C:\Program Files\Java\jdk-11.0.16\bin\verify.dll
0x00007ff969a90000 - 0x00007ff969c74000 	C:\Windows\SYSTEM32\DBGHELP.DLL
0x00007ff969840000 - 0x00007ff96986c000 	C:\Windows\SYSTEM32\dbgcore.DLL
0x00007ff96a9b0000 - 0x00007ff96aa32000 	C:\Windows\System32\bcryptPrimitives.dll
0x00007ff949f60000 - 0x00007ff949f88000 	C:\Program Files\Java\jdk-11.0.16\bin\java.dll
0x00007ff94e580000 - 0x00007ff94e58a000 	C:\Program Files\Java\jdk-11.0.16\bin\jimage.dll
0x00007ff94a590000 - 0x00007ff94a5a6000 	C:\Program Files\Java\jdk-11.0.16\bin\zip.dll
0x00007ff96bd90000 - 0x00007ff96c4d3000 	C:\Windows\System32\SHELL32.dll
0x00007ff967b30000 - 0x00007ff9682c2000 	C:\Windows\SYSTEM32\windows.storage.dll
0x00007ff96b0b0000 - 0x00007ff96b404000 	C:\Windows\System32\combase.dll
0x00007ff969310000 - 0x00007ff969340000 	C:\Windows\SYSTEM32\Wldp.dll
0x00007ff96bbc0000 - 0x00007ff96bc6d000 	C:\Windows\System32\SHCORE.dll
0x00007ff96c760000 - 0x00007ff96c7b5000 	C:\Windows\System32\shlwapi.dll
0x00007ff96a030000 - 0x00007ff96a04f000 	C:\Windows\SYSTEM32\profapi.dll
0x00007ff94cd70000 - 0x00007ff94cd89000 	C:\Program Files\Java\jdk-11.0.16\bin\net.dll
0x00007ff9615e0000 - 0x00007ff9616ec000 	C:\Windows\SYSTEM32\WINHTTP.dll
0x00007ff9690f0000 - 0x00007ff96915a000 	C:\Windows\system32\mswsock.dll
0x00007ff94a7e0000 - 0x00007ff94a7f2000 	C:\Program Files\Java\jdk-11.0.16\bin\nio.dll
0x0000000069ac0000 - 0x0000000069ae4000 	C:\Users\sfjbs\Downloads\micro service-20221125T023524Z-001\micro service\apache-maven-3.8.5-bin\apache-maven-3.8.5\lib\jansi-native\Windows\x86_64\jansi.dll
0x00007ff969da0000 - 0x00007ff969db8000 	C:\Windows\SYSTEM32\CRYPTSP.dll
0x00007ff968a90000 - 0x00007ff968ac4000 	C:\Windows\system32\rsaenh.dll
0x00007ff96a720000 - 0x00007ff96a747000 	C:\Windows\System32\bcrypt.dll
0x00007ff969fb0000 - 0x00007ff969fde000 	C:\Windows\SYSTEM32\USERENV.dll
0x00007ff969280000 - 0x00007ff96928c000 	C:\Windows\SYSTEM32\CRYPTBASE.dll
0x00007ff968e00000 - 0x00007ff968e3b000 	C:\Windows\SYSTEM32\IPHLPAPI.DLL
0x00007ff96b0a0000 - 0x00007ff96b0a8000 	C:\Windows\System32\NSI.dll
0x00007ff9626a0000 - 0x00007ff9626b7000 	C:\Windows\SYSTEM32\dhcpcsvc6.DLL
0x00007ff962680000 - 0x00007ff96269d000 	C:\Windows\SYSTEM32\dhcpcsvc.DLL
0x00007ff968e50000 - 0x00007ff968f1a000 	C:\Windows\SYSTEM32\DNSAPI.dll

dbghelp: loaded successfully - version: 4.0.5 - missing functions: none
symbol engine: initialized successfully - sym options: 0x614 - pdb path: .;C:\Program Files\Java\jdk-11.0.16\bin;C:\Windows\SYSTEM32;C:\Windows\WinSxS\amd64_microsoft.windows.common-controls_6595b64144ccf1df_6.0.19041.1110_none_60b5254171f9507e;C:\Program Files\Java\jdk-11.0.16\bin\server;C:\Users\sfjbs\Downloads\micro service-20221125T023524Z-001\micro service\apache-maven-3.8.5-bin\apache-maven-3.8.5\lib\jansi-native\Windows\x86_64

VM Arguments:
jvm_args: -Dclassworlds.conf=C:\Users\sfjbs\Downloads\micro service-20221125T023524Z-001\micro service\apache-maven-3.8.5-bin\apache-maven-3.8.5\bin\m2.conf -Dmaven.home=C:\Users\sfjbs\Downloads\micro service-20221125T023524Z-001\micro service\apache-maven-3.8.5-bin\apache-maven-3.8.5 -Dlibrary.jansi.path=C:\Users\sfjbs\Downloads\micro service-20221125T023524Z-001\micro service\apache-maven-3.8.5-bin\apache-maven-3.8.5\lib\jansi-native -Dmaven.multiModuleProjectDirectory=C:\Users\sfjbs\Downloads\rama\rama\Day6\student-microservice-security 
java_command: org.codehaus.plexus.classworlds.launcher.Launcher clean install
java_class_path (initial): C:\Users\sfjbs\Downloads\micro service-20221125T023524Z-001\micro service\apache-maven-3.8.5-bin\apache-maven-3.8.5\boot\plexus-classworlds-2.6.0.jar
Launcher Type: SUN_STANDARD

[Global flags]
     intx CICompilerCount                          = 2                                         {product} {ergonomic}
     uint ConcGCThreads                            = 1                                         {product} {ergonomic}
     uint G1ConcRefinementThreads                  = 2                                         {product} {ergonomic}
   size_t G1HeapRegionSize                         = 1048576                                   {product} {ergonomic}
    uintx GCDrainStackTargetSize                   = 64                                        {product} {ergonomic}
   size_t InitialHeapSize                          = 134217728                                 {product} {ergonomic}
   size_t MarkStackSize                            = 4194304                                   {product} {ergonomic}
   size_t MaxHeapSize                              = 2147483648                                {product} {ergonomic}
   size_t MaxNewSize                               = 1287651328                                {product} {ergonomic}
   size_t MinHeapDeltaBytes                        = 1048576                                   {product} {ergonomic}
    uintx NonNMethodCodeHeapSize                   = 5825164                                {pd product} {ergonomic}
    uintx NonProfiledCodeHeapSize                  = 122916538                              {pd product} {ergonomic}
    uintx ProfiledCodeHeapSize                     = 122916538                              {pd product} {ergonomic}
    uintx ReservedCodeCacheSize                    = 251658240                              {pd product} {ergonomic}
     bool SegmentedCodeCache                       = true                                      {product} {ergonomic}
     bool UseCompressedClassPointers               = true                                 {lp64_product} {ergonomic}
     bool UseCompressedOops                        = true                                 {lp64_product} {ergonomic}
     bool UseG1GC                                  = true                                      {product} {ergonomic}
     bool UseLargePagesIndividualAllocation        = false                                  {pd product} {ergonomic}

Logging:
Log output configuration:
 #0: stdout all=warning uptime,level,tags
 #1: stderr all=off uptime,level,tags

Environment Variables:
PATH=C:\Program Files\Common Files\Oracle\Java\javapath;C:\Windows\system32;C:\Windows;C:\Windows\System32\Wbem;C:\Windows\System32\WindowsPowerShell\v1.0\;C:\Windows\System32\OpenSSH\;C:\Users\sfjbs\Downloads\micro service-20221125T023524Z-001\micro service\apache-maven-3.8.5-bin\apache-maven-3.8.5\bin;C:\Users\sfjbs\Downloads\micro service-20221125T023524Z-001\micro service\apache-maven-3.8.5-bin\apache-maven-3.8.5\lib;C:\Program Files\Git\cmd;C:\Program Files\Docker\Docker\resources\bin;C:\Users\sfjbs\AppData\Local\Microsoft\WindowsApps;C:\Program Files\JetBrains\IntelliJ IDEA Community Edition 2022.2.1\bin;;C:\Users\sfjbs\Downloads\micro service-20221125T023524Z-001\micro service\apache-maven-3.8.5-bin\apache-maven-3.8.5\bin;C:\Users\sfjbs\Downloads\micro service-20221125T023524Z-001\micro service\apache-maven-3.8.5-bin\apache-maven-3.8.5\lib;
USERNAME=sfjbs
OS=Windows_NT
PROCESSOR_IDENTIFIER=Intel64 Family 6 Model 85 Stepping 7, GenuineIntel



---------------  S Y S T E M  ---------------

OS: Windows 10 , 64 bit Build 19041 (10.0.19041.2251)
Hyper-V role detected

CPU:total 2 (initial active 2) (1 cores per cpu, 2 threads per core) family 6 model 85 stepping 7 microcode 0xffffffff, cmov, cx8, fxsr, mmx, sse, sse2, sse3, ssse3, sse4.1, sse4.2, popcnt, avx, avx2, aes, clmul, erms, rtm, 3dnowpref, lzcnt, ht, tsc, bmi1, bmi2, adx, evex, fma

Memory: 4k page, system-wide physical 8190M (360M free)
TotalPageFile size 10238M (AvailPageFile size 13M)
current process WorkingSet (physical memory assigned to process): 231M, peak: 232M
current process commit charge ("private bytes"): 295M, peak: 356M

vm_info: Java HotSpot(TM) 64-Bit Server VM (11.0.16+11-LTS-199) for windows-amd64 JRE (11.0.16+11-LTS-199), built on Jun 28 2022 08:23:17 by "mach5one" with MS VC++ 15.9 (VS2017)

END.
