#
# There is insufficient memory for the Java Runtime Environment to continue.
# Native memory allocation (malloc) failed to allocate 32784 bytes for Chunk::new
# Possible reasons:
#   The system is out of physical RAM or swap space
#   The process is running with CompressedOops enabled, and the Java Heap may be blocking the growth of the native heap
# Possible solutions:
#   Reduce memory load on the system
#   Increase physical memory or swap space
#   Check if swap backing store is full
#   Decrease Java heap size (-Xmx/-Xms)
#   Decrease number of Java threads
#   Decrease Java thread stack sizes (-Xss)
#   Set larger code cache with -XX:ReservedCodeCacheSize=
#   JVM is running with Unscaled Compressed Oops mode in which the Java heap is
#     placed in the first 4GB address space. The Java Heap base address is the
#     maximum limit for the native heap growth. Please use -XX:HeapBaseMinAddress
#     to set the Java Heap base and to place the Java Heap above 4GB virtual address.
# This output file may be truncated or incomplete.
#
#  Out of Memory Error (./open/src/hotspot/share/memory/arena.cpp:197), pid=8980, tid=1400
#
# JRE version: Java(TM) SE Runtime Environment 18.9 (11.0.16+11) (build 11.0.16+11-LTS-199)
# Java VM: Java HotSpot(TM) 64-Bit Server VM 18.9 (11.0.16+11-LTS-199, mixed mode, tiered, compressed oops, g1 gc, windows-amd64)
# No core dump will be written. Minidumps are not enabled by default on client versions of Windows
#

---------------  S U M M A R Y ------------

Command Line: -Dclassworlds.conf=C:\Users\sfjbs\Downloads\micro service-20221125T023524Z-001\micro service\apache-maven-3.8.5-bin\apache-maven-3.8.5\bin\m2.conf -Dmaven.home=C:\Users\sfjbs\Downloads\micro service-20221125T023524Z-001\micro service\apache-maven-3.8.5-bin\apache-maven-3.8.5 -Dlibrary.jansi.path=C:\Users\sfjbs\Downloads\micro service-20221125T023524Z-001\micro service\apache-maven-3.8.5-bin\apache-maven-3.8.5\lib\jansi-native -Dmaven.multiModuleProjectDirectory=C:\Users\sfjbs\training\java-microservices-Training\Miniproject\pension_management_system org.codehaus.plexus.classworlds.launcher.Launcher install dockerfile:build

Host: Intel(R) Xeon(R) Platinum 8272CL CPU @ 2.60GHz, 2 cores, 7G,  Windows 10 , 64 bit Build 19041 (10.0.19041.2364)
Time: Mon Dec 19 08:24:43 2022 Coordinated Universal Time elapsed time: 200.203391 seconds (0d 0h 3m 20s)

---------------  T H R E A D  ---------------

Current thread (0x00000152a9502800):  JavaThread "C2 CompilerThread0" daemon [_thread_in_native, id=1400, stack(0x00000024f9900000,0x00000024f9a00000)]


Current CompileTask:
C2: 200203 6120   !   4       java.util.concurrent.ConcurrentHashMap::computeIfAbsent (576 bytes)

Stack: [0x00000024f9900000,0x00000024f9a00000]
Native frames: (J=compiled Java code, j=interpreted, Vv=VM code, C=native code)
V  [jvm.dll+0x62a3ea]
V  [jvm.dll+0x76418f]
V  [jvm.dll+0x765839]
V  [jvm.dll+0x765ec3]
V  [jvm.dll+0x23da98]
V  [jvm.dll+0xb2a1c]
V  [jvm.dll+0xb2fdc]
V  [jvm.dll+0xb2b2b]
V  [jvm.dll+0x60a6ef]
V  [jvm.dll+0x53dc78]
V  [jvm.dll+0x1f9c2f]
V  [jvm.dll+0x1f756d]
V  [jvm.dll+0x177c81]
V  [jvm.dll+0x207006]
V  [jvm.dll+0x20519b]
V  [jvm.dll+0x729fa0]
V  [jvm.dll+0x722b74]
V  [jvm.dll+0x629286]
C  [ucrtbase.dll+0x21bb2]
C  [KERNEL32.DLL+0x17614]
C  [ntdll.dll+0x526a1]


---------------  P R O C E S S  ---------------

Threads class SMR info:
_java_thread_list=0x00000152ad359dc0, length=16, elements={
0x000001528ba16800, 0x00000152a94db800, 0x00000152a94dc800, 0x00000152a94f9000,
0x00000152a94fd000, 0x00000152a94fe000, 0x00000152a9502800, 0x00000152a9503800,
0x00000152a953c800, 0x00000152a9fcf800, 0x00000152ace20800, 0x00000152acbe8800,
0x00000152ab5a1000, 0x00000152ab5ff800, 0x00000152ad019800, 0x00000152ad187000
}

Java Threads: ( => current thread )
  0x000001528ba16800 JavaThread "main" [_thread_in_Java, id=2064, stack(0x00000024f8d00000,0x00000024f8e00000)]
  0x00000152a94db800 JavaThread "Reference Handler" daemon [_thread_blocked, id=9808, stack(0x00000024f9400000,0x00000024f9500000)]
  0x00000152a94dc800 JavaThread "Finalizer" daemon [_thread_blocked, id=10836, stack(0x00000024f9500000,0x00000024f9600000)]
  0x00000152a94f9000 JavaThread "Signal Dispatcher" daemon [_thread_blocked, id=5680, stack(0x00000024f9600000,0x00000024f9700000)]
  0x00000152a94fd000 JavaThread "Attach Listener" daemon [_thread_blocked, id=9604, stack(0x00000024f9700000,0x00000024f9800000)]
  0x00000152a94fe000 JavaThread "Service Thread" daemon [_thread_blocked, id=2456, stack(0x00000024f9800000,0x00000024f9900000)]
=>0x00000152a9502800 JavaThread "C2 CompilerThread0" daemon [_thread_in_native, id=1400, stack(0x00000024f9900000,0x00000024f9a00000)]
  0x00000152a9503800 JavaThread "C1 CompilerThread0" daemon [_thread_blocked, id=6984, stack(0x00000024f9a00000,0x00000024f9b00000)]
  0x00000152a953c800 JavaThread "Sweeper thread" daemon [_thread_blocked, id=9700, stack(0x00000024f9b00000,0x00000024f9c00000)]
  0x00000152a9fcf800 JavaThread "Common-Cleaner" daemon [_thread_blocked, id=9428, stack(0x00000024f9d00000,0x00000024f9e00000)]
  0x00000152ace20800 JavaThread "resolver-1" daemon [_thread_blocked, id=10812, stack(0x00000024f9f00000,0x00000024fa000000)]
  0x00000152acbe8800 JavaThread "resolver-2" daemon [_thread_blocked, id=6556, stack(0x00000024fa000000,0x00000024fa100000)]
  0x00000152ab5a1000 JavaThread "resolver-3" daemon [_thread_blocked, id=2444, stack(0x00000024fa100000,0x00000024fa200000)]
  0x00000152ab5ff800 JavaThread "resolver-4" daemon [_thread_blocked, id=8900, stack(0x00000024fa200000,0x00000024fa300000)]
  0x00000152ad019800 JavaThread "resolver-5" daemon [_thread_blocked, id=2772, stack(0x00000024fa300000,0x00000024fa400000)]
  0x00000152ad187000 JavaThread "jersey-client-async-executor-0" [_thread_blocked, id=12124, stack(0x00000024fa500000,0x00000024fa600000)]

Other Threads:
  0x00000152a94da800 VMThread "VM Thread" [stack: 0x00000024f9300000,0x00000024f9400000] [id=2592]
  0x00000152a9fca000 WatcherThread [stack: 0x00000024f9c00000,0x00000024f9d00000] [id=11328]
  0x000001528ba2c800 GCTaskThread "GC Thread#0" [stack: 0x00000024f8e00000,0x00000024f8f00000] [id=1196]
  0x00000152aa5f3000 GCTaskThread "GC Thread#1" [stack: 0x00000024f9e00000,0x00000024f9f00000] [id=4932]
  0x000001528ba5d000 ConcurrentGCThread "G1 Main Marker" [stack: 0x00000024f8f00000,0x00000024f9000000] [id=6120]
  0x000001528ba5f000 ConcurrentGCThread "G1 Conc#0" [stack: 0x00000024f9000000,0x00000024f9100000] [id=8240]
  0x000001528bae6000 ConcurrentGCThread "G1 Refine#0" [stack: 0x00000024f9100000,0x00000024f9200000] [id=896]
  0x000001528bae7000 ConcurrentGCThread "G1 Young RemSet Sampling" [stack: 0x00000024f9200000,0x00000024f9300000] [id=9744]

Threads with active compile tasks:
C2 CompilerThread0   200252 6120   !   4       java.util.concurrent.ConcurrentHashMap::computeIfAbsent (576 bytes)

VM state:not at safepoint (normal execution)

VM Mutex/Monitor currently owned by a thread: None

Heap address: 0x0000000080000000, size: 2048 MB, Compressed Oops mode: 32-bit
Narrow klass base: 0x0000000000000000, Narrow klass shift: 3
Compressed class space size: 1073741824 Address: 0x0000000100000000

Heap:
 garbage-first heap   total 157696K, used 87439K [0x0000000080000000, 0x0000000100000000)
  region size 1024K, 63 young (64512K), 6 survivors (6144K)
 Metaspace       used 45348K, capacity 46226K, committed 46336K, reserved 1089536K
  class space    used 5002K, capacity 5302K, committed 5376K, reserved 1048576K
Heap Regions: E=young(eden), S=young(survivor), O=old, HS=humongous(starts), HC=humongous(continues), CS=collection set, F=free, A=archive, TAMS=top-at-mark-start (previous, next)
|   0|0x0000000080000000, 0x00000000800ffff8, 0x0000000080100000| 99%| O|  |TAMS 0x00000000800ffff8, 0x0000000080000000| Untracked 
|   1|0x0000000080100000, 0x0000000080200000, 0x0000000080200000|100%| O|  |TAMS 0x0000000080200000, 0x0000000080100000| Untracked 
|   2|0x0000000080200000, 0x0000000080300000, 0x0000000080300000|100%| O|  |TAMS 0x0000000080300000, 0x0000000080200000| Untracked 
|   3|0x0000000080300000, 0x0000000080400000, 0x0000000080400000|100%| O|  |TAMS 0x0000000080400000, 0x0000000080300000| Untracked 
|   4|0x0000000080400000, 0x0000000080500000, 0x0000000080500000|100%| O|  |TAMS 0x0000000080500000, 0x0000000080400000| Untracked 
|   5|0x0000000080500000, 0x0000000080600000, 0x0000000080600000|100%| O|  |TAMS 0x0000000080600000, 0x0000000080500000| Untracked 
|   6|0x0000000080600000, 0x0000000080700000, 0x0000000080700000|100%| O|  |TAMS 0x0000000080700000, 0x0000000080600000| Untracked 
|   7|0x0000000080700000, 0x0000000080800000, 0x0000000080800000|100%| O|  |TAMS 0x0000000080800000, 0x0000000080700000| Untracked 
|   8|0x0000000080800000, 0x0000000080900000, 0x0000000080900000|100%| O|  |TAMS 0x0000000080900000, 0x0000000080800000| Untracked 
|   9|0x0000000080900000, 0x0000000080a00000, 0x0000000080a00000|100%|HS|  |TAMS 0x0000000080a00000, 0x0000000080900000| Complete 
|  10|0x0000000080a00000, 0x0000000080b00000, 0x0000000080b00000|100%| O|  |TAMS 0x0000000080b00000, 0x0000000080a00000| Untracked 
|  11|0x0000000080b00000, 0x0000000080c00000, 0x0000000080c00000|100%| O|  |TAMS 0x0000000080c00000, 0x0000000080b00000| Untracked 
|  12|0x0000000080c00000, 0x0000000080d00000, 0x0000000080d00000|100%| O|  |TAMS 0x0000000080d00000, 0x0000000080c00000| Untracked 
|  13|0x0000000080d00000, 0x0000000080e00000, 0x0000000080e00000|100%| O|  |TAMS 0x0000000080e00000, 0x0000000080d00000| Untracked 
|  14|0x0000000080e00000, 0x0000000080e64000, 0x0000000080f00000| 39%| O|  |TAMS 0x0000000080e64000, 0x0000000080e00000| Untracked 
|  15|0x0000000080f00000, 0x0000000080f00000, 0x0000000081000000|  0%| F|  |TAMS 0x0000000080f00000, 0x0000000080f00000| Untracked 
|  16|0x0000000081000000, 0x0000000081000000, 0x0000000081100000|  0%| F|  |TAMS 0x0000000081000000, 0x0000000081000000| Untracked 
|  17|0x0000000081100000, 0x0000000081100000, 0x0000000081200000|  0%| F|  |TAMS 0x0000000081100000, 0x0000000081100000| Untracked 
|  18|0x0000000081200000, 0x0000000081200000, 0x0000000081300000|  0%| F|  |TAMS 0x0000000081200000, 0x0000000081200000| Untracked 
|  19|0x0000000081300000, 0x0000000081300000, 0x0000000081400000|  0%| F|  |TAMS 0x0000000081300000, 0x0000000081300000| Untracked 
|  20|0x0000000081400000, 0x0000000081400000, 0x0000000081500000|  0%| F|  |TAMS 0x0000000081400000, 0x0000000081400000| Untracked 
|  21|0x0000000081500000, 0x0000000081500000, 0x0000000081600000|  0%| F|  |TAMS 0x0000000081500000, 0x0000000081500000| Untracked 
|  22|0x0000000081600000, 0x0000000081600000, 0x0000000081700000|  0%| F|  |TAMS 0x0000000081600000, 0x0000000081600000| Untracked 
|  23|0x0000000081700000, 0x0000000081700000, 0x0000000081800000|  0%| F|  |TAMS 0x0000000081700000, 0x0000000081700000| Untracked 
|  24|0x0000000081800000, 0x0000000081800000, 0x0000000081900000|  0%| F|  |TAMS 0x0000000081800000, 0x0000000081800000| Untracked 
|  25|0x0000000081900000, 0x0000000081900000, 0x0000000081a00000|  0%| F|  |TAMS 0x0000000081900000, 0x0000000081900000| Untracked 
|  26|0x0000000081a00000, 0x0000000081a00000, 0x0000000081b00000|  0%| F|  |TAMS 0x0000000081a00000, 0x0000000081a00000| Untracked 
|  27|0x0000000081b00000, 0x0000000081b00000, 0x0000000081c00000|  0%| F|  |TAMS 0x0000000081b00000, 0x0000000081b00000| Untracked 
|  28|0x0000000081c00000, 0x0000000081c00000, 0x0000000081d00000|  0%| F|  |TAMS 0x0000000081c00000, 0x0000000081c00000| Untracked 
|  29|0x0000000081d00000, 0x0000000081d00000, 0x0000000081e00000|  0%| F|  |TAMS 0x0000000081d00000, 0x0000000081d00000| Untracked 
|  30|0x0000000081e00000, 0x0000000081e00000, 0x0000000081f00000|  0%| F|  |TAMS 0x0000000081e00000, 0x0000000081e00000| Untracked 
|  31|0x0000000081f00000, 0x0000000081f00000, 0x0000000082000000|  0%| F|  |TAMS 0x0000000081f00000, 0x0000000081f00000| Untracked 
|  32|0x0000000082000000, 0x0000000082000000, 0x0000000082100000|  0%| F|  |TAMS 0x0000000082000000, 0x0000000082000000| Untracked 
|  33|0x0000000082100000, 0x0000000082100000, 0x0000000082200000|  0%| F|  |TAMS 0x0000000082100000, 0x0000000082100000| Untracked 
|  34|0x0000000082200000, 0x0000000082200000, 0x0000000082300000|  0%| F|  |TAMS 0x0000000082200000, 0x0000000082200000| Untracked 
|  35|0x0000000082300000, 0x0000000082300000, 0x0000000082400000|  0%| F|  |TAMS 0x0000000082300000, 0x0000000082300000| Untracked 
|  36|0x0000000082400000, 0x0000000082400000, 0x0000000082500000|  0%| F|  |TAMS 0x0000000082400000, 0x0000000082400000| Untracked 
|  37|0x0000000082500000, 0x0000000082500000, 0x0000000082600000|  0%| F|  |TAMS 0x0000000082500000, 0x0000000082500000| Untracked 
|  38|0x0000000082600000, 0x0000000082600000, 0x0000000082700000|  0%| F|  |TAMS 0x0000000082600000, 0x0000000082600000| Untracked 
|  39|0x0000000082700000, 0x0000000082700000, 0x0000000082800000|  0%| F|  |TAMS 0x0000000082700000, 0x0000000082700000| Untracked 
|  40|0x0000000082800000, 0x0000000082800000, 0x0000000082900000|  0%| F|  |TAMS 0x0000000082800000, 0x0000000082800000| Untracked 
|  41|0x0000000082900000, 0x0000000082900000, 0x0000000082a00000|  0%| F|  |TAMS 0x0000000082900000, 0x0000000082900000| Untracked 
|  42|0x0000000082a00000, 0x0000000082a00000, 0x0000000082b00000|  0%| F|  |TAMS 0x0000000082a00000, 0x0000000082a00000| Untracked 
|  43|0x0000000082b00000, 0x0000000082b00000, 0x0000000082c00000|  0%| F|  |TAMS 0x0000000082b00000, 0x0000000082b00000| Untracked 
|  44|0x0000000082c00000, 0x0000000082c00000, 0x0000000082d00000|  0%| F|  |TAMS 0x0000000082c00000, 0x0000000082c00000| Untracked 
|  45|0x0000000082d00000, 0x0000000082d00000, 0x0000000082e00000|  0%| F|  |TAMS 0x0000000082d00000, 0x0000000082d00000| Untracked 
|  46|0x0000000082e00000, 0x0000000082e00000, 0x0000000082f00000|  0%| F|  |TAMS 0x0000000082e00000, 0x0000000082e00000| Untracked 
|  47|0x0000000082f00000, 0x0000000082f00000, 0x0000000083000000|  0%| F|  |TAMS 0x0000000082f00000, 0x0000000082f00000| Untracked 
|  48|0x0000000083000000, 0x0000000083000000, 0x0000000083100000|  0%| F|  |TAMS 0x0000000083000000, 0x0000000083000000| Untracked 
|  49|0x0000000083100000, 0x0000000083100000, 0x0000000083200000|  0%| F|  |TAMS 0x0000000083100000, 0x0000000083100000| Untracked 
|  50|0x0000000083200000, 0x0000000083200000, 0x0000000083300000|  0%| F|  |TAMS 0x0000000083200000, 0x0000000083200000| Untracked 
|  51|0x0000000083300000, 0x0000000083400000, 0x0000000083400000|100%| O|  |TAMS 0x0000000083400000, 0x0000000083300000| Untracked 
|  52|0x0000000083400000, 0x0000000083500000, 0x0000000083500000|100%| O|  |TAMS 0x0000000083500000, 0x0000000083400000| Untracked 
|  53|0x0000000083500000, 0x0000000083600000, 0x0000000083600000|100%| O|  |TAMS 0x0000000083600000, 0x0000000083500000| Untracked 
|  54|0x0000000083600000, 0x0000000083700000, 0x0000000083700000|100%| O|  |TAMS 0x0000000083700000, 0x0000000083600000| Untracked 
|  55|0x0000000083700000, 0x0000000083800000, 0x0000000083800000|100%| O|  |TAMS 0x0000000083800000, 0x0000000083700000| Untracked 
|  56|0x0000000083800000, 0x0000000083900000, 0x0000000083900000|100%| O|  |TAMS 0x0000000083900000, 0x0000000083800000| Untracked 
|  57|0x0000000083900000, 0x0000000083a00000, 0x0000000083a00000|100%| O|  |TAMS 0x0000000083a00000, 0x0000000083900000| Untracked 
|  58|0x0000000083a00000, 0x0000000083b00000, 0x0000000083b00000|100%| O|  |TAMS 0x0000000083b00000, 0x0000000083a00000| Untracked 
|  59|0x0000000083b00000, 0x0000000083c00000, 0x0000000083c00000|100%| O|  |TAMS 0x0000000083c00000, 0x0000000083b00000| Untracked 
|  60|0x0000000083c00000, 0x0000000083c00000, 0x0000000083d00000|  0%| F|  |TAMS 0x0000000083c00000, 0x0000000083c00000| Untracked 
|  61|0x0000000083d00000, 0x0000000083d00000, 0x0000000083e00000|  0%| F|  |TAMS 0x0000000083d00000, 0x0000000083d00000| Untracked 
|  62|0x0000000083e00000, 0x0000000083e00000, 0x0000000083f00000|  0%| F|  |TAMS 0x0000000083e00000, 0x0000000083e00000| Untracked 
|  63|0x0000000083f00000, 0x0000000083f00000, 0x0000000084000000|  0%| F|  |TAMS 0x0000000083f00000, 0x0000000083f00000| Untracked 
|  64|0x0000000084000000, 0x0000000084000000, 0x0000000084100000|  0%| F|  |TAMS 0x0000000084000000, 0x0000000084000000| Untracked 
|  65|0x0000000084100000, 0x0000000084100000, 0x0000000084200000|  0%| F|  |TAMS 0x0000000084100000, 0x0000000084100000| Untracked 
|  66|0x0000000084200000, 0x0000000084200000, 0x0000000084300000|  0%| F|  |TAMS 0x0000000084200000, 0x0000000084200000| Untracked 
|  67|0x0000000084300000, 0x0000000084300000, 0x0000000084400000|  0%| F|  |TAMS 0x0000000084300000, 0x0000000084300000| Untracked 
|  68|0x0000000084400000, 0x0000000084400000, 0x0000000084500000|  0%| F|  |TAMS 0x0000000084400000, 0x0000000084400000| Untracked 
|  69|0x0000000084500000, 0x0000000084500000, 0x0000000084600000|  0%| F|  |TAMS 0x0000000084500000, 0x0000000084500000| Untracked 
|  70|0x0000000084600000, 0x0000000084600000, 0x0000000084700000|  0%| F|  |TAMS 0x0000000084600000, 0x0000000084600000| Untracked 
|  71|0x0000000084700000, 0x0000000084700000, 0x0000000084800000|  0%| F|  |TAMS 0x0000000084700000, 0x0000000084700000| Untracked 
|  72|0x0000000084800000, 0x0000000084800000, 0x0000000084900000|  0%| F|  |TAMS 0x0000000084800000, 0x0000000084800000| Untracked 
|  73|0x0000000084900000, 0x0000000084900000, 0x0000000084a00000|  0%| F|  |TAMS 0x0000000084900000, 0x0000000084900000| Untracked 
|  74|0x0000000084a00000, 0x0000000084a00000, 0x0000000084b00000|  0%| F|  |TAMS 0x0000000084a00000, 0x0000000084a00000| Untracked 
|  75|0x0000000084b00000, 0x0000000084b00000, 0x0000000084c00000|  0%| F|  |TAMS 0x0000000084b00000, 0x0000000084b00000| Untracked 
|  76|0x0000000084c00000, 0x0000000084c00000, 0x0000000084d00000|  0%| F|  |TAMS 0x0000000084c00000, 0x0000000084c00000| Untracked 
|  77|0x0000000084d00000, 0x0000000084d00000, 0x0000000084e00000|  0%| F|  |TAMS 0x0000000084d00000, 0x0000000084d00000| Untracked 
|  78|0x0000000084e00000, 0x0000000084e00000, 0x0000000084f00000|  0%| F|  |TAMS 0x0000000084e00000, 0x0000000084e00000| Untracked 
|  79|0x0000000084f00000, 0x0000000084f00000, 0x0000000085000000|  0%| F|  |TAMS 0x0000000084f00000, 0x0000000084f00000| Untracked 
|  80|0x0000000085000000, 0x0000000085000000, 0x0000000085100000|  0%| F|  |TAMS 0x0000000085000000, 0x0000000085000000| Untracked 
|  81|0x0000000085100000, 0x0000000085100000, 0x0000000085200000|  0%| F|  |TAMS 0x0000000085100000, 0x0000000085100000| Untracked 
|  82|0x0000000085200000, 0x0000000085200000, 0x0000000085300000|  0%| F|  |TAMS 0x0000000085200000, 0x0000000085200000| Untracked 
|  83|0x0000000085300000, 0x0000000085300000, 0x0000000085400000|  0%| F|  |TAMS 0x0000000085300000, 0x0000000085300000| Untracked 
|  84|0x0000000085400000, 0x0000000085400000, 0x0000000085500000|  0%| F|  |TAMS 0x0000000085400000, 0x0000000085400000| Untracked 
|  85|0x0000000085500000, 0x0000000085500000, 0x0000000085600000|  0%| F|  |TAMS 0x0000000085500000, 0x0000000085500000| Untracked 
|  86|0x0000000085600000, 0x0000000085600000, 0x0000000085700000|  0%| F|  |TAMS 0x0000000085600000, 0x0000000085600000| Untracked 
|  87|0x0000000085700000, 0x0000000085700000, 0x0000000085800000|  0%| F|  |TAMS 0x0000000085700000, 0x0000000085700000| Untracked 
|  88|0x0000000085800000, 0x0000000085800000, 0x0000000085900000|  0%| F|  |TAMS 0x0000000085800000, 0x0000000085800000| Untracked 
|  89|0x0000000085900000, 0x0000000085900000, 0x0000000085a00000|  0%| F|  |TAMS 0x0000000085900000, 0x0000000085900000| Untracked 
|  90|0x0000000085a00000, 0x0000000085a00000, 0x0000000085b00000|  0%| F|  |TAMS 0x0000000085a00000, 0x0000000085a00000| Untracked 
|  91|0x0000000085b00000, 0x0000000085c00000, 0x0000000085c00000|100%| E|  |TAMS 0x0000000085b00000, 0x0000000085b00000| Complete 
|  92|0x0000000085c00000, 0x0000000085d00000, 0x0000000085d00000|100%| E|CS|TAMS 0x0000000085c00000, 0x0000000085c00000| Complete 
|  93|0x0000000085d00000, 0x0000000085e00000, 0x0000000085e00000|100%| E|CS|TAMS 0x0000000085d00000, 0x0000000085d00000| Complete 
|  94|0x0000000085e00000, 0x0000000085f00000, 0x0000000085f00000|100%| E|CS|TAMS 0x0000000085e00000, 0x0000000085e00000| Complete 
|  95|0x0000000085f00000, 0x0000000086000000, 0x0000000086000000|100%| E|CS|TAMS 0x0000000085f00000, 0x0000000085f00000| Complete 
|  96|0x0000000086000000, 0x0000000086100000, 0x0000000086100000|100%| E|CS|TAMS 0x0000000086000000, 0x0000000086000000| Complete 
|  97|0x0000000086100000, 0x0000000086200000, 0x0000000086200000|100%| E|CS|TAMS 0x0000000086100000, 0x0000000086100000| Complete 
|  98|0x0000000086200000, 0x0000000086300000, 0x0000000086300000|100%| E|CS|TAMS 0x0000000086200000, 0x0000000086200000| Complete 
|  99|0x0000000086300000, 0x0000000086400000, 0x0000000086400000|100%| E|CS|TAMS 0x0000000086300000, 0x0000000086300000| Complete 
| 100|0x0000000086400000, 0x0000000086500000, 0x0000000086500000|100%| E|CS|TAMS 0x0000000086400000, 0x0000000086400000| Complete 
| 101|0x0000000086500000, 0x0000000086600000, 0x0000000086600000|100%| E|CS|TAMS 0x0000000086500000, 0x0000000086500000| Complete 
| 102|0x0000000086600000, 0x0000000086700000, 0x0000000086700000|100%| E|CS|TAMS 0x0000000086600000, 0x0000000086600000| Complete 
| 103|0x0000000086700000, 0x0000000086800000, 0x0000000086800000|100%| E|CS|TAMS 0x0000000086700000, 0x0000000086700000| Complete 
| 104|0x0000000086800000, 0x0000000086900000, 0x0000000086900000|100%| E|CS|TAMS 0x0000000086800000, 0x0000000086800000| Complete 
| 105|0x0000000086900000, 0x0000000086a00000, 0x0000000086a00000|100%| E|CS|TAMS 0x0000000086900000, 0x0000000086900000| Complete 
| 106|0x0000000086a00000, 0x0000000086b00000, 0x0000000086b00000|100%| E|CS|TAMS 0x0000000086a00000, 0x0000000086a00000| Complete 
| 107|0x0000000086b00000, 0x0000000086c00000, 0x0000000086c00000|100%| E|CS|TAMS 0x0000000086b00000, 0x0000000086b00000| Complete 
| 108|0x0000000086c00000, 0x0000000086d00000, 0x0000000086d00000|100%| E|CS|TAMS 0x0000000086c00000, 0x0000000086c00000| Complete 
| 109|0x0000000086d00000, 0x0000000086e00000, 0x0000000086e00000|100%| E|CS|TAMS 0x0000000086d00000, 0x0000000086d00000| Complete 
| 110|0x0000000086e00000, 0x0000000086f00000, 0x0000000086f00000|100%| E|CS|TAMS 0x0000000086e00000, 0x0000000086e00000| Complete 
| 111|0x0000000086f00000, 0x0000000087000000, 0x0000000087000000|100%| E|CS|TAMS 0x0000000086f00000, 0x0000000086f00000| Complete 
| 112|0x0000000087000000, 0x0000000087100000, 0x0000000087100000|100%| E|CS|TAMS 0x0000000087000000, 0x0000000087000000| Complete 
| 113|0x0000000087100000, 0x0000000087200000, 0x0000000087200000|100%| E|CS|TAMS 0x0000000087100000, 0x0000000087100000| Complete 
| 114|0x0000000087200000, 0x0000000087300000, 0x0000000087300000|100%| E|CS|TAMS 0x0000000087200000, 0x0000000087200000| Complete 
| 115|0x0000000087300000, 0x0000000087400000, 0x0000000087400000|100%| E|CS|TAMS 0x0000000087300000, 0x0000000087300000| Complete 
| 116|0x0000000087400000, 0x0000000087500000, 0x0000000087500000|100%| E|CS|TAMS 0x0000000087400000, 0x0000000087400000| Complete 
| 117|0x0000000087500000, 0x0000000087600000, 0x0000000087600000|100%| E|CS|TAMS 0x0000000087500000, 0x0000000087500000| Complete 
| 118|0x0000000087600000, 0x0000000087700000, 0x0000000087700000|100%| E|CS|TAMS 0x0000000087600000, 0x0000000087600000| Complete 
| 119|0x0000000087700000, 0x0000000087800000, 0x0000000087800000|100%| E|CS|TAMS 0x0000000087700000, 0x0000000087700000| Complete 
| 120|0x0000000087800000, 0x0000000087900000, 0x0000000087900000|100%| S|CS|TAMS 0x0000000087800000, 0x0000000087800000| Complete 
| 121|0x0000000087900000, 0x0000000087a00000, 0x0000000087a00000|100%| S|CS|TAMS 0x0000000087900000, 0x0000000087900000| Complete 
| 122|0x0000000087a00000, 0x0000000087b00000, 0x0000000087b00000|100%| S|CS|TAMS 0x0000000087a00000, 0x0000000087a00000| Complete 
| 123|0x0000000087b00000, 0x0000000087c00000, 0x0000000087c00000|100%| S|CS|TAMS 0x0000000087b00000, 0x0000000087b00000| Complete 
| 124|0x0000000087c00000, 0x0000000087d00000, 0x0000000087d00000|100%| S|CS|TAMS 0x0000000087c00000, 0x0000000087c00000| Complete 
| 125|0x0000000087d00000, 0x0000000087e00000, 0x0000000087e00000|100%| S|CS|TAMS 0x0000000087d00000, 0x0000000087d00000| Complete 
| 126|0x0000000087e00000, 0x0000000087f00000, 0x0000000087f00000|100%| E|CS|TAMS 0x0000000087e00000, 0x0000000087e00000| Complete 
| 127|0x0000000087f00000, 0x0000000088000000, 0x0000000088000000|100%| E|CS|TAMS 0x0000000087f00000, 0x0000000087f00000| Complete 
| 128|0x0000000088000000, 0x0000000088100000, 0x0000000088100000|100%| E|CS|TAMS 0x0000000088000000, 0x0000000088000000| Complete 
| 129|0x0000000088100000, 0x0000000088200000, 0x0000000088200000|100%| E|CS|TAMS 0x0000000088100000, 0x0000000088100000| Complete 
| 130|0x0000000088200000, 0x0000000088300000, 0x0000000088300000|100%| E|CS|TAMS 0x0000000088200000, 0x0000000088200000| Complete 
| 131|0x0000000088300000, 0x0000000088400000, 0x0000000088400000|100%| E|CS|TAMS 0x0000000088300000, 0x0000000088300000| Complete 
| 132|0x0000000088400000, 0x0000000088500000, 0x0000000088500000|100%| E|CS|TAMS 0x0000000088400000, 0x0000000088400000| Complete 
| 133|0x0000000088500000, 0x0000000088600000, 0x0000000088600000|100%| E|CS|TAMS 0x0000000088500000, 0x0000000088500000| Complete 
| 134|0x0000000088600000, 0x0000000088700000, 0x0000000088700000|100%| E|CS|TAMS 0x0000000088600000, 0x0000000088600000| Complete 
| 135|0x0000000088700000, 0x0000000088800000, 0x0000000088800000|100%| E|CS|TAMS 0x0000000088700000, 0x0000000088700000| Complete 
| 136|0x0000000088800000, 0x0000000088900000, 0x0000000088900000|100%| E|CS|TAMS 0x0000000088800000, 0x0000000088800000| Complete 
| 137|0x0000000088900000, 0x0000000088a00000, 0x0000000088a00000|100%| E|CS|TAMS 0x0000000088900000, 0x0000000088900000| Complete 
| 138|0x0000000088a00000, 0x0000000088b00000, 0x0000000088b00000|100%| E|CS|TAMS 0x0000000088a00000, 0x0000000088a00000| Complete 
| 139|0x0000000088b00000, 0x0000000088c00000, 0x0000000088c00000|100%| E|CS|TAMS 0x0000000088b00000, 0x0000000088b00000| Complete 
| 140|0x0000000088c00000, 0x0000000088d00000, 0x0000000088d00000|100%| E|CS|TAMS 0x0000000088c00000, 0x0000000088c00000| Complete 
| 141|0x0000000088d00000, 0x0000000088e00000, 0x0000000088e00000|100%| E|CS|TAMS 0x0000000088d00000, 0x0000000088d00000| Complete 
| 142|0x0000000088e00000, 0x0000000088f00000, 0x0000000088f00000|100%| E|CS|TAMS 0x0000000088e00000, 0x0000000088e00000| Complete 
| 143|0x0000000088f00000, 0x0000000089000000, 0x0000000089000000|100%| E|CS|TAMS 0x0000000088f00000, 0x0000000088f00000| Complete 
| 144|0x0000000089000000, 0x0000000089100000, 0x0000000089100000|100%| E|CS|TAMS 0x0000000089000000, 0x0000000089000000| Complete 
| 145|0x0000000089100000, 0x0000000089200000, 0x0000000089200000|100%| E|CS|TAMS 0x0000000089100000, 0x0000000089100000| Complete 
| 146|0x0000000089200000, 0x0000000089300000, 0x0000000089300000|100%| E|CS|TAMS 0x0000000089200000, 0x0000000089200000| Complete 
| 147|0x0000000089300000, 0x0000000089400000, 0x0000000089400000|100%| E|CS|TAMS 0x0000000089300000, 0x0000000089300000| Complete 
| 148|0x0000000089400000, 0x0000000089500000, 0x0000000089500000|100%| E|CS|TAMS 0x0000000089400000, 0x0000000089400000| Complete 
| 149|0x0000000089500000, 0x0000000089600000, 0x0000000089600000|100%| E|CS|TAMS 0x0000000089500000, 0x0000000089500000| Complete 
| 150|0x0000000089600000, 0x0000000089700000, 0x0000000089700000|100%| E|CS|TAMS 0x0000000089600000, 0x0000000089600000| Complete 
| 151|0x0000000089700000, 0x0000000089800000, 0x0000000089800000|100%| E|CS|TAMS 0x0000000089700000, 0x0000000089700000| Complete 
| 152|0x0000000089800000, 0x0000000089900000, 0x0000000089900000|100%| E|CS|TAMS 0x0000000089800000, 0x0000000089800000| Complete 
| 153|0x0000000089900000, 0x0000000089a00000, 0x0000000089a00000|100%| E|CS|TAMS 0x0000000089900000, 0x0000000089900000| Complete 

Card table byte_map: [0x00000152a28d0000,0x00000152a2cd0000] _byte_map_base: 0x00000152a24d0000

Marking Bits (Prev, Next): (CMBitMap*) 0x000001528ba53f88, (CMBitMap*) 0x000001528ba53fc0
 Prev Bits: [0x00000152a30d0000, 0x00000152a50d0000)
 Next Bits: [0x00000152a50d0000, 0x00000152a70d0000)

Polling page: 0x000001528a0e0000

Metaspace:

Usage:
  Non-class:     39.96 MB capacity,    39.40 MB ( 99%) used,   519.96 KB (  1%) free+waste,    58.00 KB ( <1%) overhead. 
      Class:      5.18 MB capacity,     4.89 MB ( 94%) used,   276.34 KB (  5%) free+waste,    23.19 KB ( <1%) overhead. 
       Both:     45.14 MB capacity,    44.29 MB ( 98%) used,   796.30 KB (  2%) free+waste,    81.19 KB ( <1%) overhead. 

Virtual space:
  Non-class space:       40.00 MB reserved,      40.00 MB (100%) committed 
      Class space:        1.00 GB reserved,       5.25 MB ( <1%) committed 
             Both:        1.04 GB reserved,      45.25 MB (  4%) committed 

Chunk freelists:
   Non-Class:  4.50 KB
       Class:  1.25 KB
        Both:  5.75 KB

CodeHeap 'non-profiled nmethods': size=120064Kb used=3491Kb max_used=3491Kb free=116572Kb
 bounds [0x000001529ab90000, 0x000001529af00000, 0x00000152a20d0000]
CodeHeap 'profiled nmethods': size=120000Kb used=14222Kb max_used=14222Kb free=105777Kb
 bounds [0x0000015293660000, 0x0000015294450000, 0x000001529ab90000]
CodeHeap 'non-nmethods': size=5696Kb used=1193Kb max_used=1226Kb free=4502Kb
 bounds [0x00000152930d0000, 0x0000015293340000, 0x0000015293660000]
 total_blobs=6601 nmethods=6066 adapters=446
 compilation: enabled
              stopped_count=0, restarted_count=0
 full_count=0

Compilation events (10 events):
Event: 199.806 Thread 0x00000152a9503800 nmethod 6115 0x0000015294441590 code [0x0000015294441720, 0x0000015294441818]
Event: 199.811 Thread 0x00000152a9503800 6116       3       com.spotify.docker.client.shaded.com.fasterxml.jackson.databind.introspect.AnnotatedClass::resolveType (13 bytes)
Event: 199.811 Thread 0x00000152a9503800 nmethod 6116 0x0000015294441890 code [0x0000015294441a40, 0x0000015294441be8]
Event: 199.811 Thread 0x00000152a9503800 6117       1       com.spotify.docker.client.shaded.com.fasterxml.jackson.databind.JavaType::isMapLikeType (2 bytes)
Event: 199.811 Thread 0x00000152a9503800 nmethod 6117 0x000001529aef8a10 code [0x000001529aef8ba0, 0x000001529aef8c58]
Event: 200.072 Thread 0x00000152a9503800 6118   !   3       java.io.BufferedWriter::flushBuffer (53 bytes)
Event: 200.073 Thread 0x00000152a9503800 nmethod 6118 0x0000015294441d10 code [0x0000015294441ee0, 0x0000015294442478]
Event: 200.144 Thread 0x00000152a9503800 6119       3       java.io.WinNTFileSystem::normalize (143 bytes)
Event: 200.146 Thread 0x00000152a9503800 nmethod 6119 0x0000015294442690 code [0x0000015294442900, 0x0000015294443498]
Event: 200.179 Thread 0x00000152a9502800 6120   !   4       java.util.concurrent.ConcurrentHashMap::computeIfAbsent (576 bytes)

GC Heap History (10 events):
Event: 6.755 GC heap before
{Heap before GC invocations=7 (full 0):
 garbage-first heap   total 157696K, used 121938K [0x0000000080000000, 0x0000000100000000)
  region size 1024K, 69 young (70656K), 10 survivors (10240K)
 Metaspace       used 22851K, capacity 23228K, committed 23552K, reserved 1071104K
  class space    used 2325K, capacity 2468K, committed 2560K, reserved 1048576K
}
Event: 6.794 GC heap after
{Heap after GC invocations=8 (full 0):
 garbage-first heap   total 157696K, used 16456K [0x0000000080000000, 0x0000000100000000)
  region size 1024K, 5 young (5120K), 5 survivors (5120K)
 Metaspace       used 22851K, capacity 23228K, committed 23552K, reserved 1071104K
  class space    used 2325K, capacity 2468K, committed 2560K, reserved 1048576K
}
Event: 42.433 GC heap before
{Heap before GC invocations=8 (full 0):
 garbage-first heap   total 157696K, used 81992K [0x0000000080000000, 0x0000000100000000)
  region size 1024K, 69 young (70656K), 5 survivors (5120K)
 Metaspace       used 26285K, capacity 26793K, committed 26880K, reserved 1073152K
  class space    used 2609K, capacity 2783K, committed 2816K, reserved 1048576K
}
Event: 42.453 GC heap after
{Heap after GC invocations=9 (full 0):
 garbage-first heap   total 157696K, used 19455K [0x0000000080000000, 0x0000000100000000)
  region size 1024K, 3 young (3072K), 3 survivors (3072K)
 Metaspace       used 26285K, capacity 26793K, committed 26880K, reserved 1073152K
  class space    used 2609K, capacity 2783K, committed 2816K, reserved 1048576K
}
Event: 43.982 GC heap before
{Heap before GC invocations=9 (full 0):
 garbage-first heap   total 157696K, used 96255K [0x0000000080000000, 0x0000000100000000)
  region size 1024K, 77 young (78848K), 3 survivors (3072K)
 Metaspace       used 28618K, capacity 29272K, committed 29568K, reserved 1075200K
  class space    used 2921K, capacity 3140K, committed 3200K, reserved 1048576K
}
Event: 43.999 GC heap after
{Heap after GC invocations=10 (full 0):
 garbage-first heap   total 157696K, used 23185K [0x0000000080000000, 0x0000000100000000)
  region size 1024K, 7 young (7168K), 7 survivors (7168K)
 Metaspace       used 28618K, capacity 29272K, committed 29568K, reserved 1075200K
  class space    used 2921K, capacity 3140K, committed 3200K, reserved 1048576K
}
Event: 46.645 GC heap before
{Heap before GC invocations=10 (full 0):
 garbage-first heap   total 157696K, used 108177K [0x0000000080000000, 0x0000000100000000)
  region size 1024K, 88 young (90112K), 7 survivors (7168K)
 Metaspace       used 29529K, capacity 30236K, committed 30464K, reserved 1077248K
  class space    used 3046K, capacity 3293K, committed 3328K, reserved 1048576K
}
Event: 46.667 GC heap after
{Heap after GC invocations=11 (full 0):
 garbage-first heap   total 157696K, used 30075K [0x0000000080000000, 0x0000000100000000)
  region size 1024K, 10 young (10240K), 10 survivors (10240K)
 Metaspace       used 29529K, capacity 30236K, committed 30464K, reserved 1077248K
  class space    used 3046K, capacity 3293K, committed 3328K, reserved 1048576K
}
Event: 47.287 GC heap before
{Heap before GC invocations=11 (full 0):
 garbage-first heap   total 157696K, used 57723K [0x0000000080000000, 0x0000000100000000)
  region size 1024K, 38 young (38912K), 10 survivors (10240K)
 Metaspace       used 34972K, capacity 35708K, committed 35840K, reserved 1081344K
  class space    used 3688K, capacity 3941K, committed 3968K, reserved 1048576K
}
Event: 47.303 GC heap after
{Heap after GC invocations=12 (full 0):
 garbage-first heap   total 157696K, used 30095K [0x0000000080000000, 0x0000000100000000)
  region size 1024K, 6 young (6144K), 6 survivors (6144K)
 Metaspace       used 34972K, capacity 35708K, committed 35840K, reserved 1081344K
  class space    used 3688K, capacity 3941K, committed 3968K, reserved 1048576K
}

Deoptimization events (10 events):
Event: 52.464 Thread 0x000001528ba16800 Uncommon trap: reason=class_check action=maybe_recompile pc=0x000001529ae03698 method=java.util.Collections$3.nextElement()Ljava/lang/Object; @ 4 c2
Event: 52.800 Thread 0x00000152ad185800 Uncommon trap: reason=unstable_if action=reinterpret pc=0x000001529abf33ac method=java.io.WinNTFileSystem.normalize(Ljava/lang/String;)Ljava/lang/String; @ 74 c2
Event: 52.802 Thread 0x00000152ad185800 Uncommon trap: reason=unstable_if action=reinterpret pc=0x000001529ae9461c method=sun.nio.ch.Util$BufferCache.get(I)Ljava/nio/ByteBuffer; @ 25 c2
Event: 53.040 Thread 0x00000152ad185800 Uncommon trap: reason=class_check action=maybe_recompile pc=0x000001529ad5a690 method=java.util.Collections$UnmodifiableMap.isEmpty()Z @ 4 c2
Event: 53.151 Thread 0x00000152ad187000 Uncommon trap: reason=class_check action=maybe_recompile pc=0x000001529ad5a690 method=java.util.Collections$UnmodifiableMap.isEmpty()Z @ 4 c2
Event: 53.152 Thread 0x00000152ad187000 Uncommon trap: reason=unstable_if action=reinterpret pc=0x000001529acdb638 method=java.lang.ThreadLocal$ThreadLocalMap.getEntry(Ljava/lang/ThreadLocal;)Ljava/lang/ThreadLocal$ThreadLocalMap$Entry; @ 29 c2
Event: 53.152 Thread 0x00000152ad187000 Uncommon trap: reason=unstable_if action=reinterpret pc=0x000001529ae9534c method=java.lang.ThreadLocal$ThreadLocalMap.getEntry(Ljava/lang/ThreadLocal;)Ljava/lang/ThreadLocal$ThreadLocalMap$Entry; @ 29 c2
Event: 53.152 Thread 0x00000152ad187000 Uncommon trap: reason=unstable_if action=reinterpret pc=0x000001529acdbb10 method=java.lang.ThreadLocal$ThreadLocalMap.getEntry(Ljava/lang/ThreadLocal;)Ljava/lang/ThreadLocal$ThreadLocalMap$Entry; @ 29 c2
Event: 156.372 Thread 0x000001528ba16800 Uncommon trap: reason=class_check action=maybe_recompile pc=0x000001529ad5a690 method=java.util.Collections$UnmodifiableMap.isEmpty()Z @ 4 c2
Event: 200.058 Thread 0x00000152ad185800 Uncommon trap: reason=unstable_if action=reinterpret pc=0x000001529ada2a88 method=java.util.concurrent.locks.ReentrantLock$Sync.nonfairTryAcquire(I)Z @ 34 c2

Classes redefined (0 events):
No events

Internal exceptions (10 events):
Event: 47.220 Thread 0x000001528ba16800 Exception <a 'sun/nio/fs/WindowsException'{0x00000000881d9e90}> (0x00000000881d9e90) thrown at [./open/src/hotspot/share/prims/jni.cpp, line 611]
Event: 47.481 Thread 0x000001528ba16800 Exception <a 'java/lang/NoClassDefFoundError'{0x0000000089883370}: org/apache/log4j/Priority> (0x0000000089883370) thrown at [./open/src/hotspot/share/classfile/systemDictionary.cpp, line 215]
Event: 47.583 Thread 0x000001528ba16800 Exception <a 'sun/nio/fs/WindowsException'{0x000000008977c3a0}> (0x000000008977c3a0) thrown at [./open/src/hotspot/share/prims/jni.cpp, line 611]
Event: 47.593 Thread 0x000001528ba16800 Exception <a 'java/lang/NoSuchMethodError'{0x000000008979af70}: java.lang.invoke.DirectMethodHandle$Holder.invokeStaticInit(Ljava/lang/Object;Ljava/lang/Object;Ljava/lang/Object;Ljava/lang/Object;)I> (0x000000008979af70) thrown at [./open/src/hotspot/shar
Event: 47.597 Thread 0x000001528ba16800 Exception <a 'java/lang/IncompatibleClassChangeError'{0x00000000897a4738}: Found class java.lang.Object, but interface was expected> (0x00000000897a4738) thrown at [./open/src/hotspot/share/interpreter/linkResolver.cpp, line 838]
Event: 47.597 Thread 0x000001528ba16800 Exception <a 'java/lang/NoSuchMethodError'{0x00000000897a79a8}: java.lang.invoke.DirectMethodHandle$Holder.invokeStaticInit(Ljava/lang/Object;Ljava/lang/Object;)V> (0x00000000897a79a8) thrown at [./open/src/hotspot/share/interpreter/linkResolver.cpp, line
Event: 47.599 Thread 0x000001528ba16800 Exception <a 'java/lang/NoSuchMethodError'{0x00000000897ad5b8}: java.lang.invoke.DirectMethodHandle$Holder.invokeStaticInit(Ljava/lang/Object;Ljava/lang/Object;)I> (0x00000000897ad5b8) thrown at [./open/src/hotspot/share/interpreter/linkResolver.cpp, line
Event: 49.051 Thread 0x000001528ba16800 Exception <a 'sun/nio/fs/WindowsException'{0x00000000875f1218}> (0x00000000875f1218) thrown at [./open/src/hotspot/share/prims/jni.cpp, line 611]
Event: 49.051 Thread 0x000001528ba16800 Exception <a 'sun/nio/fs/WindowsException'{0x00000000875f15b8}> (0x00000000875f15b8) thrown at [./open/src/hotspot/share/prims/jni.cpp, line 611]
Event: 52.393 Thread 0x000001528ba16800 Implicit null exception at 0x000001529ad202fe to 0x000001529ad2090c

Events (10 events):
Event: 200.177 loading class com/google/common/io/ByteStreams$FastByteArrayOutputStream
Event: 200.177 loading class com/google/common/io/ByteStreams$FastByteArrayOutputStream done
Event: 200.178 loading class com/google/common/io/ByteArrayDataInput
Event: 200.178 loading class com/google/common/io/ByteArrayDataInput done
Event: 200.178 loading class com/google/common/io/ByteArrayDataInput
Event: 200.178 loading class com/google/common/io/ByteArrayDataInput done
Event: 200.183 loading class com/google/common/io/ByteArrayDataOutput
Event: 200.183 loading class com/google/common/io/ByteArrayDataOutput done
Event: 200.183 loading class com/google/common/io/ByteArrayDataOutput
Event: 200.183 loading class com/google/common/io/ByteArrayDataOutput done


Dynamic libraries:
0x00007ff6347f0000 - 0x00007ff6347ff000 	C:\Program Files\Java\jdk-11.0.16\bin\java.exe
0x00007ffcdb150000 - 0x00007ffcdb348000 	C:\Windows\SYSTEM32\ntdll.dll
0x00007ffcda5a0000 - 0x00007ffcda65f000 	C:\Windows\System32\KERNEL32.DLL
0x00007ffcd89d0000 - 0x00007ffcd8ca2000 	C:\Windows\System32\KERNELBASE.dll
0x00007ffcd8cb0000 - 0x00007ffcd8db0000 	C:\Windows\System32\ucrtbase.dll
0x00007ffcbfc40000 - 0x00007ffcbfc58000 	C:\Program Files\Java\jdk-11.0.16\bin\jli.dll
0x00007ffcdace0000 - 0x00007ffcdad8e000 	C:\Windows\System32\ADVAPI32.dll
0x00007ffcd9a30000 - 0x00007ffcd9ace000 	C:\Windows\System32\msvcrt.dll
0x00007ffcdad90000 - 0x00007ffcdae2c000 	C:\Windows\System32\sechost.dll
0x00007ffcd9bc0000 - 0x00007ffcd9ce5000 	C:\Windows\System32\RPCRT4.dll
0x00007ffcd9240000 - 0x00007ffcd93e1000 	C:\Windows\System32\USER32.dll
0x00007ffcd8910000 - 0x00007ffcd8932000 	C:\Windows\System32\win32u.dll
0x00007ffcdb000000 - 0x00007ffcdb02b000 	C:\Windows\System32\GDI32.dll
0x00007ffcd9080000 - 0x00007ffcd918f000 	C:\Windows\System32\gdi32full.dll
0x00007ffcd8840000 - 0x00007ffcd88dd000 	C:\Windows\System32\msvcp_win.dll
0x00007ffcbd050000 - 0x00007ffcbd065000 	C:\Program Files\Java\jdk-11.0.16\bin\VCRUNTIME140.dll
0x00007ffcba6b0000 - 0x00007ffcba94a000 	C:\Windows\WinSxS\amd64_microsoft.windows.common-controls_6595b64144ccf1df_6.0.19041.1110_none_60b5254171f9507e\COMCTL32.dll
0x00007ffccfd40000 - 0x00007ffccfd4a000 	C:\Windows\SYSTEM32\VERSION.dll
0x00007ffcd99f0000 - 0x00007ffcd9a22000 	C:\Windows\System32\IMM32.DLL
0x00007ffc903c0000 - 0x00007ffc9045b000 	C:\Program Files\Java\jdk-11.0.16\bin\msvcp140.dll
0x00007ffc8c320000 - 0x00007ffc8ce38000 	C:\Program Files\Java\jdk-11.0.16\bin\server\jvm.dll
0x00007ffcd99e0000 - 0x00007ffcd99e8000 	C:\Windows\System32\PSAPI.DLL
0x00007ffcd42c0000 - 0x00007ffcd42c9000 	C:\Windows\SYSTEM32\WSOCK32.dll
0x00007ffcd9d00000 - 0x00007ffcd9d6b000 	C:\Windows\System32\WS2_32.dll
0x00007ffcb7730000 - 0x00007ffcb7757000 	C:\Windows\SYSTEM32\WINMM.dll
0x00007ffcd6600000 - 0x00007ffcd6612000 	C:\Windows\SYSTEM32\kernel.appcore.dll
0x00007ffcc0a40000 - 0x00007ffcc0a50000 	C:\Program Files\Java\jdk-11.0.16\bin\verify.dll
0x00007ffcc8a70000 - 0x00007ffcc8c54000 	C:\Windows\SYSTEM32\DBGHELP.DLL
0x00007ffcc89f0000 - 0x00007ffcc8a25000 	C:\Windows\SYSTEM32\dbgcore.DLL
0x00007ffcd8940000 - 0x00007ffcd89c2000 	C:\Windows\System32\bcryptPrimitives.dll
0x00007ffcbc880000 - 0x00007ffcbc8a8000 	C:\Program Files\Java\jdk-11.0.16\bin\java.dll
0x00007ffcbfc30000 - 0x00007ffcbfc3a000 	C:\Program Files\Java\jdk-11.0.16\bin\jimage.dll
0x00007ffcbc940000 - 0x00007ffcbc956000 	C:\Program Files\Java\jdk-11.0.16\bin\zip.dll
0x00007ffcd9dd0000 - 0x00007ffcda514000 	C:\Windows\System32\SHELL32.dll
0x00007ffcd68e0000 - 0x00007ffcd7072000 	C:\Windows\SYSTEM32\windows.storage.dll
0x00007ffcd9490000 - 0x00007ffcd97e5000 	C:\Windows\System32\combase.dll
0x00007ffcd80e0000 - 0x00007ffcd8110000 	C:\Windows\SYSTEM32\Wldp.dll
0x00007ffcd9190000 - 0x00007ffcd923d000 	C:\Windows\System32\SHCORE.dll
0x00007ffcd9980000 - 0x00007ffcd99d5000 	C:\Windows\System32\shlwapi.dll
0x00007ffcd8780000 - 0x00007ffcd879f000 	C:\Windows\SYSTEM32\profapi.dll
0x00007ffcbb150000 - 0x00007ffcbb169000 	C:\Program Files\Java\jdk-11.0.16\bin\net.dll
0x00007ffcd00f0000 - 0x00007ffcd01fc000 	C:\Windows\SYSTEM32\WINHTTP.dll
0x00007ffcd7ec0000 - 0x00007ffcd7f2a000 	C:\Windows\system32\mswsock.dll
0x00007ffcbb130000 - 0x00007ffcbb142000 	C:\Program Files\Java\jdk-11.0.16\bin\nio.dll
0x0000000069ac0000 - 0x0000000069ae4000 	C:\Users\sfjbs\Downloads\micro service-20221125T023524Z-001\micro service\apache-maven-3.8.5-bin\apache-maven-3.8.5\lib\jansi-native\Windows\x86_64\jansi.dll
0x00007ffcd8120000 - 0x00007ffcd8138000 	C:\Windows\SYSTEM32\CRYPTSP.dll
0x00007ffcd7800000 - 0x00007ffcd7834000 	C:\Windows\system32\rsaenh.dll
0x00007ffcd88e0000 - 0x00007ffcd8907000 	C:\Windows\System32\bcrypt.dll
0x00007ffcd8700000 - 0x00007ffcd872e000 	C:\Windows\SYSTEM32\USERENV.dll
0x00007ffcd8050000 - 0x00007ffcd805c000 	C:\Windows\SYSTEM32\CRYPTBASE.dll
0x00007ffcd7bd0000 - 0x00007ffcd7c0b000 	C:\Windows\SYSTEM32\IPHLPAPI.DLL
0x00007ffcd9cf0000 - 0x00007ffcd9cf8000 	C:\Windows\System32\NSI.dll
0x00007ffcd05f0000 - 0x00007ffcd0607000 	C:\Windows\SYSTEM32\dhcpcsvc6.DLL
0x00007ffcd05d0000 - 0x00007ffcd05ed000 	C:\Windows\SYSTEM32\dhcpcsvc.DLL
0x00007ffcd7c20000 - 0x00007ffcd7cea000 	C:\Windows\SYSTEM32\DNSAPI.dll
0x00007ffccfd10000 - 0x00007ffccfd1a000 	C:\Windows\System32\rasadhlp.dll
0x00007ffcc0350000 - 0x00007ffcc035d000 	C:\Program Files\Java\jdk-11.0.16\bin\sunmscapi.dll
0x00007ffcd8e70000 - 0x00007ffcd8fc6000 	C:\Windows\System32\CRYPT32.dll
0x00007ffcd81a0000 - 0x00007ffcd81c7000 	C:\Windows\SYSTEM32\ncrypt.dll
0x00007ffcd8140000 - 0x00007ffcd817b000 	C:\Windows\SYSTEM32\NTASN1.dll
0x00007ffcbffb0000 - 0x00007ffcbffd5000 	C:\Program Files\Java\jdk-11.0.16\bin\sunec.dll
0x00007ffcd0200000 - 0x00007ffcd0280000 	C:\Windows\System32\fwpuclnt.dll

dbghelp: loaded successfully - version: 4.0.5 - missing functions: none
symbol engine: initialized successfully - sym options: 0x614 - pdb path: .;C:\Program Files\Java\jdk-11.0.16\bin;C:\Windows\SYSTEM32;C:\Windows\WinSxS\amd64_microsoft.windows.common-controls_6595b64144ccf1df_6.0.19041.1110_none_60b5254171f9507e;C:\Program Files\Java\jdk-11.0.16\bin\server;C:\Users\sfjbs\Downloads\micro service-20221125T023524Z-001\micro service\apache-maven-3.8.5-bin\apache-maven-3.8.5\lib\jansi-native\Windows\x86_64

VM Arguments:
jvm_args: -Dclassworlds.conf=C:\Users\sfjbs\Downloads\micro service-20221125T023524Z-001\micro service\apache-maven-3.8.5-bin\apache-maven-3.8.5\bin\m2.conf -Dmaven.home=C:\Users\sfjbs\Downloads\micro service-20221125T023524Z-001\micro service\apache-maven-3.8.5-bin\apache-maven-3.8.5 -Dlibrary.jansi.path=C:\Users\sfjbs\Downloads\micro service-20221125T023524Z-001\micro service\apache-maven-3.8.5-bin\apache-maven-3.8.5\lib\jansi-native -Dmaven.multiModuleProjectDirectory=C:\Users\sfjbs\training\java-microservices-Training\Miniproject\pension_management_system 
java_command: org.codehaus.plexus.classworlds.launcher.Launcher install dockerfile:build
java_class_path (initial): C:\Users\sfjbs\Downloads\micro service-20221125T023524Z-001\micro service\apache-maven-3.8.5-bin\apache-maven-3.8.5\boot\plexus-classworlds-2.6.0.jar
Launcher Type: SUN_STANDARD

[Global flags]
     intx CICompilerCount                          = 2                                         {product} {ergonomic}
     uint ConcGCThreads                            = 1                                         {product} {ergonomic}
     uint G1ConcRefinementThreads                  = 2                                         {product} {ergonomic}
   size_t G1HeapRegionSize                         = 1048576                                   {product} {ergonomic}
    uintx GCDrainStackTargetSize                   = 64                                        {product} {ergonomic}
   size_t InitialHeapSize                          = 134217728                                 {product} {ergonomic}
   size_t MarkStackSize                            = 4194304                                   {product} {ergonomic}
   size_t MaxHeapSize                              = 2147483648                                {product} {ergonomic}
   size_t MaxNewSize                               = 1287651328                                {product} {ergonomic}
   size_t MinHeapDeltaBytes                        = 1048576                                   {product} {ergonomic}
    uintx NonNMethodCodeHeapSize                   = 5825164                                {pd product} {ergonomic}
    uintx NonProfiledCodeHeapSize                  = 122916538                              {pd product} {ergonomic}
    uintx ProfiledCodeHeapSize                     = 122916538                              {pd product} {ergonomic}
    uintx ReservedCodeCacheSize                    = 251658240                              {pd product} {ergonomic}
     bool SegmentedCodeCache                       = true                                      {product} {ergonomic}
     bool UseCompressedClassPointers               = true                                 {lp64_product} {ergonomic}
     bool UseCompressedOops                        = true                                 {lp64_product} {ergonomic}
     bool UseG1GC                                  = true                                      {product} {ergonomic}
     bool UseLargePagesIndividualAllocation        = false                                  {pd product} {ergonomic}

Logging:
Log output configuration:
 #0: stdout all=warning uptime,level,tags
 #1: stderr all=off uptime,level,tags

Environment Variables:
PATH=C:\Program Files\Common Files\Oracle\Java\javapath;C:\Windows\system32;C:\Windows;C:\Windows\System32\Wbem;C:\Windows\System32\WindowsPowerShell\v1.0\;C:\Windows\System32\OpenSSH\;C:\Users\sfjbs\Downloads\micro service-20221125T023524Z-001\micro service\apache-maven-3.8.5-bin\apache-maven-3.8.5\bin;C:\Users\sfjbs\Downloads\micro service-20221125T023524Z-001\micro service\apache-maven-3.8.5-bin\apache-maven-3.8.5\lib;C:\Program Files\Git\cmd;C:\Program Files\Docker\Docker\resources\bin;C:\Users\sfjbs\AppData\Local\Microsoft\WindowsApps;C:\Program Files\JetBrains\IntelliJ IDEA Community Edition 2022.2.1\bin;;C:\Users\sfjbs\Downloads\micro service-20221125T023524Z-001\micro service\apache-maven-3.8.5-bin\apache-maven-3.8.5\bin;C:\Users\sfjbs\Downloads\micro service-20221125T023524Z-001\micro service\apache-maven-3.8.5-bin\apache-maven-3.8.5\lib;
USERNAME=sfjbs
OS=Windows_NT
PROCESSOR_IDENTIFIER=Intel64 Family 6 Model 85 Stepping 7, GenuineIntel



---------------  S Y S T E M  ---------------

OS: Windows 10 , 64 bit Build 19041 (10.0.19041.2364)
Hyper-V role detected

CPU:total 2 (initial active 2) (1 cores per cpu, 2 threads per core) family 6 model 85 stepping 7 microcode 0xffffffff, cmov, cx8, fxsr, mmx, sse, sse2, sse3, ssse3, sse4.1, sse4.2, popcnt, avx, avx2, aes, clmul, erms, rtm, 3dnowpref, lzcnt, ht, tsc, bmi1, bmi2, adx, evex, fma

Memory: 4k page, system-wide physical 8190M (264M free)
TotalPageFile size 10238M (AvailPageFile size 0M)
current process WorkingSet (physical memory assigned to process): 274M, peak: 302M
current process commit charge ("private bytes"): 305M, peak: 333M

vm_info: Java HotSpot(TM) 64-Bit Server VM (11.0.16+11-LTS-199) for windows-amd64 JRE (11.0.16+11-LTS-199), built on Jun 28 2022 08:23:17 by "mach5one" with MS VC++ 15.9 (VS2017)

END.
