#
# There is insufficient memory for the Java Runtime Environment to continue.
# Native memory allocation (mmap) failed to map 68157440 bytes for Failed to commit area from 0x0000000089b00000 to 0x000000008dc00000 of length 68157440.
# Possible reasons:
#   The system is out of physical RAM or swap space
#   The process is running with CompressedOops enabled, and the Java Heap may be blocking the growth of the native heap
# Possible solutions:
#   Reduce memory load on the system
#   Increase physical memory or swap space
#   Check if swap backing store is full
#   Decrease Java heap size (-Xmx/-Xms)
#   Decrease number of Java threads
#   Decrease Java thread stack sizes (-Xss)
#   Set larger code cache with -XX:ReservedCodeCacheSize=
#   JVM is running with Unscaled Compressed Oops mode in which the Java heap is
#     placed in the first 4GB address space. The Java Heap base address is the
#     maximum limit for the native heap growth. Please use -XX:HeapBaseMinAddress
#     to set the Java Heap base and to place the Java Heap above 4GB virtual address.
# This output file may be truncated or incomplete.
#
#  Out of Memory Error (./open/src/hotspot/os/windows/os_windows.cpp:3287), pid=11080, tid=8184
#
# JRE version: Java(TM) SE Runtime Environment 18.9 (11.0.16+11) (build 11.0.16+11-LTS-199)
# Java VM: Java HotSpot(TM) 64-Bit Server VM 18.9 (11.0.16+11-LTS-199, mixed mode, tiered, compressed oops, g1 gc, windows-amd64)
# No core dump will be written. Minidumps are not enabled by default on client versions of Windows
#

---------------  S U M M A R Y ------------

Command Line: -Xverify:none -XX:TieredStopAtLevel=1 com.pension.app.PensionManagementApplication

Host: Intel(R) Xeon(R) Platinum 8272CL CPU @ 2.60GHz, 2 cores, 7G,  Windows 10 , 64 bit Build 19041 (10.0.19041.2251)
Time: Thu Dec 15 07:24:03 2022 Coordinated Universal Time elapsed time: 6.036048 seconds (0d 0h 0m 6s)

---------------  T H R E A D  ---------------

Current thread (0x000001fb7fae3800):  VMThread "VM Thread" [stack: 0x00000076f8400000,0x00000076f8500000] [id=8184]

Stack: [0x00000076f8400000,0x00000076f8500000]
[error occurred during error reporting (printing stack bounds), id 0xc0000005, EXCEPTION_ACCESS_VIOLATION (0xc0000005) at pc=0x000001fb6f6c10e7]

Native frames: (J=compiled Java code, j=interpreted, Vv=VM code, C=native code)
V  [jvm.dll+0x62a3ea]
V  [jvm.dll+0x76418f]
V  [jvm.dll+0x765839]
V  [jvm.dll+0x765e25]
V  [jvm.dll+0x765ddb]
V  [jvm.dll+0x6298d3]
V  [jvm.dll+0x629fe8]
C  [ntdll.dll+0xa241f]
C  [ntdll.dll+0x514a4]
C  [ntdll.dll+0xa0f4e]
C  0x000001fb6f6c10e7

VM_Operation (0x00000076f7efc510): G1CollectForAllocation, mode: safepoint, requested by thread 0x000001fb66800800


---------------  P R O C E S S  ---------------

Threads class SMR info:
_java_thread_list=0x000001fb06e520e0, length=15, elements={
0x000001fb66800800, 0x000001fb7fae5800, 0x000001fb7faf1000, 0x000001fb7fb04800,
0x000001fb7fb07800, 0x000001fb7fb0a800, 0x000001fb7fb0c800, 0x000001fb7fb1b000,
0x000001fb06949000, 0x000001fb082f3000, 0x000001fb083cc800, 0x000001fb083cd000,
0x000001fb083e7800, 0x000001fb086b4800, 0x000001fb0884f800
}

Java Threads: ( => current thread )
  0x000001fb66800800 JavaThread "main" [_thread_blocked, id=7132, stack(0x00000076f7e00000,0x00000076f7f00000)]
  0x000001fb7fae5800 JavaThread "Reference Handler" daemon [_thread_blocked, id=5000, stack(0x00000076f8500000,0x00000076f8600000)]
  0x000001fb7faf1000 JavaThread "Finalizer" daemon [_thread_blocked, id=1848, stack(0x00000076f8600000,0x00000076f8700000)]
  0x000001fb7fb04800 JavaThread "Signal Dispatcher" daemon [_thread_blocked, id=10620, stack(0x00000076f8700000,0x00000076f8800000)]
  0x000001fb7fb07800 JavaThread "Attach Listener" daemon [_thread_blocked, id=8824, stack(0x00000076f8800000,0x00000076f8900000)]
  0x000001fb7fb0a800 JavaThread "Service Thread" daemon [_thread_blocked, id=6132, stack(0x00000076f8900000,0x00000076f8a00000)]
  0x000001fb7fb0c800 JavaThread "C1 CompilerThread0" daemon [_thread_blocked, id=5208, stack(0x00000076f8a00000,0x00000076f8b00000)]
  0x000001fb7fb1b000 JavaThread "Sweeper thread" daemon [_thread_blocked, id=5660, stack(0x00000076f8b00000,0x00000076f8c00000)]
  0x000001fb06949000 JavaThread "Common-Cleaner" daemon [_thread_blocked, id=952, stack(0x00000076f8d00000,0x00000076f8e00000)]
  0x000001fb082f3000 JavaThread "Catalina-utility-1" [_thread_blocked, id=8336, stack(0x00000076f8f00000,0x00000076f9000000)]
  0x000001fb083cc800 JavaThread "Catalina-utility-2" [_thread_blocked, id=11120, stack(0x00000076f9000000,0x00000076f9100000)]
  0x000001fb083cd000 JavaThread "container-0" [_thread_blocked, id=8684, stack(0x00000076f9100000,0x00000076f9200000)]
  0x000001fb083e7800 JavaThread "mysql-cj-abandoned-connection-cleanup" daemon [_thread_blocked, id=1936, stack(0x00000076f9200000,0x00000076f9300000)]
  0x000001fb086b4800 JavaThread "HikariPool-1 housekeeper" daemon [_thread_blocked, id=8276, stack(0x00000076f9400000,0x00000076f9500000)]
  0x000001fb0884f800 JavaThread "HikariPool-1 connection adder" daemon [_thread_blocked, id=8792, stack(0x00000076f9500000,0x00000076f9600000)]

Other Threads:
=>0x000001fb7fae3800 VMThread "VM Thread" [stack: 0x00000076f8400000,0x00000076f8500000] [id=8184]
  0x000001fb06947800 WatcherThread [stack: 0x00000076f8c00000,0x00000076f8d00000] [id=8168]
  0x000001fb66815800 GCTaskThread "GC Thread#0" [stack: 0x00000076f7f00000,0x00000076f8000000] [id=10212]
  0x000001fb06daf000 GCTaskThread "GC Thread#1" [stack: 0x00000076f8e00000,0x00000076f8f00000] [id=5008]
  0x000001fb66846800 ConcurrentGCThread "G1 Main Marker" [stack: 0x00000076f8000000,0x00000076f8100000] [id=10532]
  0x000001fb66848000 ConcurrentGCThread "G1 Conc#0" [stack: 0x00000076f8100000,0x00000076f8200000] [id=7316]
  0x000001fb668d4000 ConcurrentGCThread "G1 Refine#0" [stack: 0x00000076f8200000,0x00000076f8300000] [id=5680]
  0x000001fb668d5000 ConcurrentGCThread "G1 Young RemSet Sampling" [stack: 0x00000076f8300000,0x00000076f8400000] [id=5808]

Threads with active compile tasks:

VM state:at safepoint (normal execution)

VM Mutex/Monitor currently owned by a thread:  ([mutex/lock_event])
[0x000001fb667fa540] Threads_lock - owner thread: 0x000001fb7fae3800
[0x000001fb667fb230] Heap_lock - owner thread: 0x000001fb66800800

Heap address: 0x0000000080000000, size: 2048 MB, Compressed Oops mode: 32-bit
Narrow klass base: 0x0000000000000000, Narrow klass shift: 3
Compressed class space size: 1073741824 Address: 0x0000000100000000

Heap:
 garbage-first heap   total 225280K, used 18998K [0x0000000080000000, 0x0000000100000000)
  region size 1024K, 3 young (3072K), 3 survivors (3072K)
 Metaspace       used 44256K, capacity 45535K, committed 45724K, reserved 1089536K
  class space    used 5682K, capacity 6192K, committed 6220K, reserved 1048576K
Heap Regions: E=young(eden), S=young(survivor), O=old, HS=humongous(starts), HC=humongous(continues), CS=collection set, F=free, A=archive, TAMS=top-at-mark-start (previous, next)
|   0|0x0000000080000000, 0x0000000080100000, 0x0000000080100000|100%|HS|  |TAMS 0x0000000080100000, 0x0000000080000000| Complete 
|   1|0x0000000080100000, 0x0000000080200000, 0x0000000080200000|100%| O|  |TAMS 0x0000000080200000, 0x0000000080100000| Untracked 
|   2|0x0000000080200000, 0x0000000080300000, 0x0000000080300000|100%| O|  |TAMS 0x0000000080300000, 0x0000000080200000| Untracked 
|   3|0x0000000080300000, 0x0000000080400000, 0x0000000080400000|100%| O|  |TAMS 0x0000000080400000, 0x0000000080300000| Untracked 
|   4|0x0000000080400000, 0x0000000080500000, 0x0000000080500000|100%| O|  |TAMS 0x0000000080500000, 0x0000000080400000| Untracked 
|   5|0x0000000080500000, 0x0000000080600000, 0x0000000080600000|100%| O|  |TAMS 0x0000000080600000, 0x0000000080500000| Untracked 
|   6|0x0000000080600000, 0x0000000080700000, 0x0000000080700000|100%| O|  |TAMS 0x0000000080700000, 0x0000000080600000| Untracked 
|   7|0x0000000080700000, 0x0000000080800000, 0x0000000080800000|100%| O|  |TAMS 0x0000000080800000, 0x0000000080700000| Untracked 
|   8|0x0000000080800000, 0x0000000080900000, 0x0000000080900000|100%| O|  |TAMS 0x0000000080900000, 0x0000000080800000| Untracked 
|   9|0x0000000080900000, 0x0000000080a00000, 0x0000000080a00000|100%| O|  |TAMS 0x0000000080a00000, 0x0000000080900000| Untracked 
|  10|0x0000000080a00000, 0x0000000080b00000, 0x0000000080b00000|100%| O|  |TAMS 0x0000000080a4c200, 0x0000000080a00000| Untracked 
|  11|0x0000000080b00000, 0x0000000080c00000, 0x0000000080c00000|100%| O|  |TAMS 0x0000000080b00000, 0x0000000080b00000| Untracked 
|  12|0x0000000080c00000, 0x0000000080d00000, 0x0000000080d00000|100%| O|  |TAMS 0x0000000080c00000, 0x0000000080c00000| Untracked 
|  13|0x0000000080d00000, 0x0000000080e00000, 0x0000000080e00000|100%| O|  |TAMS 0x0000000080d00000, 0x0000000080d00000| Untracked 
|  14|0x0000000080e00000, 0x0000000080f00000, 0x0000000080f00000|100%| O|  |TAMS 0x0000000080e00000, 0x0000000080e00000| Untracked 
|  15|0x0000000080f00000, 0x0000000080f8da00, 0x0000000081000000| 55%| O|  |TAMS 0x0000000080f00000, 0x0000000080f00000| Untracked 
|  16|0x0000000081000000, 0x0000000081000000, 0x0000000081100000|  0%| F|  |TAMS 0x0000000081000000, 0x0000000081000000| Untracked 
|  17|0x0000000081100000, 0x0000000081100000, 0x0000000081200000|  0%| F|  |TAMS 0x0000000081100000, 0x0000000081100000| Untracked 
|  18|0x0000000081200000, 0x0000000081200000, 0x0000000081300000|  0%| F|  |TAMS 0x0000000081200000, 0x0000000081200000| Untracked 
|  19|0x0000000081300000, 0x0000000081300000, 0x0000000081400000|  0%| F|  |TAMS 0x0000000081300000, 0x0000000081300000| Untracked 
|  20|0x0000000081400000, 0x0000000081400000, 0x0000000081500000|  0%| F|  |TAMS 0x0000000081400000, 0x0000000081400000| Untracked 
|  21|0x0000000081500000, 0x0000000081500000, 0x0000000081600000|  0%| F|  |TAMS 0x0000000081500000, 0x0000000081500000| Untracked 
|  22|0x0000000081600000, 0x0000000081600000, 0x0000000081700000|  0%| F|  |TAMS 0x0000000081600000, 0x0000000081600000| Untracked 
|  23|0x0000000081700000, 0x0000000081700000, 0x0000000081800000|  0%| F|  |TAMS 0x0000000081700000, 0x0000000081700000| Untracked 
|  24|0x0000000081800000, 0x0000000081800000, 0x0000000081900000|  0%| F|  |TAMS 0x0000000081800000, 0x0000000081800000| Untracked 
|  25|0x0000000081900000, 0x0000000081900000, 0x0000000081a00000|  0%| F|  |TAMS 0x0000000081900000, 0x0000000081900000| Untracked 
|  26|0x0000000081a00000, 0x0000000081a00000, 0x0000000081b00000|  0%| F|  |TAMS 0x0000000081a00000, 0x0000000081a00000| Untracked 
|  27|0x0000000081b00000, 0x0000000081b00000, 0x0000000081c00000|  0%| F|  |TAMS 0x0000000081b00000, 0x0000000081b00000| Untracked 
|  28|0x0000000081c00000, 0x0000000081c00000, 0x0000000081d00000|  0%| F|  |TAMS 0x0000000081c00000, 0x0000000081c00000| Untracked 
|  29|0x0000000081d00000, 0x0000000081d00000, 0x0000000081e00000|  0%| F|  |TAMS 0x0000000081d00000, 0x0000000081d00000| Untracked 
|  30|0x0000000081e00000, 0x0000000081e00000, 0x0000000081f00000|  0%| F|  |TAMS 0x0000000081e00000, 0x0000000081e00000| Untracked 
|  31|0x0000000081f00000, 0x0000000081f00000, 0x0000000082000000|  0%| F|  |TAMS 0x0000000081f00000, 0x0000000081f00000| Untracked 
|  32|0x0000000082000000, 0x0000000082000000, 0x0000000082100000|  0%| F|  |TAMS 0x0000000082000000, 0x0000000082000000| Untracked 
|  33|0x0000000082100000, 0x0000000082100000, 0x0000000082200000|  0%| F|  |TAMS 0x0000000082100000, 0x0000000082100000| Untracked 
|  34|0x0000000082200000, 0x0000000082200000, 0x0000000082300000|  0%| F|  |TAMS 0x0000000082200000, 0x0000000082200000| Untracked 
|  35|0x0000000082300000, 0x0000000082300000, 0x0000000082400000|  0%| F|  |TAMS 0x0000000082300000, 0x0000000082300000| Untracked 
|  36|0x0000000082400000, 0x0000000082400000, 0x0000000082500000|  0%| F|  |TAMS 0x0000000082400000, 0x0000000082400000| Untracked 
|  37|0x0000000082500000, 0x0000000082500000, 0x0000000082600000|  0%| F|  |TAMS 0x0000000082500000, 0x0000000082500000| Untracked 
|  38|0x0000000082600000, 0x0000000082600000, 0x0000000082700000|  0%| F|  |TAMS 0x0000000082600000, 0x0000000082600000| Untracked 
|  39|0x0000000082700000, 0x0000000082700000, 0x0000000082800000|  0%| F|  |TAMS 0x0000000082700000, 0x0000000082700000| Untracked 
|  40|0x0000000082800000, 0x0000000082800000, 0x0000000082900000|  0%| F|  |TAMS 0x0000000082800000, 0x0000000082800000| Untracked 
|  41|0x0000000082900000, 0x0000000082900000, 0x0000000082a00000|  0%| F|  |TAMS 0x0000000082900000, 0x0000000082900000| Untracked 
|  42|0x0000000082a00000, 0x0000000082a00000, 0x0000000082b00000|  0%| F|  |TAMS 0x0000000082a00000, 0x0000000082a00000| Untracked 
|  43|0x0000000082b00000, 0x0000000082b00000, 0x0000000082c00000|  0%| F|  |TAMS 0x0000000082b00000, 0x0000000082b00000| Untracked 
|  44|0x0000000082c00000, 0x0000000082c00000, 0x0000000082d00000|  0%| F|  |TAMS 0x0000000082c00000, 0x0000000082c00000| Untracked 
|  45|0x0000000082d00000, 0x0000000082d00000, 0x0000000082e00000|  0%| F|  |TAMS 0x0000000082d00000, 0x0000000082d00000| Untracked 
|  46|0x0000000082e00000, 0x0000000082e00000, 0x0000000082f00000|  0%| F|  |TAMS 0x0000000082e00000, 0x0000000082e00000| Untracked 
|  47|0x0000000082f00000, 0x0000000082f00000, 0x0000000083000000|  0%| F|  |TAMS 0x0000000082f00000, 0x0000000082f00000| Untracked 
|  48|0x0000000083000000, 0x0000000083000000, 0x0000000083100000|  0%| F|  |TAMS 0x0000000083000000, 0x0000000083000000| Untracked 
|  49|0x0000000083100000, 0x0000000083100000, 0x0000000083200000|  0%| F|  |TAMS 0x0000000083100000, 0x0000000083100000| Untracked 
|  50|0x0000000083200000, 0x0000000083200000, 0x0000000083300000|  0%| F|  |TAMS 0x0000000083200000, 0x0000000083200000| Untracked 
|  51|0x0000000083300000, 0x0000000083300000, 0x0000000083400000|  0%| F|  |TAMS 0x0000000083300000, 0x0000000083300000| Untracked 
|  52|0x0000000083400000, 0x0000000083400000, 0x0000000083500000|  0%| F|  |TAMS 0x0000000083400000, 0x0000000083400000| Untracked 
|  53|0x0000000083500000, 0x0000000083500000, 0x0000000083600000|  0%| F|  |TAMS 0x0000000083500000, 0x0000000083500000| Untracked 
|  54|0x0000000083600000, 0x0000000083600000, 0x0000000083700000|  0%| F|  |TAMS 0x0000000083600000, 0x0000000083600000| Untracked 
|  55|0x0000000083700000, 0x0000000083700000, 0x0000000083800000|  0%| F|  |TAMS 0x0000000083700000, 0x0000000083700000| Untracked 
|  56|0x0000000083800000, 0x0000000083800000, 0x0000000083900000|  0%| F|  |TAMS 0x0000000083800000, 0x0000000083800000| Untracked 
|  57|0x0000000083900000, 0x0000000083900000, 0x0000000083a00000|  0%| F|  |TAMS 0x0000000083900000, 0x0000000083900000| Untracked 
|  58|0x0000000083a00000, 0x0000000083a00000, 0x0000000083b00000|  0%| F|  |TAMS 0x0000000083a00000, 0x0000000083a00000| Untracked 
|  59|0x0000000083b00000, 0x0000000083b00000, 0x0000000083c00000|  0%| F|  |TAMS 0x0000000083b00000, 0x0000000083b00000| Untracked 
|  60|0x0000000083c00000, 0x0000000083c00000, 0x0000000083d00000|  0%| F|  |TAMS 0x0000000083c00000, 0x0000000083c00000| Untracked 
|  61|0x0000000083d00000, 0x0000000083d00000, 0x0000000083e00000|  0%| F|  |TAMS 0x0000000083d00000, 0x0000000083d00000| Untracked 
|  62|0x0000000083e00000, 0x0000000083e00000, 0x0000000083f00000|  0%| F|  |TAMS 0x0000000083e00000, 0x0000000083e00000| Untracked 
|  63|0x0000000083f00000, 0x0000000083f00000, 0x0000000084000000|  0%| F|  |TAMS 0x0000000083f00000, 0x0000000083f00000| Untracked 
|  64|0x0000000084000000, 0x0000000084000000, 0x0000000084100000|  0%| F|  |TAMS 0x0000000084000000, 0x0000000084000000| Untracked 
|  65|0x0000000084100000, 0x0000000084100000, 0x0000000084200000|  0%| F|  |TAMS 0x0000000084100000, 0x0000000084100000| Untracked 
|  66|0x0000000084200000, 0x0000000084200000, 0x0000000084300000|  0%| F|  |TAMS 0x0000000084200000, 0x0000000084200000| Untracked 
|  67|0x0000000084300000, 0x0000000084300000, 0x0000000084400000|  0%| F|  |TAMS 0x0000000084300000, 0x0000000084300000| Untracked 
|  68|0x0000000084400000, 0x0000000084400000, 0x0000000084500000|  0%| F|  |TAMS 0x0000000084400000, 0x0000000084400000| Untracked 
|  69|0x0000000084500000, 0x0000000084500000, 0x0000000084600000|  0%| F|  |TAMS 0x0000000084500000, 0x0000000084500000| Untracked 
|  70|0x0000000084600000, 0x0000000084600000, 0x0000000084700000|  0%| F|  |TAMS 0x0000000084600000, 0x0000000084600000| Untracked 
|  71|0x0000000084700000, 0x0000000084700000, 0x0000000084800000|  0%| F|  |TAMS 0x0000000084700000, 0x0000000084700000| Untracked 
|  72|0x0000000084800000, 0x0000000084800000, 0x0000000084900000|  0%| F|  |TAMS 0x0000000084800000, 0x0000000084800000| Untracked 
|  73|0x0000000084900000, 0x0000000084900000, 0x0000000084a00000|  0%| F|  |TAMS 0x0000000084900000, 0x0000000084900000| Untracked 
|  74|0x0000000084a00000, 0x0000000084a00000, 0x0000000084b00000|  0%| F|  |TAMS 0x0000000084a00000, 0x0000000084a00000| Untracked 
|  75|0x0000000084b00000, 0x0000000084b00000, 0x0000000084c00000|  0%| F|  |TAMS 0x0000000084b00000, 0x0000000084b00000| Untracked 
|  76|0x0000000084c00000, 0x0000000084c00000, 0x0000000084d00000|  0%| F|  |TAMS 0x0000000084c00000, 0x0000000084c00000| Untracked 
|  77|0x0000000084d00000, 0x0000000084d00000, 0x0000000084e00000|  0%| F|  |TAMS 0x0000000084d00000, 0x0000000084d00000| Untracked 
|  78|0x0000000084e00000, 0x0000000084e00000, 0x0000000084f00000|  0%| F|  |TAMS 0x0000000084e00000, 0x0000000084e00000| Untracked 
|  79|0x0000000084f00000, 0x0000000084f00000, 0x0000000085000000|  0%| F|  |TAMS 0x0000000084f00000, 0x0000000084f00000| Untracked 
|  80|0x0000000085000000, 0x0000000085000000, 0x0000000085100000|  0%| F|  |TAMS 0x0000000085000000, 0x0000000085000000| Untracked 
|  81|0x0000000085100000, 0x0000000085100000, 0x0000000085200000|  0%| F|  |TAMS 0x0000000085100000, 0x0000000085100000| Untracked 
|  82|0x0000000085200000, 0x0000000085200000, 0x0000000085300000|  0%| F|  |TAMS 0x0000000085200000, 0x0000000085200000| Untracked 
|  83|0x0000000085300000, 0x0000000085300000, 0x0000000085400000|  0%| F|  |TAMS 0x0000000085300000, 0x0000000085300000| Untracked 
|  84|0x0000000085400000, 0x0000000085400000, 0x0000000085500000|  0%| F|  |TAMS 0x0000000085400000, 0x0000000085400000| Untracked 
|  85|0x0000000085500000, 0x0000000085500000, 0x0000000085600000|  0%| F|  |TAMS 0x0000000085500000, 0x0000000085500000| Untracked 
|  86|0x0000000085600000, 0x0000000085600000, 0x0000000085700000|  0%| F|  |TAMS 0x0000000085600000, 0x0000000085600000| Untracked 
|  87|0x0000000085700000, 0x0000000085700000, 0x0000000085800000|  0%| F|  |TAMS 0x0000000085700000, 0x0000000085700000| Untracked 
|  88|0x0000000085800000, 0x0000000085800000, 0x0000000085900000|  0%| F|  |TAMS 0x0000000085800000, 0x0000000085800000| Untracked 
|  89|0x0000000085900000, 0x0000000085900000, 0x0000000085a00000|  0%| F|  |TAMS 0x0000000085900000, 0x0000000085900000| Untracked 
|  90|0x0000000085a00000, 0x0000000085a00000, 0x0000000085b00000|  0%| F|  |TAMS 0x0000000085a00000, 0x0000000085a00000| Untracked 
|  91|0x0000000085b00000, 0x0000000085b00000, 0x0000000085c00000|  0%| F|  |TAMS 0x0000000085b00000, 0x0000000085b00000| Untracked 
|  92|0x0000000085c00000, 0x0000000085c00000, 0x0000000085d00000|  0%| F|  |TAMS 0x0000000085c00000, 0x0000000085c00000| Untracked 
|  93|0x0000000085d00000, 0x0000000085d00000, 0x0000000085e00000|  0%| F|  |TAMS 0x0000000085d00000, 0x0000000085d00000| Untracked 
|  94|0x0000000085e00000, 0x0000000085e00000, 0x0000000085f00000|  0%| F|  |TAMS 0x0000000085e00000, 0x0000000085e00000| Untracked 
|  95|0x0000000085f00000, 0x0000000085f00000, 0x0000000086000000|  0%| F|  |TAMS 0x0000000085f00000, 0x0000000085f00000| Untracked 
|  96|0x0000000086000000, 0x0000000086000000, 0x0000000086100000|  0%| F|  |TAMS 0x0000000086000000, 0x0000000086000000| Untracked 
|  97|0x0000000086100000, 0x0000000086200000, 0x0000000086200000|100%| S|CS|TAMS 0x0000000086100000, 0x0000000086100000| Complete 
|  98|0x0000000086200000, 0x0000000086300000, 0x0000000086300000|100%| S|CS|TAMS 0x0000000086200000, 0x0000000086200000| Complete 
|  99|0x0000000086300000, 0x0000000086400000, 0x0000000086400000|100%| S|CS|TAMS 0x0000000086300000, 0x0000000086300000| Complete 
| 100|0x0000000086400000, 0x0000000086400000, 0x0000000086500000|  0%| F|  |TAMS 0x0000000086400000, 0x0000000086400000| Untracked 
| 101|0x0000000086500000, 0x0000000086500000, 0x0000000086600000|  0%| F|  |TAMS 0x0000000086500000, 0x0000000086500000| Untracked 
| 102|0x0000000086600000, 0x0000000086600000, 0x0000000086700000|  0%| F|  |TAMS 0x0000000086600000, 0x0000000086600000| Untracked 
| 103|0x0000000086700000, 0x0000000086700000, 0x0000000086800000|  0%| F|  |TAMS 0x0000000086700000, 0x0000000086700000| Untracked 
| 104|0x0000000086800000, 0x0000000086800000, 0x0000000086900000|  0%| F|  |TAMS 0x0000000086800000, 0x0000000086800000| Untracked 
| 105|0x0000000086900000, 0x0000000086900000, 0x0000000086a00000|  0%| F|  |TAMS 0x0000000086900000, 0x0000000086900000| Untracked 
| 106|0x0000000086a00000, 0x0000000086a00000, 0x0000000086b00000|  0%| F|  |TAMS 0x0000000086a00000, 0x0000000086a00000| Untracked 
| 107|0x0000000086b00000, 0x0000000086b00000, 0x0000000086c00000|  0%| F|  |TAMS 0x0000000086b00000, 0x0000000086b00000| Untracked 
| 108|0x0000000086c00000, 0x0000000086c00000, 0x0000000086d00000|  0%| F|  |TAMS 0x0000000086c00000, 0x0000000086c00000| Untracked 
| 109|0x0000000086d00000, 0x0000000086d00000, 0x0000000086e00000|  0%| F|  |TAMS 0x0000000086d00000, 0x0000000086d00000| Untracked 
| 110|0x0000000086e00000, 0x0000000086e00000, 0x0000000086f00000|  0%| F|  |TAMS 0x0000000086e00000, 0x0000000086e00000| Untracked 
| 111|0x0000000086f00000, 0x0000000086f00000, 0x0000000087000000|  0%| F|  |TAMS 0x0000000086f00000, 0x0000000086f00000| Untracked 
| 112|0x0000000087000000, 0x0000000087000000, 0x0000000087100000|  0%| F|  |TAMS 0x0000000087000000, 0x0000000087000000| Untracked 
| 113|0x0000000087100000, 0x0000000087100000, 0x0000000087200000|  0%| F|  |TAMS 0x0000000087100000, 0x0000000087100000| Untracked 
| 114|0x0000000087200000, 0x0000000087200000, 0x0000000087300000|  0%| F|  |TAMS 0x0000000087200000, 0x0000000087200000| Untracked 
| 115|0x0000000087300000, 0x0000000087300000, 0x0000000087400000|  0%| F|  |TAMS 0x0000000087300000, 0x0000000087300000| Untracked 
| 116|0x0000000087400000, 0x0000000087400000, 0x0000000087500000|  0%| F|  |TAMS 0x0000000087400000, 0x0000000087400000| Untracked 
| 117|0x0000000087500000, 0x0000000087500000, 0x0000000087600000|  0%| F|  |TAMS 0x0000000087500000, 0x0000000087500000| Untracked 
| 118|0x0000000087600000, 0x0000000087600000, 0x0000000087700000|  0%| F|  |TAMS 0x0000000087600000, 0x0000000087600000| Untracked 
| 119|0x0000000087700000, 0x0000000087700000, 0x0000000087800000|  0%| F|  |TAMS 0x0000000087700000, 0x0000000087700000| Untracked 
| 120|0x0000000087800000, 0x0000000087800000, 0x0000000087900000|  0%| F|  |TAMS 0x0000000087800000, 0x0000000087800000| Untracked 
| 121|0x0000000087900000, 0x0000000087900000, 0x0000000087a00000|  0%| F|  |TAMS 0x0000000087900000, 0x0000000087900000| Untracked 
| 122|0x0000000087a00000, 0x0000000087a00000, 0x0000000087b00000|  0%| F|  |TAMS 0x0000000087a00000, 0x0000000087a00000| Untracked 
| 123|0x0000000087b00000, 0x0000000087b00000, 0x0000000087c00000|  0%| F|  |TAMS 0x0000000087b00000, 0x0000000087b00000| Untracked 
| 124|0x0000000087c00000, 0x0000000087c00000, 0x0000000087d00000|  0%| F|  |TAMS 0x0000000087c00000, 0x0000000087c00000| Untracked 
| 125|0x0000000087d00000, 0x0000000087d00000, 0x0000000087e00000|  0%| F|  |TAMS 0x0000000087d00000, 0x0000000087d00000| Untracked 
| 126|0x0000000087e00000, 0x0000000087e00000, 0x0000000087f00000|  0%| F|  |TAMS 0x0000000087e00000, 0x0000000087e00000| Untracked 
| 127|0x0000000087f00000, 0x0000000087f00000, 0x0000000088000000|  0%| F|  |TAMS 0x0000000087f00000, 0x0000000087f00000| Untracked 
| 128|0x0000000088000000, 0x0000000088000000, 0x0000000088100000|  0%| F|  |TAMS 0x0000000088000000, 0x0000000088000000| Untracked 
| 129|0x0000000088100000, 0x0000000088100000, 0x0000000088200000|  0%| F|  |TAMS 0x0000000088100000, 0x0000000088100000| Untracked 
| 130|0x0000000088200000, 0x0000000088200000, 0x0000000088300000|  0%| F|  |TAMS 0x0000000088200000, 0x0000000088200000| Untracked 
| 131|0x0000000088300000, 0x0000000088300000, 0x0000000088400000|  0%| F|  |TAMS 0x0000000088300000, 0x0000000088300000| Untracked 
| 132|0x0000000088400000, 0x0000000088400000, 0x0000000088500000|  0%| F|  |TAMS 0x0000000088400000, 0x0000000088400000| Untracked 
| 133|0x0000000088500000, 0x0000000088500000, 0x0000000088600000|  0%| F|  |TAMS 0x0000000088500000, 0x0000000088500000| Untracked 
| 134|0x0000000088600000, 0x0000000088600000, 0x0000000088700000|  0%| F|  |TAMS 0x0000000088600000, 0x0000000088600000| Untracked 
| 135|0x0000000088700000, 0x0000000088700000, 0x0000000088800000|  0%| F|  |TAMS 0x0000000088700000, 0x0000000088700000| Untracked 
| 136|0x0000000088800000, 0x0000000088800000, 0x0000000088900000|  0%| F|  |TAMS 0x0000000088800000, 0x0000000088800000| Untracked 
| 137|0x0000000088900000, 0x0000000088900000, 0x0000000088a00000|  0%| F|  |TAMS 0x0000000088900000, 0x0000000088900000| Untracked 
| 138|0x0000000088a00000, 0x0000000088a00000, 0x0000000088b00000|  0%| F|  |TAMS 0x0000000088a00000, 0x0000000088a00000| Untracked 
| 139|0x0000000088b00000, 0x0000000088b00000, 0x0000000088c00000|  0%| F|  |TAMS 0x0000000088b00000, 0x0000000088b00000| Untracked 
| 140|0x0000000088c00000, 0x0000000088c00000, 0x0000000088d00000|  0%| F|  |TAMS 0x0000000088c00000, 0x0000000088c00000| Untracked 
| 141|0x0000000088d00000, 0x0000000088d00000, 0x0000000088e00000|  0%| F|  |TAMS 0x0000000088d00000, 0x0000000088d00000| Untracked 
| 142|0x0000000088e00000, 0x0000000088e00000, 0x0000000088f00000|  0%| F|  |TAMS 0x0000000088e00000, 0x0000000088e00000| Untracked 
| 143|0x0000000088f00000, 0x0000000088f00000, 0x0000000089000000|  0%| F|  |TAMS 0x0000000088f00000, 0x0000000088f00000| Untracked 
| 144|0x0000000089000000, 0x0000000089000000, 0x0000000089100000|  0%| F|  |TAMS 0x0000000089000000, 0x0000000089000000| Untracked 
| 145|0x0000000089100000, 0x0000000089100000, 0x0000000089200000|  0%| F|  |TAMS 0x0000000089100000, 0x0000000089100000| Untracked 
| 146|0x0000000089200000, 0x0000000089200000, 0x0000000089300000|  0%| F|  |TAMS 0x0000000089200000, 0x0000000089200000| Untracked 
| 147|0x0000000089300000, 0x0000000089300000, 0x0000000089400000|  0%| F|  |TAMS 0x0000000089300000, 0x0000000089300000| Untracked 
| 148|0x0000000089400000, 0x0000000089400000, 0x0000000089500000|  0%| F|  |TAMS 0x0000000089400000, 0x0000000089400000| Untracked 
| 149|0x0000000089500000, 0x0000000089500000, 0x0000000089600000|  0%| F|  |TAMS 0x0000000089500000, 0x0000000089500000| Untracked 
| 150|0x0000000089600000, 0x0000000089600000, 0x0000000089700000|  0%| F|  |TAMS 0x0000000089600000, 0x0000000089600000| Untracked 
| 151|0x0000000089700000, 0x0000000089700000, 0x0000000089800000|  0%| F|  |TAMS 0x0000000089700000, 0x0000000089700000| Untracked 
| 152|0x0000000089800000, 0x0000000089800000, 0x0000000089900000|  0%| F|  |TAMS 0x0000000089800000, 0x0000000089800000| Untracked 
| 153|0x0000000089900000, 0x0000000089900000, 0x0000000089a00000|  0%| F|  |TAMS 0x0000000089900000, 0x0000000089900000| Untracked 
| 154|0x0000000089a00000, 0x0000000089a00000, 0x0000000089b00000|  0%| F|  |TAMS 0x0000000089a00000, 0x0000000089a00000| Untracked 

Card table byte_map: [0x000001fb7eed0000,0x000001fb7f2d0000] _byte_map_base: 0x000001fb7ead0000

Marking Bits (Prev, Next): (CMBitMap*) 0x000001fb6683da28, (CMBitMap*) 0x000001fb6683da60
 Prev Bits: [0x000001fb00000000, 0x000001fb02000000)
 Next Bits: [0x000001fb02000000, 0x000001fb04000000)

Polling page: 0x000001fb668e0000

Metaspace:

Usage:
  Non-class:     38.42 MB capacity,    37.67 MB ( 98%) used,   624.63 KB (  2%) free+waste,   143.88 KB ( <1%) overhead. 
      Class:      6.05 MB capacity,     5.55 MB ( 92%) used,   436.38 KB (  7%) free+waste,    73.56 KB (  1%) overhead. 
       Both:     44.47 MB capacity,    43.22 MB ( 97%) used,     1.04 MB (  2%) free+waste,   217.44 KB ( <1%) overhead. 

Virtual space:
  Non-class space:       40.00 MB reserved,      38.58 MB ( 96%) committed 
      Class space:        1.00 GB reserved,       6.07 MB ( <1%) committed 
             Both:        1.04 GB reserved,      44.65 MB (  4%) committed 

Chunk freelists:
   Non-Class:  4.13 KB
       Class:  2.00 KB
        Both:  6.13 KB

CodeHeap 'non-profiled nmethods': size=239488Kb used=5620Kb max_used=5620Kb free=233867Kb
 bounds [0x000001fb6fce0000, 0x000001fb70260000, 0x000001fb7e6c0000]
CodeHeap 'non-nmethods': size=6272Kb used=1203Kb max_used=1203Kb free=5068Kb
 bounds [0x000001fb6f6c0000, 0x000001fb6f930000, 0x000001fb6fce0000]
 total_blobs=4175 nmethods=3629 adapters=472
 compilation: enabled
              stopped_count=0, restarted_count=0
 full_count=0

Compilation events (10 events):
Event: 5.932 Thread 0x000001fb7fb0c800 3626       1       java.math.BigInteger::bitLength (140 bytes)
Event: 5.932 Thread 0x000001fb7fb0c800 nmethod 3626 0x000001fb7025ba10 code [0x000001fb7025bbc0, 0x000001fb7025be18]
Event: 5.968 Thread 0x000001fb7fb0c800 3627       1       org.apache.logging.log4j.spi.LoggerRegistry::getOrCreateInnerMap (42 bytes)
Event: 5.969 Thread 0x000001fb7fb0c800 nmethod 3627 0x000001fb7025c010 code [0x000001fb7025c1c0, 0x000001fb7025c3f8]
Event: 5.971 Thread 0x000001fb7fb0c800 3628       1       java.lang.Class::getAnnotation (22 bytes)
Event: 5.971 Thread 0x000001fb7fb0c800 nmethod 3628 0x000001fb7025c590 code [0x000001fb7025c760, 0x000001fb7025c968]
Event: 5.979 Thread 0x000001fb7fb0c800 3629       1       java.math.MutableBigInteger::unsignedLongCompare (20 bytes)
Event: 5.980 Thread 0x000001fb7fb0c800 nmethod 3629 0x000001fb7025ca90 code [0x000001fb7025cc20, 0x000001fb7025ccf8]
Event: 5.988 Thread 0x000001fb7fb0c800 3630       1       org.hibernate.annotations.common.reflection.java.JavaXAnnotatedElement::toAnnotatedElement (5 bytes)
Event: 5.988 Thread 0x000001fb7fb0c800 nmethod 3630 0x000001fb7025cd90 code [0x000001fb7025cf20, 0x000001fb7025cfd8]

GC Heap History (10 events):
Event: 1.674 GC heap after
{Heap after GC invocations=4 (full 0):
 garbage-first heap   total 131072K, used 8617K [0x0000000080000000, 0x0000000100000000)
  region size 1024K, 4 young (4096K), 4 survivors (4096K)
 Metaspace       used 19187K, capacity 19662K, committed 19968K, reserved 1067008K
  class space    used 2230K, capacity 2442K, committed 2560K, reserved 1048576K
}
Event: 1.876 GC heap before
{Heap before GC invocations=4 (full 0):
 garbage-first heap   total 131072K, used 19881K [0x0000000080000000, 0x0000000100000000)
  region size 1024K, 17 young (17408K), 4 survivors (4096K)
 Metaspace       used 20622K, capacity 21153K, committed 21296K, reserved 1069056K
  class space    used 2407K, capacity 2639K, committed 2688K, reserved 1048576K
}
Event: 1.888 GC heap after
{Heap after GC invocations=5 (full 0):
 garbage-first heap   total 158720K, used 9633K [0x0000000080000000, 0x0000000100000000)
  region size 1024K, 4 young (4096K), 4 survivors (4096K)
 Metaspace       used 20622K, capacity 21153K, committed 21296K, reserved 1069056K
  class space    used 2407K, capacity 2639K, committed 2688K, reserved 1048576K
}
Event: 2.656 GC heap before
{Heap before GC invocations=6 (full 0):
 garbage-first heap   total 158720K, used 53665K [0x0000000080000000, 0x0000000100000000)
  region size 1024K, 47 young (48128K), 4 survivors (4096K)
 Metaspace       used 23245K, capacity 23933K, committed 23984K, reserved 1071104K
  class space    used 2783K, capacity 3048K, committed 3072K, reserved 1048576K
}
Event: 2.670 GC heap after
{Heap after GC invocations=7 (full 0):
 garbage-first heap   total 158720K, used 11096K [0x0000000080000000, 0x0000000100000000)
  region size 1024K, 5 young (5120K), 5 survivors (5120K)
 Metaspace       used 23245K, capacity 23933K, committed 23984K, reserved 1071104K
  class space    used 2783K, capacity 3048K, committed 3072K, reserved 1048576K
}
Event: 4.522 GC heap before
{Heap before GC invocations=7 (full 0):
 garbage-first heap   total 158720K, used 101208K [0x0000000080000000, 0x0000000100000000)
  region size 1024K, 93 young (95232K), 5 survivors (5120K)
 Metaspace       used 34592K, capacity 35719K, committed 35920K, reserved 1081344K
  class space    used 4342K, capacity 4786K, committed 4864K, reserved 1048576K
}
Event: 4.551 GC heap after
{Heap after GC invocations=8 (full 0):
 garbage-first heap   total 158720K, used 15911K [0x0000000080000000, 0x0000000100000000)
  region size 1024K, 9 young (9216K), 9 survivors (9216K)
 Metaspace       used 34592K, capacity 35719K, committed 35920K, reserved 1081344K
  class space    used 4342K, capacity 4786K, committed 4864K, reserved 1048576K
}
Event: 4.567 GC heap before
{Heap before GC invocations=8 (full 0):
 garbage-first heap   total 158720K, used 16935K [0x0000000080000000, 0x0000000100000000)
  region size 1024K, 11 young (11264K), 9 survivors (9216K)
 Metaspace       used 34719K, capacity 35815K, committed 35920K, reserved 1081344K
  class space    used 4362K, capacity 4818K, committed 4864K, reserved 1048576K
}
Event: 4.591 GC heap after
{Heap after GC invocations=9 (full 0):
 garbage-first heap   total 158720K, used 16176K [0x0000000080000000, 0x0000000100000000)
  region size 1024K, 6 young (6144K), 6 survivors (6144K)
 Metaspace       used 34719K, capacity 35815K, committed 35920K, reserved 1081344K
  class space    used 4362K, capacity 4818K, committed 4864K, reserved 1048576K
}
Event: 5.995 GC heap before
{Heap before GC invocations=10 (full 0):
 garbage-first heap   total 158720K, used 65328K [0x0000000080000000, 0x0000000100000000)
  region size 1024K, 55 young (56320K), 6 survivors (6144K)
 Metaspace       used 44256K, capacity 45535K, committed 45724K, reserved 1089536K
  class space    used 5682K, capacity 6192K, committed 6220K, reserved 1048576K
}

Deoptimization events (0 events):
No events

Classes redefined (0 events):
No events

Internal exceptions (10 events):
Event: 3.467 Thread 0x000001fb66800800 Exception <a 'java/lang/IncompatibleClassChangeError'{0x00000000874de780}: Found class java.lang.Object, but interface was expected> (0x00000000874de780) thrown at [./open/src/hotspot/share/interpreter/linkResolver.cpp, line 838]
Event: 3.467 Thread 0x000001fb66800800 Exception <a 'java/lang/NoSuchMethodError'{0x00000000874e3620}: java.lang.invoke.DirectMethodHandle$Holder.invokeStatic(Ljava/lang/Object;ILjava/lang/Object;)V> (0x00000000874e3620) thrown at [./open/src/hotspot/share/interpreter/linkResolver.cpp, line 77
Event: 3.572 Thread 0x000001fb66800800 Exception <a 'java/lang/NoSuchMethodError'{0x0000000086f44560}: java.lang.invoke.DirectMethodHandle$Holder.invokeStaticInit(Ljava/lang/Object;IIII)Ljava/lang/Object;> (0x0000000086f44560) thrown at [./open/src/hotspot/share/interpreter/linkResolver.cpp, l
Event: 3.713 Thread 0x000001fb66800800 Exception <a 'java/lang/NoSuchMethodError'{0x0000000086fe9118}: java.lang.invoke.DirectMethodHandle$Holder.invokeStaticInit(Ljava/lang/Object;Ljava/lang/Object;IIII)Ljava/lang/Object;> (0x0000000086fe9118) thrown at [./open/src/hotspot/share/interpreter/l
Event: 4.016 Thread 0x000001fb66800800 Exception <a 'java/io/FileNotFoundException'{0x0000000085c08868}> (0x0000000085c08868) thrown at [./open/src/hotspot/share/prims/jni.cpp, line 611]
Event: 4.059 Thread 0x000001fb66800800 Exception <a 'java/lang/NoSuchMethodError'{0x0000000085a1e018}: java.lang.invoke.DirectMethodHandle$Holder.invokeInterface(Ljava/lang/Object;Ljava/lang/Object;Ljava/lang/Object;Ljava/lang/Object;)I> (0x0000000085a1e018) thrown at [./open/src/hotspot/share
Event: 4.120 Thread 0x000001fb66800800 Exception <a 'java/io/FileNotFoundException'{0x00000000858e90c0}> (0x00000000858e90c0) thrown at [./open/src/hotspot/share/prims/jni.cpp, line 611]
Event: 5.218 Thread 0x000001fb66800800 Exception <a 'sun/nio/fs/WindowsException'{0x00000000877c9530}> (0x00000000877c9530) thrown at [./open/src/hotspot/share/prims/jni.cpp, line 611]
Event: 5.232 Thread 0x000001fb66800800 Exception <a 'java/lang/NoSuchMethodError'{0x00000000877ee600}: java.lang.invoke.DirectMethodHandle$Holder.invokeStaticInit(Ljava/lang/Object;Ljava/lang/Object;Ljava/lang/Object;Ljava/lang/Object;)I> (0x00000000877ee600) thrown at [./open/src/hotspot/shar
Event: 5.841 Thread 0x000001fb66800800 Exception <a 'java/lang/NoSuchMethodError'{0x0000000086d72270}: java.lang.invoke.DirectMethodHandle$Holder.invokeStaticInit(Ljava/lang/Object;Ljava/lang/Object;Ljava/lang/Object;Ljava/lang/Object;)Ljava/lang/Object;> (0x0000000086d72270) thrown at [./open

Events (10 events):
Event: 5.993 loading class org/hibernate/annotations/ColumnTransformers done
Event: 5.993 loading class org/hibernate/boot/model/source/spi/AttributePath
Event: 5.993 loading class org/hibernate/boot/model/source/spi/AttributePath done
Event: 5.994 loading class org/hibernate/boot/model/source/spi/AbstractAttributeKey
Event: 5.994 loading class org/hibernate/boot/model/source/spi/AbstractAttributeKey done
Event: 5.994 loading class java/util/regex/Pattern$SliceS
Event: 5.995 loading class java/util/regex/Pattern$SliceS done
Event: 5.995 loading class org/hibernate/cfg/Ejb3Column$1
Event: 5.995 loading class org/hibernate/cfg/Ejb3Column$1 done
Event: 5.995 Executing VM operation: G1CollectForAllocation


Dynamic libraries:
0x00007ff7ea410000 - 0x00007ff7ea41f000 	C:\Program Files\Java\jdk-11.0.16\bin\java.exe
0x00007ffc04370000 - 0x00007ffc04568000 	C:\Windows\SYSTEM32\ntdll.dll
0x00007ffc02fb0000 - 0x00007ffc0306f000 	C:\Windows\System32\KERNEL32.DLL
0x00007ffc01d70000 - 0x00007ffc02042000 	C:\Windows\System32\KERNELBASE.dll
0x00007ffc01a70000 - 0x00007ffc01b70000 	C:\Windows\System32\ucrtbase.dll
0x00007ffbe9850000 - 0x00007ffbe9865000 	C:\Program Files\Java\jdk-11.0.16\bin\VCRUNTIME140.dll
0x00007ffbe9870000 - 0x00007ffbe9888000 	C:\Program Files\Java\jdk-11.0.16\bin\jli.dll
0x00007ffc04280000 - 0x00007ffc0432e000 	C:\Windows\System32\ADVAPI32.dll
0x00007ffc02490000 - 0x00007ffc0252e000 	C:\Windows\System32\msvcrt.dll
0x00007ffc02eb0000 - 0x00007ffc02f4c000 	C:\Windows\System32\sechost.dll
0x00007ffc03590000 - 0x00007ffc036b5000 	C:\Windows\System32\RPCRT4.dll
0x00007ffc03dc0000 - 0x00007ffc03f5d000 	C:\Windows\System32\USER32.dll
0x00007ffc02050000 - 0x00007ffc02072000 	C:\Windows\System32\win32u.dll
0x00007ffc02cf0000 - 0x00007ffc02d1b000 	C:\Windows\System32\GDI32.dll
0x00007ffbe00a0000 - 0x00007ffbe033a000 	C:\Windows\WinSxS\amd64_microsoft.windows.common-controls_6595b64144ccf1df_6.0.19041.1110_none_60b5254171f9507e\COMCTL32.dll
0x00007ffc02110000 - 0x00007ffc0221f000 	C:\Windows\System32\gdi32full.dll
0x00007ffc01cd0000 - 0x00007ffc01d6d000 	C:\Windows\System32\msvcp_win.dll
0x00007ffbf9e40000 - 0x00007ffbf9e4a000 	C:\Windows\SYSTEM32\VERSION.dll
0x00007ffc041e0000 - 0x00007ffc04212000 	C:\Windows\System32\IMM32.DLL
0x00007ffbe2130000 - 0x00007ffbe21cb000 	C:\Program Files\Java\jdk-11.0.16\bin\msvcp140.dll
0x00007ffbcc980000 - 0x00007ffbcd498000 	C:\Program Files\Java\jdk-11.0.16\bin\server\jvm.dll
0x00007ffc02530000 - 0x00007ffc02538000 	C:\Windows\System32\PSAPI.DLL
0x00007ffbef4e0000 - 0x00007ffbef4e9000 	C:\Windows\SYSTEM32\WSOCK32.dll
0x00007ffc040c0000 - 0x00007ffc0412b000 	C:\Windows\System32\WS2_32.dll
0x00007ffbdf3f0000 - 0x00007ffbdf417000 	C:\Windows\SYSTEM32\WINMM.dll
0x00007ffbff910000 - 0x00007ffbff922000 	C:\Windows\SYSTEM32\kernel.appcore.dll
0x00007ffbe9840000 - 0x00007ffbe9850000 	C:\Program Files\Java\jdk-11.0.16\bin\verify.dll
0x00007ffbf2f30000 - 0x00007ffbf3114000 	C:\Windows\SYSTEM32\DBGHELP.DLL
0x00007ffbf36b0000 - 0x00007ffbf36dc000 	C:\Windows\SYSTEM32\dbgcore.DLL
0x00007ffc02080000 - 0x00007ffc02102000 	C:\Windows\System32\bcryptPrimitives.dll
0x00007ffbe9810000 - 0x00007ffbe9838000 	C:\Program Files\Java\jdk-11.0.16\bin\java.dll
0x00007ffbe9320000 - 0x00007ffbe932a000 	C:\Program Files\Java\jdk-11.0.16\bin\jimage.dll
0x00007ffbe9300000 - 0x00007ffbe9316000 	C:\Program Files\Java\jdk-11.0.16\bin\zip.dll
0x00007ffc025a0000 - 0x00007ffc02ce3000 	C:\Windows\System32\SHELL32.dll
0x00007ffbffb10000 - 0x00007ffc002a2000 	C:\Windows\SYSTEM32\windows.storage.dll
0x00007ffc03080000 - 0x00007ffc033d4000 	C:\Windows\System32\combase.dll
0x00007ffc01310000 - 0x00007ffc01340000 	C:\Windows\SYSTEM32\Wldp.dll
0x00007ffc04010000 - 0x00007ffc040bd000 	C:\Windows\System32\SHCORE.dll
0x00007ffc02540000 - 0x00007ffc02595000 	C:\Windows\System32\shlwapi.dll
0x00007ffc019b0000 - 0x00007ffc019cf000 	C:\Windows\SYSTEM32\profapi.dll
0x00007ffbe8f50000 - 0x00007ffbe8f69000 	C:\Program Files\Java\jdk-11.0.16\bin\net.dll
0x00007ffbf96f0000 - 0x00007ffbf97fc000 	C:\Windows\SYSTEM32\WINHTTP.dll
0x00007ffc010f0000 - 0x00007ffc0115a000 	C:\Windows\system32\mswsock.dll
0x00007ffbe5ae0000 - 0x00007ffbe5af2000 	C:\Program Files\Java\jdk-11.0.16\bin\nio.dll
0x00007ffbf8f50000 - 0x00007ffbf8f59000 	C:\Program Files\Java\jdk-11.0.16\bin\management.dll
0x00007ffbf3250000 - 0x00007ffbf325b000 	C:\Program Files\Java\jdk-11.0.16\bin\management_ext.dll
0x00007ffbf11c0000 - 0x00007ffbf11d7000 	C:\Windows\system32\napinsp.dll
0x00007ffbf11a0000 - 0x00007ffbf11bb000 	C:\Windows\system32\pnrpnsp.dll
0x00007ffbe6940000 - 0x00007ffbe6955000 	C:\Windows\system32\wshbth.dll
0x00007ffbfd3c0000 - 0x00007ffbfd3dd000 	C:\Windows\system32\NLAapi.dll
0x00007ffc00e00000 - 0x00007ffc00e3b000 	C:\Windows\SYSTEM32\IPHLPAPI.DLL
0x00007ffc00e40000 - 0x00007ffc00f0a000 	C:\Windows\SYSTEM32\DNSAPI.dll
0x00007ffc03070000 - 0x00007ffc03078000 	C:\Windows\System32\NSI.dll
0x00007ffbe6920000 - 0x00007ffbe6932000 	C:\Windows\System32\winrnr.dll
0x00007ffbf8aa0000 - 0x00007ffbf8aaa000 	C:\Windows\System32\rasadhlp.dll
0x00007ffbf94b0000 - 0x00007ffbf9530000 	C:\Windows\System32\fwpuclnt.dll
0x00007ffc02390000 - 0x00007ffc023b7000 	C:\Windows\System32\bcrypt.dll
0x00007ffc01350000 - 0x00007ffc01368000 	C:\Windows\SYSTEM32\CRYPTSP.dll
0x00007ffc00a30000 - 0x00007ffc00a64000 	C:\Windows\system32\rsaenh.dll
0x00007ffc01930000 - 0x00007ffc0195e000 	C:\Windows\SYSTEM32\USERENV.dll
0x00007ffc01280000 - 0x00007ffc0128c000 	C:\Windows\SYSTEM32\CRYPTBASE.dll
0x00007ffbfabf0000 - 0x00007ffbfac07000 	C:\Windows\SYSTEM32\dhcpcsvc6.DLL
0x00007ffbfabd0000 - 0x00007ffbfabed000 	C:\Windows\SYSTEM32\dhcpcsvc.DLL
0x00007ffbef6e0000 - 0x00007ffbef705000 	C:\Program Files\Java\jdk-11.0.16\bin\sunec.dll
0x00007ffbefe20000 - 0x00007ffbefe2d000 	C:\Program Files\Java\jdk-11.0.16\bin\sunmscapi.dll
0x00007ffc01b70000 - 0x00007ffc01cc6000 	C:\Windows\System32\CRYPT32.dll
0x00007ffc01460000 - 0x00007ffc01487000 	C:\Windows\SYSTEM32\ncrypt.dll
0x00007ffc01420000 - 0x00007ffc0145b000 	C:\Windows\SYSTEM32\NTASN1.dll

dbghelp: loaded successfully - version: 4.0.5 - missing functions: none
symbol engine: initialized successfully - sym options: 0x614 - pdb path: .;C:\Program Files\Java\jdk-11.0.16\bin;C:\Windows\SYSTEM32;C:\Windows\WinSxS\amd64_microsoft.windows.common-controls_6595b64144ccf1df_6.0.19041.1110_none_60b5254171f9507e;C:\Program Files\Java\jdk-11.0.16\bin\server

VM Arguments:
jvm_args: -Xverify:none -XX:TieredStopAtLevel=1 
java_command: com.pension.app.PensionManagementApplication
java_class_path (initial): C:\Users\sfjbs\training\java-microservices-Training\Miniproject\Pension-Managment-System\target\classes;C:\Users\sfjbs\.m2\repository\org\springframework\boot\spring-boot\2.7.3\spring-boot-2.7.3.jar;C:\Users\sfjbs\.m2\repository\org\springframework\boot\spring-boot-autoconfigure\2.7.3\spring-boot-autoconfigure-2.7.3.jar;C:\Users\sfjbs\.m2\repository\ch\qos\logback\logback-classic\1.2.11\logback-classic-1.2.11.jar;C:\Users\sfjbs\.m2\repository\ch\qos\logback\logback-core\1.2.11\logback-core-1.2.11.jar;C:\Users\sfjbs\.m2\repository\org\apache\logging\log4j\log4j-to-slf4j\2.17.2\log4j-to-slf4j-2.17.2.jar;C:\Users\sfjbs\.m2\repository\org\apache\logging\log4j\log4j-api\2.17.2\log4j-api-2.17.2.jar;C:\Users\sfjbs\.m2\repository\org\slf4j\jul-to-slf4j\1.7.36\jul-to-slf4j-1.7.36.jar;C:\Users\sfjbs\.m2\repository\jakarta\annotation\jakarta.annotation-api\1.3.5\jakarta.annotation-api-1.3.5.jar;C:\Users\sfjbs\.m2\repository\org\yaml\snakeyaml\1.30\snakeyaml-1.30.jar;C:\Users\sfjbs\.m2\repository\com\fasterxml\jackson\core\jackson-databind\2.13.3\jackson-databind-2.13.3.jar;C:\Users\sfjbs\.m2\repository\com\fasterxml\jackson\core\jackson-annotations\2.13.3\jackson-annotations-2.13.3.jar;C:\Users\sfjbs\.m2\repository\com\fasterxml\jackson\datatype\jackson-datatype-jdk8\2.13.3\jackson-datatype-jdk8-2.13.3.jar;C:\Users\sfjbs\.m2\repository\com\fasterxml\jackson\datatype\jackson-datatype-jsr310\2.13.3\jackson-datatype-jsr310-2.13.3.jar;C:\Users\sfjbs\.m2\repository\com\fasterxml\jackson\module\jackson-module-parameter-names\2.13.3\jackson-module-parameter-names-2.13.3.jar;C:\Users\sfjbs\.m2\repository\org\apache\tomcat\embed\tomcat-embed-core\9.0.65\tomcat-embed-core-9.0.65.jar;C:\Users\sfjbs\.m2\repository\org\apache\tomcat\embed\tomcat-embed-el\9.0.65\tomcat-embed-el-9.0.65.jar;C:\Users\sfjbs\.m2\repository\org\apache\tomcat\embed\tomcat-embed-websocket\9.0.65\tomcat-embed-websocket-9.0.65.jar;C:\Users\sfjbs\.m2\repository\org\springframework\spring-w
Launcher Type: SUN_STANDARD

[Global flags]
     bool BytecodeVerificationLocal                = false                                     {product} {command line}
     bool BytecodeVerificationRemote               = false                                     {product} {command line}
     intx CICompilerCount                          = 2                                         {product} {ergonomic}
     uint ConcGCThreads                            = 1                                         {product} {ergonomic}
     uint G1ConcRefinementThreads                  = 2                                         {product} {ergonomic}
   size_t G1HeapRegionSize                         = 1048576                                   {product} {ergonomic}
    uintx GCDrainStackTargetSize                   = 64                                        {product} {ergonomic}
   size_t InitialHeapSize                          = 134217728                                 {product} {ergonomic}
   size_t MarkStackSize                            = 4194304                                   {product} {ergonomic}
   size_t MaxHeapSize                              = 2147483648                                {product} {ergonomic}
   size_t MaxNewSize                               = 1287651328                                {product} {ergonomic}
   size_t MinHeapDeltaBytes                        = 1048576                                   {product} {ergonomic}
    uintx NonNMethodCodeHeapSize                   = 6396312                                {pd product} {ergonomic}
    uintx NonProfiledCodeHeapSize                  = 245261928                              {pd product} {ergonomic}
    uintx ProfiledCodeHeapSize                     = 0                                      {pd product} {ergonomic}
    uintx ReservedCodeCacheSize                    = 251658240                              {pd product} {ergonomic}
     bool SegmentedCodeCache                       = true                                      {product} {ergonomic}
     intx TieredStopAtLevel                        = 1                                         {product} {command line}
     bool UseCompressedClassPointers               = true                                 {lp64_product} {ergonomic}
     bool UseCompressedOops                        = true                                 {lp64_product} {ergonomic}
     bool UseG1GC                                  = true                                      {product} {ergonomic}
     bool UseLargePagesIndividualAllocation        = false                                  {pd product} {ergonomic}

Logging:
Log output configuration:
 #0: stdout all=warning uptime,level,tags
 #1: stderr all=off uptime,level,tags

Environment Variables:
PATH=C:\Program Files\Common Files\Oracle\Java\javapath;C:\Windows\system32;C:\Windows;C:\Windows\System32\Wbem;C:\Windows\System32\WindowsPowerShell\v1.0\;C:\Windows\System32\OpenSSH\;C:\Users\sfjbs\Downloads\micro service-20221125T023524Z-001\micro service\apache-maven-3.8.5-bin\apache-maven-3.8.5\bin;C:\Users\sfjbs\Downloads\micro service-20221125T023524Z-001\micro service\apache-maven-3.8.5-bin\apache-maven-3.8.5\lib;C:\Program Files\Git\cmd;C:\Program Files\Docker\Docker\resources\bin;C:\Users\sfjbs\AppData\Local\Microsoft\WindowsApps;C:\Program Files\JetBrains\IntelliJ IDEA Community Edition 2022.2.1\bin;;C:\Users\sfjbs\Downloads\micro service-20221125T023524Z-001\micro service\apache-maven-3.8.5-bin\apache-maven-3.8.5\bin;C:\Users\sfjbs\Downloads\micro service-20221125T023524Z-001\micro service\apache-maven-3.8.5-bin\apache-maven-3.8.5\lib;
USERNAME=sfjbs
OS=Windows_NT
PROCESSOR_IDENTIFIER=Intel64 Family 6 Model 85 Stepping 7, GenuineIntel



---------------  S Y S T E M  ---------------

OS: Windows 10 , 64 bit Build 19041 (10.0.19041.2251)
Hyper-V role detected

CPU:total 2 (initial active 2) (1 cores per cpu, 2 threads per core) family 6 model 85 stepping 7 microcode 0xffffffff, cmov, cx8, fxsr, mmx, sse, sse2, sse3, ssse3, sse4.1, sse4.2, popcnt, avx, avx2, aes, clmul, erms, rtm, 3dnowpref, lzcnt, ht, tsc, bmi1, bmi2, adx, evex, fma

Memory: 4k page, system-wide physical 8190M (663M free)
TotalPageFile size 10236M (AvailPageFile size 27M)
current process WorkingSet (physical memory assigned to process): 216M, peak: 216M
current process commit charge ("private bytes"): 283M, peak: 348M

vm_info: Java HotSpot(TM) 64-Bit Server VM (11.0.16+11-LTS-199) for windows-amd64 JRE (11.0.16+11-LTS-199), built on Jun 28 2022 08:23:17 by "mach5one" with MS VC++ 15.9 (VS2017)

END.
