#
# There is insufficient memory for the Java Runtime Environment to continue.
# Native memory allocation (mmap) failed to map 134217728 bytes for Failed to commit area from 0x0000000080000000 to 0x0000000088000000 of length 134217728.
# Possible reasons:
#   The system is out of physical RAM or swap space
#   The process is running with CompressedOops enabled, and the Java Heap may be blocking the growth of the native heap
# Possible solutions:
#   Reduce memory load on the system
#   Increase physical memory or swap space
#   Check if swap backing store is full
#   Decrease Java heap size (-Xmx/-Xms)
#   Decrease number of Java threads
#   Decrease Java thread stack sizes (-Xss)
#   Set larger code cache with -XX:ReservedCodeCacheSize=
# This output file may be truncated or incomplete.
#
#  Out of Memory Error (./open/src/hotspot/os/windows/os_windows.cpp:3287), pid=2980, tid=11548
#
# JRE version:  (11.0.16+11) (build )
# Java VM: Java HotSpot(TM) 64-Bit Server VM (11.0.16+11-LTS-199, mixed mode, sharing, tiered, compressed oops, g1 gc, windows-amd64)
# No core dump will be written. Minidumps are not enabled by default on client versions of Windows
#

---------------  S U M M A R Y ------------

Command Line: -ea -Didea.test.cyclic.buffer.size=1048576 -javaagent:C:\Program Files\JetBrains\IntelliJ IDEA Community Edition 2022.2.1\lib\idea_rt.jar=62737:C:\Program Files\JetBrains\IntelliJ IDEA Community Edition 2022.2.1\bin -Dfile.encoding=UTF-8 com.intellij.rt.junit.JUnitStarter -ideVersion5 -junit5 com.pension.app.PensionManagementApplicationTests

Host: Intel(R) Xeon(R) Platinum 8272CL CPU @ 2.60GHz, 2 cores, 7G,  Windows 10 , 64 bit Build 19041 (10.0.19041.2364)
Time: Fri Dec 16 06:19:08 2022 Coordinated Universal Time elapsed time: 0.029331 seconds (0d 0h 0m 0s)

---------------  T H R E A D  ---------------

Current thread (0x000001cb51f17000):  JavaThread "Unknown thread" [_thread_in_vm, id=11548, stack(0x00000085cb700000,0x00000085cb800000)]

Stack: [0x00000085cb700000,0x00000085cb800000]
Native frames: (J=compiled Java code, j=interpreted, Vv=VM code, C=native code)
V  [jvm.dll+0x62a3ea]
V  [jvm.dll+0x76418f]
V  [jvm.dll+0x765839]
V  [jvm.dll+0x765ec3]
V  [jvm.dll+0x23da98]
V  [jvm.dll+0x62770a]
V  [jvm.dll+0x61c475]
V  [jvm.dll+0x2f2aac]
V  [jvm.dll+0x2f2932]
V  [jvm.dll+0x2f7656]
V  [jvm.dll+0x33a1cf]
V  [jvm.dll+0x339c00]
V  [jvm.dll+0x2d00c8]
V  [jvm.dll+0x2d1236]
V  [jvm.dll+0x73e757]
V  [jvm.dll+0x73ffef]
V  [jvm.dll+0x346ef9]
V  [jvm.dll+0x723f90]
V  [jvm.dll+0x3b5adf]
V  [jvm.dll+0x3b7bf1]
C  [jli.dll+0x5207]
C  [ucrtbase.dll+0x21bb2]
C  [KERNEL32.DLL+0x17614]
C  [ntdll.dll+0x526a1]


---------------  P R O C E S S  ---------------

Threads class SMR info:
_java_thread_list=0x000001cb4fdbea80, length=0, elements={
}

Java Threads: ( => current thread )

Other Threads:
  0x000001cb51f2b800 GCTaskThread "GC Thread#0" [stack: 0x00000085cb800000,0x00000085cb900000] [id=10704]
  0x000001cb51f5e000 ConcurrentGCThread "G1 Main Marker" [stack: 0x00000085cb900000,0x00000085cba00000] [id=11708]
  0x000001cb51f5f000 ConcurrentGCThread "G1 Conc#0" [stack: 0x00000085cba00000,0x00000085cbb00000] [id=7552]

[error occurred during error reporting (printing all threads), id 0xc0000005, EXCEPTION_ACCESS_VIOLATION (0xc0000005) at pc=0x00007ffd4db0f357]

VM state:not at safepoint (not fully initialized)

VM Mutex/Monitor currently owned by a thread:  ([mutex/lock_event])
[0x000001cb51f155d0] Heap_lock - owner thread: 0x000001cb51f17000

Heap address: 0x0000000080000000, size: 2048 MB, Compressed Oops mode: Non-zero based: 0x0000000080000000
Narrow klass base: 0x0000000000000000, Narrow klass shift: 0

GC Heap History (0 events):
No events

Deoptimization events (0 events):
No events

Classes redefined (0 events):
No events

Internal exceptions (0 events):
No events

Events (0 events):
No events


Dynamic libraries:
0x00007ff7e2f00000 - 0x00007ff7e2f0f000 	C:\Program Files\Java\jdk-11.0.16\bin\java.exe
0x00007ffdb6dd0000 - 0x00007ffdb6fc8000 	C:\Windows\SYSTEM32\ntdll.dll
0x00007ffdb5d10000 - 0x00007ffdb5dcf000 	C:\Windows\System32\KERNEL32.DLL
0x00007ffdb46d0000 - 0x00007ffdb49a2000 	C:\Windows\System32\KERNELBASE.dll
0x00007ffd8c390000 - 0x00007ffd8c3a8000 	C:\Program Files\Java\jdk-11.0.16\bin\jli.dll
0x00007ffdb6c40000 - 0x00007ffdb6cee000 	C:\Windows\System32\ADVAPI32.dll
0x00007ffdb45d0000 - 0x00007ffdb46d0000 	C:\Windows\System32\ucrtbase.dll
0x00007ffdb5910000 - 0x00007ffdb59ae000 	C:\Windows\System32\msvcrt.dll
0x00007ffdb5e40000 - 0x00007ffdb5edc000 	C:\Windows\System32\sechost.dll
0x00007ffdb66e0000 - 0x00007ffdb6805000 	C:\Windows\System32\RPCRT4.dll
0x00007ffdb6a90000 - 0x00007ffdb6c31000 	C:\Windows\System32\USER32.dll
0x00007ffdb4aa0000 - 0x00007ffdb4ac2000 	C:\Windows\System32\win32u.dll
0x00007ffdb6cf0000 - 0x00007ffdb6d1b000 	C:\Windows\System32\GDI32.dll
0x00007ffdb44c0000 - 0x00007ffdb45cf000 	C:\Windows\System32\gdi32full.dll
0x00007ffdb4a00000 - 0x00007ffdb4a9d000 	C:\Windows\System32\msvcp_win.dll
0x00007ffd8a940000 - 0x00007ffd8a955000 	C:\Program Files\Java\jdk-11.0.16\bin\VCRUNTIME140.dll
0x00007ffd98150000 - 0x00007ffd983ea000 	C:\Windows\WinSxS\amd64_microsoft.windows.common-controls_6595b64144ccf1df_6.0.19041.1110_none_60b5254171f9507e\COMCTL32.dll
0x00007ffdad380000 - 0x00007ffdad38a000 	C:\Windows\SYSTEM32\VERSION.dll
0x00007ffdb4fa0000 - 0x00007ffdb4fd2000 	C:\Windows\System32\IMM32.DLL
0x00007ffd5b970000 - 0x00007ffd5ba0b000 	C:\Program Files\Java\jdk-11.0.16\bin\msvcp140.dll
0x00007ffd4d830000 - 0x00007ffd4e348000 	C:\Program Files\Java\jdk-11.0.16\bin\server\jvm.dll
0x00007ffdb6d80000 - 0x00007ffdb6d88000 	C:\Windows\System32\PSAPI.DLL
0x00007ffdaec40000 - 0x00007ffdaec49000 	C:\Windows\SYSTEM32\WSOCK32.dll
0x00007ffdb5dd0000 - 0x00007ffdb5e3b000 	C:\Windows\System32\WS2_32.dll
0x00007ffd94fd0000 - 0x00007ffd94ff7000 	C:\Windows\SYSTEM32\WINMM.dll
0x00007ffdb2360000 - 0x00007ffdb2372000 	C:\Windows\SYSTEM32\kernel.appcore.dll
0x00007ffd99b10000 - 0x00007ffd99b20000 	C:\Program Files\Java\jdk-11.0.16\bin\verify.dll
0x00007ffdaea10000 - 0x00007ffdaebf4000 	C:\Windows\SYSTEM32\DBGHELP.DLL
0x00007ffdae9d0000 - 0x00007ffdaea05000 	C:\Windows\SYSTEM32\dbgcore.DLL
0x00007ffdb4ad0000 - 0x00007ffdb4b52000 	C:\Windows\System32\bcryptPrimitives.dll
0x00007ffd8a910000 - 0x00007ffd8a938000 	C:\Program Files\Java\jdk-11.0.16\bin\java.dll
0x00007ffd99ad0000 - 0x00007ffd99ada000 	C:\Program Files\Java\jdk-11.0.16\bin\jimage.dll
0x00007ffda22b0000 - 0x00007ffda22be000 	C:\Program Files\Java\jdk-11.0.16\bin\instrument.dll
0x00007ffd8a8f0000 - 0x00007ffd8a906000 	C:\Program Files\Java\jdk-11.0.16\bin\zip.dll

dbghelp: loaded successfully - version: 4.0.5 - missing functions: none
symbol engine: initialized successfully - sym options: 0x614 - pdb path: .;C:\Program Files\Java\jdk-11.0.16\bin;C:\Windows\SYSTEM32;C:\Windows\WinSxS\amd64_microsoft.windows.common-controls_6595b64144ccf1df_6.0.19041.1110_none_60b5254171f9507e;C:\Program Files\Java\jdk-11.0.16\bin\server

VM Arguments:
jvm_args: -ea -Didea.test.cyclic.buffer.size=1048576 -javaagent:C:\Program Files\JetBrains\IntelliJ IDEA Community Edition 2022.2.1\lib\idea_rt.jar=62737:C:\Program Files\JetBrains\IntelliJ IDEA Community Edition 2022.2.1\bin -Dfile.encoding=UTF-8 
java_command: com.intellij.rt.junit.JUnitStarter -ideVersion5 -junit5 com.pension.app.PensionManagementApplicationTests
java_class_path (initial): C:\Users\sfjbs\.m2\repository\org\junit\platform\junit-platform-launcher\1.8.2\junit-platform-launcher-1.8.2.jar;C:\Users\sfjbs\.m2\repository\org\junit\vintage\junit-vintage-engine\5.9.0\junit-vintage-engine-5.9.0.jar;C:\Program Files\JetBrains\IntelliJ IDEA Community Edition 2022.2.1\lib\idea_rt.jar;C:\Program Files\JetBrains\IntelliJ IDEA Community Edition 2022.2.1\plugins\junit\lib\junit5-rt.jar;C:\Program Files\JetBrains\IntelliJ IDEA Community Edition 2022.2.1\plugins\junit\lib\junit-rt.jar;C:\Users\sfjbs\training\java-microservices-Training\Miniproject\Pension-Managment-System\target\test-classes;C:\Users\sfjbs\training\java-microservices-Training\Miniproject\Pension-Managment-System\target\classes;C:\Users\sfjbs\.m2\repository\org\springframework\boot\spring-boot-starter-web\2.7.3\spring-boot-starter-web-2.7.3.jar;C:\Users\sfjbs\.m2\repository\org\springframework\boot\spring-boot-starter\2.7.3\spring-boot-starter-2.7.3.jar;C:\Users\sfjbs\.m2\repository\org\springframework\boot\spring-boot\2.7.3\spring-boot-2.7.3.jar;C:\Users\sfjbs\.m2\repository\org\springframework\boot\spring-boot-autoconfigure\2.7.3\spring-boot-autoconfigure-2.7.3.jar;C:\Users\sfjbs\.m2\repository\org\springframework\boot\spring-boot-starter-logging\2.7.3\spring-boot-starter-logging-2.7.3.jar;C:\Users\sfjbs\.m2\repository\ch\qos\logback\logback-classic\1.2.11\logback-classic-1.2.11.jar;C:\Users\sfjbs\.m2\repository\ch\qos\logback\logback-core\1.2.11\logback-core-1.2.11.jar;C:\Users\sfjbs\.m2\repository\org\apache\logging\log4j\log4j-to-slf4j\2.17.2\log4j-to-slf4j-2.17.2.jar;C:\Users\sfjbs\.m2\repository\org\apache\logging\log4j\log4j-api\2.17.2\log4j-api-2.17.2.jar;C:\Users\sfjbs\.m2\repository\org\slf4j\jul-to-slf4j\1.7.36\jul-to-slf4j-1.7.36.jar;C:\Users\sfjbs\.m2\repository\jakarta\annotation\jakarta.annotation-api\1.3.5\jakarta.annotation-api-1.3.5.jar;C:\Users\sfjbs\.m2\repository\org\yaml\snakeyaml\1.30\snakeyaml-1.30.jar;C:\Users\sfjbs\.m2\repository\org
Launcher Type: SUN_STANDARD

[Global flags]
     intx CICompilerCount                          = 2                                         {product} {ergonomic}
     uint ConcGCThreads                            = 1                                         {product} {ergonomic}
     uint G1ConcRefinementThreads                  = 2                                         {product} {ergonomic}
   size_t G1HeapRegionSize                         = 1048576                                   {product} {ergonomic}
    uintx GCDrainStackTargetSize                   = 64                                        {product} {ergonomic}
   size_t InitialHeapSize                          = 134217728                                 {product} {ergonomic}
   size_t MarkStackSize                            = 4194304                                   {product} {ergonomic}
   size_t MaxHeapSize                              = 2147483648                                {product} {ergonomic}
   size_t MinHeapDeltaBytes                        = 1048576                                   {product} {ergonomic}
    uintx NonNMethodCodeHeapSize                   = 5825164                                {pd product} {ergonomic}
    uintx NonProfiledCodeHeapSize                  = 122916538                              {pd product} {ergonomic}
    uintx ProfiledCodeHeapSize                     = 122916538                              {pd product} {ergonomic}
    uintx ReservedCodeCacheSize                    = 251658240                              {pd product} {ergonomic}
     bool SegmentedCodeCache                       = true                                      {product} {ergonomic}
     bool UseCompressedClassPointers               = true                                 {lp64_product} {ergonomic}
     bool UseCompressedOops                        = true                                 {lp64_product} {ergonomic}
     bool UseG1GC                                  = true                                      {product} {ergonomic}
     bool UseLargePagesIndividualAllocation        = false                                  {pd product} {ergonomic}

Logging:
Log output configuration:
 #0: stdout all=warning uptime,level,tags
 #1: stderr all=off uptime,level,tags

Environment Variables:
PATH=C:\Program Files\Common Files\Oracle\Java\javapath;C:\Windows\system32;C:\Windows;C:\Windows\System32\Wbem;C:\Windows\System32\WindowsPowerShell\v1.0\;C:\Windows\System32\OpenSSH\;C:\Users\sfjbs\Downloads\micro service-20221125T023524Z-001\micro service\apache-maven-3.8.5-bin\apache-maven-3.8.5\bin;C:\Users\sfjbs\Downloads\micro service-20221125T023524Z-001\micro service\apache-maven-3.8.5-bin\apache-maven-3.8.5\lib;C:\Program Files\Git\cmd;C:\Program Files\Docker\Docker\resources\bin;C:\Users\sfjbs\AppData\Local\Microsoft\WindowsApps;C:\Program Files\JetBrains\IntelliJ IDEA Community Edition 2022.2.1\bin;;C:\Users\sfjbs\Downloads\micro service-20221125T023524Z-001\micro service\apache-maven-3.8.5-bin\apache-maven-3.8.5\bin;C:\Users\sfjbs\Downloads\micro service-20221125T023524Z-001\micro service\apache-maven-3.8.5-bin\apache-maven-3.8.5\lib;
USERNAME=sfjbs
OS=Windows_NT
PROCESSOR_IDENTIFIER=Intel64 Family 6 Model 85 Stepping 7, GenuineIntel



---------------  S Y S T E M  ---------------

OS: Windows 10 , 64 bit Build 19041 (10.0.19041.2364)
Hyper-V role detected

CPU:total 2 (initial active 2) (1 cores per cpu, 2 threads per core) family 6 model 85 stepping 7 microcode 0xffffffff, cmov, cx8, fxsr, mmx, sse, sse2, sse3, ssse3, sse4.1, sse4.2, popcnt, avx, avx2, aes, clmul, erms, rtm, 3dnowpref, lzcnt, ht, tsc, bmi1, bmi2, adx, evex, fma

Memory: 4k page, system-wide physical 8190M (961M free)
TotalPageFile size 10238M (AvailPageFile size 128M)
current process WorkingSet (physical memory assigned to process): 10M, peak: 10M
current process commit charge ("private bytes"): 47M, peak: 175M

vm_info: Java HotSpot(TM) 64-Bit Server VM (11.0.16+11-LTS-199) for windows-amd64 JRE (11.0.16+11-LTS-199), built on Jun 28 2022 08:23:17 by "mach5one" with MS VC++ 15.9 (VS2017)

END.
